#
# There is insufficient memory for the Java Runtime Environment to continue.
# Native memory allocation (malloc) failed to allocate 32744 bytes for ChunkPool::allocate
# Possible reasons:
#   The system is out of physical RAM or swap space
#   The process is running with CompressedOops enabled, and the Java Heap may be blocking the growth of the native heap
# Possible solutions:
#   Reduce memory load on the system
#   Increase physical memory or swap space
#   Check if swap backing store is full
#   Decrease Java heap size (-Xmx/-Xms)
#   Decrease number of Java threads
#   Decrease Java thread stack sizes (-Xss)
#   Set larger code cache with -XX:ReservedCodeCacheSize=
#   JVM is running with Unscaled Compressed Oops mode in which the Java heap is
#     placed in the first 4GB address space. The Java Heap base address is the
#     maximum limit for the native heap growth. Please use -XX:HeapBaseMinAddress
#     to set the Java Heap base and to place the Java Heap above 4GB virtual address.
# This output file may be truncated or incomplete.
#
#  Out of Memory Error (./src/hotspot/share/memory/arena.cpp:81), pid=4676, tid=27240
#
# JRE version: OpenJDK Runtime Environment Microsoft-7208460 (11.0.18+10) (build 11.0.18+10-LTS)
# Java VM: OpenJDK 64-Bit Server VM Microsoft-7208460 (11.0.18+10-LTS, mixed mode, tiered, compressed oops, g1 gc, windows-amd64)
# No core dump will be written. Minidumps are not enabled by default on client versions of Windows
#

---------------  S U M M A R Y ------------

Command Line: -XX:MaxMetaspaceSize=512m --add-opens=java.base/java.util=ALL-UNNAMED --add-opens=java.base/java.lang=ALL-UNNAMED --add-opens=java.base/java.lang.invoke=ALL-UNNAMED --add-opens=java.prefs/java.util.prefs=ALL-UNNAMED --add-opens=java.base/java.nio.charset=ALL-UNNAMED --add-opens=java.base/java.net=ALL-UNNAMED --add-opens=java.base/java.util.concurrent.atomic=ALL-UNNAMED -Xmx2048m -Dfile.encoding=windows-1252 -Duser.country=IN -Duser.language=en -Duser.variant org.gradle.launcher.daemon.bootstrap.GradleDaemon 8.0.1

Host: Intel(R) Core(TM) i5-10300H CPU @ 2.50GHz, 8 cores, 7G,  Windows 10 , 64 bit Build 19041 (10.0.19041.3155)
Time: Thu Jul 20 14:10:01 2023 India Standard Time elapsed time: 126.056539 seconds (0d 0h 2m 6s)

---------------  T H R E A D  ---------------

Current thread (0x0000019b66af8000):  JavaThread "C2 CompilerThread0" daemon [_thread_in_native, id=27240, stack(0x0000007260500000,0x0000007260600000)]


Current CompileTask:
C2: 126057 4028       4       javax.management.ObjectName::construct (1135 bytes)

Stack: [0x0000007260500000,0x0000007260600000]
Native frames: (J=compiled Java code, j=interpreted, Vv=VM code, C=native code)
V  [jvm.dll+0x62bf8a]
V  [jvm.dll+0x7b8fb9]
V  [jvm.dll+0x7ba6a8]
V  [jvm.dll+0x7bad83]
V  [jvm.dll+0x250248]
V  [jvm.dll+0xc286b]
V  [jvm.dll+0xc2bcc]
V  [jvm.dll+0x5c8f24]
V  [jvm.dll+0x5cc402]
V  [jvm.dll+0x5c6738]
V  [jvm.dll+0x65a717]
V  [jvm.dll+0x6590b9]
V  [jvm.dll+0x21294e]
V  [jvm.dll+0x20a77c]
V  [jvm.dll+0x2083eb]
V  [jvm.dll+0x18a4b1]
V  [jvm.dll+0x217eec]
V  [jvm.dll+0x21612b]
V  [jvm.dll+0x77bac0]
V  [jvm.dll+0x7749f4]
V  [jvm.dll+0x62adf5]
C  [ucrtbase.dll+0x21bb2]
C  [KERNEL32.DLL+0x17614]
C  [ntdll.dll+0x526b1]


---------------  P R O C E S S  ---------------

Threads class SMR info:
_java_thread_list=0x0000019b69cb50d0, length=35, elements={
0x0000019b479f3000, 0x0000019b66ae5800, 0x0000019b66af0800, 0x0000019b66ae2000,
0x0000019b66af4000, 0x0000019b66af5000, 0x0000019b66af8000, 0x0000019b66af9000,
0x0000019b66afc000, 0x0000019b675ad000, 0x0000019b6771b000, 0x0000019b68c50000,
0x0000019b68e6a800, 0x0000019b6793d000, 0x0000019b677ed000, 0x0000019b68200000,
0x0000019b67a39800, 0x0000019b67a3b800, 0x0000019b68fb7800, 0x0000019b68e7d800,
0x0000019b68e7e000, 0x0000019b68e7c800, 0x0000019b68e80800, 0x0000019b68e7f000,
0x0000019b68e7b800, 0x0000019b68e81800, 0x0000019b68e82000, 0x0000019b68e7f800,
0x0000019b69970800, 0x0000019b69972800, 0x0000019b69973000, 0x0000019b69970000,
0x0000019b69974000, 0x0000019b69976800, 0x0000019b69977000
}

Java Threads: ( => current thread )
  0x0000019b479f3000 JavaThread "main" [_thread_blocked, id=26936, stack(0x000000725f900000,0x000000725fa00000)]
  0x0000019b66ae5800 JavaThread "Reference Handler" daemon [_thread_blocked, id=27156, stack(0x0000007260000000,0x0000007260100000)]
  0x0000019b66af0800 JavaThread "Finalizer" daemon [_thread_blocked, id=27160, stack(0x0000007260100000,0x0000007260200000)]
  0x0000019b66ae2000 JavaThread "Signal Dispatcher" daemon [_thread_blocked, id=27224, stack(0x0000007260200000,0x0000007260300000)]
  0x0000019b66af4000 JavaThread "Attach Listener" daemon [_thread_blocked, id=27232, stack(0x0000007260300000,0x0000007260400000)]
  0x0000019b66af5000 JavaThread "Service Thread" daemon [_thread_blocked, id=27236, stack(0x0000007260400000,0x0000007260500000)]
=>0x0000019b66af8000 JavaThread "C2 CompilerThread0" daemon [_thread_in_native, id=27240, stack(0x0000007260500000,0x0000007260600000)]
  0x0000019b66af9000 JavaThread "C1 CompilerThread0" daemon [_thread_in_vm, id=27248, stack(0x0000007260600000,0x0000007260700000)]
  0x0000019b66afc000 JavaThread "Sweeper thread" daemon [_thread_blocked, id=27256, stack(0x0000007260700000,0x0000007260800000)]
  0x0000019b675ad000 JavaThread "Common-Cleaner" daemon [_thread_blocked, id=27316, stack(0x0000007260800000,0x0000007260900000)]
  0x0000019b6771b000 JavaThread "Daemon health stats" [_thread_blocked, id=29568, stack(0x0000007260c00000,0x0000007260d00000)]
  0x0000019b68c50000 JavaThread "Incoming local TCP Connector on port 64976" [_thread_in_native, id=29744, stack(0x0000007260d00000,0x0000007260e00000)]
  0x0000019b68e6a800 JavaThread "Daemon periodic checks" [_thread_in_native, id=29760, stack(0x0000007260e00000,0x0000007260f00000)]
  0x0000019b6793d000 JavaThread "Daemon" [_thread_blocked, id=30052, stack(0x0000007260f00000,0x0000007261000000)]
  0x0000019b677ed000 JavaThread "Handler for socket connection from /127.0.0.1:64976 to /127.0.0.1:64984" [_thread_in_native, id=30056, stack(0x0000007261000000,0x0000007261100000)]
  0x0000019b68200000 JavaThread "Cancel handler" [_thread_blocked, id=30248, stack(0x0000007261100000,0x0000007261200000)]
  0x0000019b67a39800 JavaThread "Daemon worker" [_thread_in_native, id=30284, stack(0x0000007261200000,0x0000007261300000)]
  0x0000019b67a3b800 JavaThread "Asynchronous log dispatcher for DefaultDaemonConnection: socket connection from /127.0.0.1:64976 to /127.0.0.1:64984" [_thread_blocked, id=30320, stack(0x0000007261300000,0x0000007261400000)]
  0x0000019b68fb7800 JavaThread "Daemon client event forwarder" [_thread_in_vm, id=30384, stack(0x0000007261500000,0x0000007261600000)]
  0x0000019b68e7d800 JavaThread "Cache worker for journal cache (C:\Users\jivte\.gradle\caches\journal-1)" [_thread_blocked, id=30700, stack(0x0000007261b00000,0x0000007261c00000)]
  0x0000019b68e7e000 JavaThread "File lock request listener" [_thread_in_native, id=21976, stack(0x0000007261d00000,0x0000007261e00000)]
  0x0000019b68e7c800 JavaThread "File lock release action executor" [_thread_blocked, id=28312, stack(0x0000007261e00000,0x0000007261f00000)]
  0x0000019b68e80800 JavaThread "Cache worker for file hash cache (C:\Users\jivte\.gradle\caches\8.0.1\fileHashes)" [_thread_blocked, id=24956, stack(0x0000007261f00000,0x0000007262000000)]
  0x0000019b68e7f000 JavaThread "File watcher server" daemon [_thread_in_native, id=10084, stack(0x0000007262000000,0x0000007262100000)]
  0x0000019b68e7b800 JavaThread "File watcher consumer" daemon [_thread_blocked, id=20048, stack(0x0000007262100000,0x0000007262200000)]
  0x0000019b68e81800 JavaThread "Cache worker for checksums cache (C:\Users\jivte\Desktop\AwesomeProject\android\.gradle\8.0.1\checksums)" [_thread_blocked, id=30476, stack(0x0000007262200000,0x0000007262300000)]
  0x0000019b68e82000 JavaThread "Cache worker for cache directory md-rule (C:\Users\jivte\.gradle\caches\8.0.1\md-rule)" [_thread_blocked, id=29764, stack(0x0000007262300000,0x0000007262400000)]
  0x0000019b68e7f800 JavaThread "Cache worker for file content cache (C:\Users\jivte\.gradle\caches\8.0.1\fileContent)" [_thread_blocked, id=9512, stack(0x0000007262400000,0x0000007262500000)]
  0x0000019b69970800 JavaThread "Cache worker for file hash cache (C:\Users\jivte\Desktop\AwesomeProject\android\.gradle\8.0.1\fileHashes)" [_thread_blocked, id=26632, stack(0x0000007262500000,0x0000007262600000)]
  0x0000019b69972800 JavaThread "Cache worker for cache directory md-supplier (C:\Users\jivte\.gradle\caches\8.0.1\md-supplier)" [_thread_blocked, id=13732, stack(0x0000007262600000,0x0000007262700000)]
  0x0000019b69973000 JavaThread "Cache worker for execution history cache (C:\Users\jivte\.gradle\caches\8.0.1\executionHistory)" [_thread_blocked, id=25868, stack(0x0000007262700000,0x0000007262800000)]
  0x0000019b69970000 JavaThread "jar transforms" [_thread_blocked, id=21748, stack(0x000000725f600000,0x000000725f700000)]
  0x0000019b69974000 JavaThread "jar transforms Thread 2" [_thread_blocked, id=4624, stack(0x000000725f700000,0x000000725f800000)]
  0x0000019b69976800 JavaThread "jar transforms Thread 3" [_thread_blocked, id=21008, stack(0x000000725f800000,0x000000725f900000)]
  0x0000019b69977000 JavaThread "jar transforms Thread 4" [_thread_blocked, id=27184, stack(0x0000007262a00000,0x0000007262b00000)]

Other Threads:
  0x0000019b66acf000 VMThread "VM Thread" [stack: 0x000000725ff00000,0x0000007260000000] [id=27144]
  0x0000019b675b3000 WatcherThread [stack: 0x0000007260900000,0x0000007260a00000] [id=27332]
  0x0000019b47a0c800 GCTaskThread "GC Thread#0" [stack: 0x000000725fa00000,0x000000725fb00000] [id=27072]
  0x0000019b6816d800 GCTaskThread "GC Thread#1" [stack: 0x0000007260a00000,0x0000007260b00000] [id=25132]
  0x0000019b6817e800 GCTaskThread "GC Thread#2" [stack: 0x0000007260b00000,0x0000007260c00000] [id=27192]
  0x0000019b675ce800 GCTaskThread "GC Thread#3" [stack: 0x0000007261600000,0x0000007261700000] [id=30532]
  0x0000019b67a54800 GCTaskThread "GC Thread#4" [stack: 0x0000007261700000,0x0000007261800000] [id=30536]
  0x0000019b681d0800 GCTaskThread "GC Thread#5" [stack: 0x0000007261800000,0x0000007261900000] [id=30540]
  0x0000019b683c8800 GCTaskThread "GC Thread#6" [stack: 0x0000007261900000,0x0000007261a00000] [id=30544]
  0x0000019b683c9000 GCTaskThread "GC Thread#7" [stack: 0x0000007261a00000,0x0000007261b00000] [id=30548]
  0x0000019b47a3f000 ConcurrentGCThread "G1 Main Marker" [stack: 0x000000725fb00000,0x000000725fc00000] [id=27080]
  0x0000019b47a40800 ConcurrentGCThread "G1 Conc#0" [stack: 0x000000725fc00000,0x000000725fd00000] [id=27084]
  0x0000019b68889800 ConcurrentGCThread "G1 Conc#1" [stack: 0x0000007261c00000,0x0000007261d00000] [id=30716]
  0x0000019b66940800 ConcurrentGCThread "G1 Refine#0" [stack: 0x000000725fd00000,0x000000725fe00000] [id=27096]
  0x0000019b66941800 ConcurrentGCThread "G1 Young RemSet Sampling" [stack: 0x000000725fe00000,0x000000725ff00000] [id=27100]

Threads with active compile tasks:
C2 CompilerThread0   126100 4028       4       javax.management.ObjectName::construct (1135 bytes)
C1 CompilerThread0   126100 4029       1       java.nio.channels.FileLock::isShared (5 bytes)

VM state:not at safepoint (normal execution)

VM Mutex/Monitor currently owned by a thread: None

Heap address: 0x0000000080000000, size: 2048 MB, Compressed Oops mode: 32-bit
Narrow klass base: 0x0000000000000000, Narrow klass shift: 3
Compressed class space size: 528482304 Address: 0x0000000100000000

Heap:
 garbage-first heap   total 129024K, used 52888K [0x0000000080000000, 0x0000000100000000)
  region size 1024K, 32 young (32768K), 7 survivors (7168K)
 Metaspace       used 41523K, capacity 42619K, committed 42832K, reserved 555008K
  class space    used 5210K, capacity 5625K, committed 5632K, reserved 516096K
Heap Regions: E=young(eden), S=young(survivor), O=old, HS=humongous(starts), HC=humongous(continues), CS=collection set, F=free, A=archive, TAMS=top-at-mark-start (previous, next)
|   0|0x0000000080000000, 0x0000000080100000, 0x0000000080100000|100%|HS|  |TAMS 0x0000000080100000, 0x0000000080000000| Complete 
|   1|0x0000000080100000, 0x0000000080200000, 0x0000000080200000|100%|HC|  |TAMS 0x0000000080200000, 0x0000000080100000| Complete 
|   2|0x0000000080200000, 0x0000000080300000, 0x0000000080300000|100%|HC|  |TAMS 0x0000000080300000, 0x0000000080200000| Complete 
|   3|0x0000000080300000, 0x0000000080400000, 0x0000000080400000|100%|HC|  |TAMS 0x0000000080400000, 0x0000000080300000| Complete 
|   4|0x0000000080400000, 0x0000000080500000, 0x0000000080500000|100%| O|  |TAMS 0x0000000080500000, 0x0000000080400000| Untracked 
|   5|0x0000000080500000, 0x0000000080600000, 0x0000000080600000|100%| O|  |TAMS 0x0000000080600000, 0x0000000080500000| Untracked 
|   6|0x0000000080600000, 0x0000000080700000, 0x0000000080700000|100%| O|  |TAMS 0x0000000080700000, 0x0000000080600000| Untracked 
|   7|0x0000000080700000, 0x0000000080800000, 0x0000000080800000|100%| O|  |TAMS 0x0000000080800000, 0x0000000080700000| Untracked 
|   8|0x0000000080800000, 0x0000000080900000, 0x0000000080900000|100%| O|  |TAMS 0x0000000080900000, 0x0000000080800000| Untracked 
|   9|0x0000000080900000, 0x0000000080a00000, 0x0000000080a00000|100%| O|  |TAMS 0x0000000080a00000, 0x0000000080900000| Untracked 
|  10|0x0000000080a00000, 0x0000000080b00000, 0x0000000080b00000|100%| O|  |TAMS 0x0000000080b00000, 0x0000000080a00000| Untracked 
|  11|0x0000000080b00000, 0x0000000080c00000, 0x0000000080c00000|100%| O|  |TAMS 0x0000000080c00000, 0x0000000080b00000| Untracked 
|  12|0x0000000080c00000, 0x0000000080d00000, 0x0000000080d00000|100%| O|  |TAMS 0x0000000080d00000, 0x0000000080c00000| Untracked 
|  13|0x0000000080d00000, 0x0000000080e00000, 0x0000000080e00000|100%| O|  |TAMS 0x0000000080e00000, 0x0000000080d00000| Untracked 
|  14|0x0000000080e00000, 0x0000000080f00000, 0x0000000080f00000|100%| O|  |TAMS 0x0000000080f00000, 0x0000000080e00000| Untracked 
|  15|0x0000000080f00000, 0x0000000081000000, 0x0000000081000000|100%| O|  |TAMS 0x0000000081000000, 0x0000000080f00000| Untracked 
|  16|0x0000000081000000, 0x0000000081100000, 0x0000000081100000|100%| O|  |TAMS 0x0000000081100000, 0x0000000081000000| Untracked 
|  17|0x0000000081100000, 0x0000000081200000, 0x0000000081200000|100%| O|  |TAMS 0x0000000081165200, 0x0000000081100000| Untracked 
|  18|0x0000000081200000, 0x0000000081200000, 0x0000000081300000|  0%| F|  |TAMS 0x0000000081200000, 0x0000000081200000| Untracked 
|  19|0x0000000081300000, 0x0000000081300000, 0x0000000081400000|  0%| F|  |TAMS 0x0000000081300000, 0x0000000081300000| Untracked 
|  20|0x0000000081400000, 0x0000000081400000, 0x0000000081500000|  0%| F|  |TAMS 0x0000000081400000, 0x0000000081400000| Untracked 
|  21|0x0000000081500000, 0x0000000081600000, 0x0000000081600000|100%| O|  |TAMS 0x0000000081500000, 0x0000000081500000| Untracked 
|  22|0x0000000081600000, 0x0000000081700000, 0x0000000081700000|100%| O|  |TAMS 0x0000000081600000, 0x0000000081600000| Untracked 
|  23|0x0000000081700000, 0x0000000081800000, 0x0000000081800000|100%| O|  |TAMS 0x0000000081700000, 0x0000000081700000| Untracked 
|  24|0x0000000081800000, 0x0000000081830200, 0x0000000081900000| 18%| O|  |TAMS 0x0000000081800000, 0x0000000081800000| Untracked 
|  25|0x0000000081900000, 0x0000000081900000, 0x0000000081a00000|  0%| F|  |TAMS 0x0000000081900000, 0x0000000081900000| Untracked 
|  26|0x0000000081a00000, 0x0000000081a00000, 0x0000000081b00000|  0%| F|  |TAMS 0x0000000081a00000, 0x0000000081a00000| Untracked 
|  27|0x0000000081b00000, 0x0000000081b00000, 0x0000000081c00000|  0%| F|  |TAMS 0x0000000081b00000, 0x0000000081b00000| Untracked 
|  28|0x0000000081c00000, 0x0000000081c00000, 0x0000000081d00000|  0%| F|  |TAMS 0x0000000081c00000, 0x0000000081c00000| Untracked 
|  29|0x0000000081d00000, 0x0000000081d00000, 0x0000000081e00000|  0%| F|  |TAMS 0x0000000081d00000, 0x0000000081d00000| Untracked 
|  30|0x0000000081e00000, 0x0000000081e00000, 0x0000000081f00000|  0%| F|  |TAMS 0x0000000081e00000, 0x0000000081e00000| Untracked 
|  31|0x0000000081f00000, 0x0000000081f00000, 0x0000000082000000|  0%| F|  |TAMS 0x0000000081f00000, 0x0000000081f00000| Untracked 
|  32|0x0000000082000000, 0x0000000082000000, 0x0000000082100000|  0%| F|  |TAMS 0x0000000082000000, 0x0000000082000000| Untracked 
|  33|0x0000000082100000, 0x0000000082100000, 0x0000000082200000|  0%| F|  |TAMS 0x0000000082100000, 0x0000000082100000| Untracked 
|  34|0x0000000082200000, 0x0000000082200000, 0x0000000082300000|  0%| F|  |TAMS 0x0000000082200000, 0x0000000082200000| Untracked 
|  35|0x0000000082300000, 0x0000000082300000, 0x0000000082400000|  0%| F|  |TAMS 0x0000000082300000, 0x0000000082300000| Untracked 
|  36|0x0000000082400000, 0x0000000082400000, 0x0000000082500000|  0%| F|  |TAMS 0x0000000082400000, 0x0000000082400000| Untracked 
|  37|0x0000000082500000, 0x0000000082500000, 0x0000000082600000|  0%| F|  |TAMS 0x0000000082500000, 0x0000000082500000| Untracked 
|  38|0x0000000082600000, 0x0000000082600000, 0x0000000082700000|  0%| F|  |TAMS 0x0000000082600000, 0x0000000082600000| Untracked 
|  39|0x0000000082700000, 0x0000000082700000, 0x0000000082800000|  0%| F|  |TAMS 0x0000000082700000, 0x0000000082700000| Untracked 
|  40|0x0000000082800000, 0x0000000082800000, 0x0000000082900000|  0%| F|  |TAMS 0x0000000082800000, 0x0000000082800000| Untracked 
|  41|0x0000000082900000, 0x0000000082900000, 0x0000000082a00000|  0%| F|  |TAMS 0x0000000082900000, 0x0000000082900000| Untracked 
|  42|0x0000000082a00000, 0x0000000082a00000, 0x0000000082b00000|  0%| F|  |TAMS 0x0000000082a00000, 0x0000000082a00000| Untracked 
|  43|0x0000000082b00000, 0x0000000082b00000, 0x0000000082c00000|  0%| F|  |TAMS 0x0000000082b00000, 0x0000000082b00000| Untracked 
|  44|0x0000000082c00000, 0x0000000082c00000, 0x0000000082d00000|  0%| F|  |TAMS 0x0000000082c00000, 0x0000000082c00000| Untracked 
|  45|0x0000000082d00000, 0x0000000082d00000, 0x0000000082e00000|  0%| F|  |TAMS 0x0000000082d00000, 0x0000000082d00000| Untracked 
|  46|0x0000000082e00000, 0x0000000082e00000, 0x0000000082f00000|  0%| F|  |TAMS 0x0000000082e00000, 0x0000000082e00000| Untracked 
|  47|0x0000000082f00000, 0x0000000082f00000, 0x0000000083000000|  0%| F|  |TAMS 0x0000000082f00000, 0x0000000082f00000| Untracked 
|  48|0x0000000083000000, 0x0000000083000000, 0x0000000083100000|  0%| F|  |TAMS 0x0000000083000000, 0x0000000083000000| Untracked 
|  49|0x0000000083100000, 0x0000000083100000, 0x0000000083200000|  0%| F|  |TAMS 0x0000000083100000, 0x0000000083100000| Untracked 
|  50|0x0000000083200000, 0x0000000083200000, 0x0000000083300000|  0%| F|  |TAMS 0x0000000083200000, 0x0000000083200000| Untracked 
|  51|0x0000000083300000, 0x0000000083300000, 0x0000000083400000|  0%| F|  |TAMS 0x0000000083300000, 0x0000000083300000| Untracked 
|  52|0x0000000083400000, 0x0000000083400000, 0x0000000083500000|  0%| F|  |TAMS 0x0000000083400000, 0x0000000083400000| Untracked 
|  53|0x0000000083500000, 0x0000000083500000, 0x0000000083600000|  0%| F|  |TAMS 0x0000000083500000, 0x0000000083500000| Untracked 
|  54|0x0000000083600000, 0x0000000083600000, 0x0000000083700000|  0%| F|  |TAMS 0x0000000083600000, 0x0000000083600000| Untracked 
|  55|0x0000000083700000, 0x0000000083700000, 0x0000000083800000|  0%| F|  |TAMS 0x0000000083700000, 0x0000000083700000| Untracked 
|  56|0x0000000083800000, 0x0000000083800000, 0x0000000083900000|  0%| F|  |TAMS 0x0000000083800000, 0x0000000083800000| Untracked 
|  57|0x0000000083900000, 0x0000000083900000, 0x0000000083a00000|  0%| F|  |TAMS 0x0000000083900000, 0x0000000083900000| Untracked 
|  58|0x0000000083a00000, 0x0000000083a00000, 0x0000000083b00000|  0%| F|  |TAMS 0x0000000083a00000, 0x0000000083a00000| Untracked 
|  59|0x0000000083b00000, 0x0000000083b00000, 0x0000000083c00000|  0%| F|  |TAMS 0x0000000083b00000, 0x0000000083b00000| Untracked 
|  60|0x0000000083c00000, 0x0000000083c00000, 0x0000000083d00000|  0%| F|  |TAMS 0x0000000083c00000, 0x0000000083c00000| Untracked 
|  61|0x0000000083d00000, 0x0000000083d00000, 0x0000000083e00000|  0%| F|  |TAMS 0x0000000083d00000, 0x0000000083d00000| Untracked 
|  62|0x0000000083e00000, 0x0000000083e00000, 0x0000000083f00000|  0%| F|  |TAMS 0x0000000083e00000, 0x0000000083e00000| Untracked 
|  63|0x0000000083f00000, 0x0000000083f75f80, 0x0000000084000000| 46%| S|CS|TAMS 0x0000000083f00000, 0x0000000083f00000| Complete 
|  64|0x0000000084000000, 0x0000000084100000, 0x0000000084100000|100%| S|CS|TAMS 0x0000000084000000, 0x0000000084000000| Complete 
|  65|0x0000000084100000, 0x0000000084200000, 0x0000000084200000|100%| S|CS|TAMS 0x0000000084100000, 0x0000000084100000| Complete 
|  66|0x0000000084200000, 0x0000000084300000, 0x0000000084300000|100%| S|CS|TAMS 0x0000000084200000, 0x0000000084200000| Complete 
|  67|0x0000000084300000, 0x0000000084400000, 0x0000000084400000|100%| S|CS|TAMS 0x0000000084300000, 0x0000000084300000| Complete 
|  68|0x0000000084400000, 0x0000000084500000, 0x0000000084500000|100%| S|CS|TAMS 0x0000000084400000, 0x0000000084400000| Complete 
|  69|0x0000000084500000, 0x0000000084600000, 0x0000000084600000|100%| S|CS|TAMS 0x0000000084500000, 0x0000000084500000| Complete 
|  70|0x0000000084600000, 0x0000000084600000, 0x0000000084700000|  0%| F|  |TAMS 0x0000000084600000, 0x0000000084600000| Untracked 
|  71|0x0000000084700000, 0x0000000084700000, 0x0000000084800000|  0%| F|  |TAMS 0x0000000084700000, 0x0000000084700000| Untracked 
|  72|0x0000000084800000, 0x0000000084800000, 0x0000000084900000|  0%| F|  |TAMS 0x0000000084800000, 0x0000000084800000| Untracked 
|  73|0x0000000084900000, 0x0000000084900000, 0x0000000084a00000|  0%| F|  |TAMS 0x0000000084900000, 0x0000000084900000| Untracked 
|  74|0x0000000084a00000, 0x0000000084a00000, 0x0000000084b00000|  0%| F|  |TAMS 0x0000000084a00000, 0x0000000084a00000| Untracked 
|  75|0x0000000084b00000, 0x0000000084b00000, 0x0000000084c00000|  0%| F|  |TAMS 0x0000000084b00000, 0x0000000084b00000| Untracked 
|  76|0x0000000084c00000, 0x0000000084c00000, 0x0000000084d00000|  0%| F|  |TAMS 0x0000000084c00000, 0x0000000084c00000| Untracked 
|  77|0x0000000084d00000, 0x0000000084d00000, 0x0000000084e00000|  0%| F|  |TAMS 0x0000000084d00000, 0x0000000084d00000| Untracked 
|  78|0x0000000084e00000, 0x0000000084e00000, 0x0000000084f00000|  0%| F|  |TAMS 0x0000000084e00000, 0x0000000084e00000| Untracked 
|  79|0x0000000084f00000, 0x0000000084f00000, 0x0000000085000000|  0%| F|  |TAMS 0x0000000084f00000, 0x0000000084f00000| Untracked 
|  80|0x0000000085000000, 0x0000000085000000, 0x0000000085100000|  0%| F|  |TAMS 0x0000000085000000, 0x0000000085000000| Untracked 
|  81|0x0000000085100000, 0x0000000085100000, 0x0000000085200000|  0%| F|  |TAMS 0x0000000085100000, 0x0000000085100000| Untracked 
|  82|0x0000000085200000, 0x0000000085200000, 0x0000000085300000|  0%| F|  |TAMS 0x0000000085200000, 0x0000000085200000| Untracked 
|  83|0x0000000085300000, 0x0000000085300000, 0x0000000085400000|  0%| F|  |TAMS 0x0000000085300000, 0x0000000085300000| Untracked 
|  84|0x0000000085400000, 0x0000000085400000, 0x0000000085500000|  0%| F|  |TAMS 0x0000000085400000, 0x0000000085400000| Untracked 
|  85|0x0000000085500000, 0x0000000085500000, 0x0000000085600000|  0%| F|  |TAMS 0x0000000085500000, 0x0000000085500000| Untracked 
|  86|0x0000000085600000, 0x0000000085600000, 0x0000000085700000|  0%| F|  |TAMS 0x0000000085600000, 0x0000000085600000| Untracked 
|  87|0x0000000085700000, 0x0000000085700000, 0x0000000085800000|  0%| F|  |TAMS 0x0000000085700000, 0x0000000085700000| Untracked 
|  88|0x0000000085800000, 0x0000000085800000, 0x0000000085900000|  0%| F|  |TAMS 0x0000000085800000, 0x0000000085800000| Untracked 
|  89|0x0000000085900000, 0x0000000085900000, 0x0000000085a00000|  0%| F|  |TAMS 0x0000000085900000, 0x0000000085900000| Untracked 
|  90|0x0000000085a00000, 0x0000000085a00000, 0x0000000085b00000|  0%| F|  |TAMS 0x0000000085a00000, 0x0000000085a00000| Untracked 
|  91|0x0000000085b00000, 0x0000000085b00000, 0x0000000085c00000|  0%| F|  |TAMS 0x0000000085b00000, 0x0000000085b00000| Untracked 
|  92|0x0000000085c00000, 0x0000000085c00000, 0x0000000085d00000|  0%| F|  |TAMS 0x0000000085c00000, 0x0000000085c00000| Untracked 
|  93|0x0000000085d00000, 0x0000000085d00000, 0x0000000085e00000|  0%| F|  |TAMS 0x0000000085d00000, 0x0000000085d00000| Untracked 
|  94|0x0000000085e00000, 0x0000000085e00000, 0x0000000085f00000|  0%| F|  |TAMS 0x0000000085e00000, 0x0000000085e00000| Untracked 
|  95|0x0000000085f00000, 0x0000000085f00000, 0x0000000086000000|  0%| F|  |TAMS 0x0000000085f00000, 0x0000000085f00000| Untracked 
|  96|0x0000000086000000, 0x0000000086000000, 0x0000000086100000|  0%| F|  |TAMS 0x0000000086000000, 0x0000000086000000| Untracked 
|  97|0x0000000086100000, 0x0000000086100000, 0x0000000086200000|  0%| F|  |TAMS 0x0000000086100000, 0x0000000086100000| Untracked 
|  98|0x0000000086200000, 0x0000000086200000, 0x0000000086300000|  0%| F|  |TAMS 0x0000000086200000, 0x0000000086200000| Untracked 
|  99|0x0000000086300000, 0x0000000086300000, 0x0000000086400000|  0%| F|  |TAMS 0x0000000086300000, 0x0000000086300000| Untracked 
| 100|0x0000000086400000, 0x0000000086400000, 0x0000000086500000|  0%| F|  |TAMS 0x0000000086400000, 0x0000000086400000| Untracked 
| 101|0x0000000086500000, 0x000000008658aa30, 0x0000000086600000| 54%| E|  |TAMS 0x0000000086500000, 0x0000000086500000| Complete 
| 102|0x0000000086600000, 0x0000000086700000, 0x0000000086700000|100%| E|CS|TAMS 0x0000000086600000, 0x0000000086600000| Complete 
| 103|0x0000000086700000, 0x0000000086800000, 0x0000000086800000|100%| E|CS|TAMS 0x0000000086700000, 0x0000000086700000| Complete 
| 104|0x0000000086800000, 0x0000000086900000, 0x0000000086900000|100%| E|CS|TAMS 0x0000000086800000, 0x0000000086800000| Complete 
| 105|0x0000000086900000, 0x0000000086a00000, 0x0000000086a00000|100%| E|CS|TAMS 0x0000000086900000, 0x0000000086900000| Complete 
| 106|0x0000000086a00000, 0x0000000086b00000, 0x0000000086b00000|100%| E|CS|TAMS 0x0000000086a00000, 0x0000000086a00000| Complete 
| 107|0x0000000086b00000, 0x0000000086c00000, 0x0000000086c00000|100%| E|CS|TAMS 0x0000000086b00000, 0x0000000086b00000| Complete 
| 108|0x0000000086c00000, 0x0000000086d00000, 0x0000000086d00000|100%| E|CS|TAMS 0x0000000086c00000, 0x0000000086c00000| Complete 
| 109|0x0000000086d00000, 0x0000000086e00000, 0x0000000086e00000|100%| E|CS|TAMS 0x0000000086d00000, 0x0000000086d00000| Complete 
| 110|0x0000000086e00000, 0x0000000086f00000, 0x0000000086f00000|100%| E|CS|TAMS 0x0000000086e00000, 0x0000000086e00000| Complete 
| 111|0x0000000086f00000, 0x0000000087000000, 0x0000000087000000|100%| E|CS|TAMS 0x0000000086f00000, 0x0000000086f00000| Complete 
| 112|0x0000000087000000, 0x0000000087100000, 0x0000000087100000|100%| E|CS|TAMS 0x0000000087000000, 0x0000000087000000| Complete 
| 113|0x0000000087100000, 0x0000000087200000, 0x0000000087200000|100%| E|CS|TAMS 0x0000000087100000, 0x0000000087100000| Complete 
| 114|0x0000000087200000, 0x0000000087300000, 0x0000000087300000|100%| E|CS|TAMS 0x0000000087200000, 0x0000000087200000| Complete 
| 115|0x0000000087300000, 0x0000000087400000, 0x0000000087400000|100%| E|CS|TAMS 0x0000000087300000, 0x0000000087300000| Complete 
| 116|0x0000000087400000, 0x0000000087500000, 0x0000000087500000|100%| E|CS|TAMS 0x0000000087400000, 0x0000000087400000| Complete 
| 117|0x0000000087500000, 0x0000000087600000, 0x0000000087600000|100%| E|CS|TAMS 0x0000000087500000, 0x0000000087500000| Complete 
| 118|0x0000000087600000, 0x0000000087700000, 0x0000000087700000|100%| E|CS|TAMS 0x0000000087600000, 0x0000000087600000| Complete 
| 119|0x0000000087700000, 0x0000000087800000, 0x0000000087800000|100%| E|CS|TAMS 0x0000000087700000, 0x0000000087700000| Complete 
| 120|0x0000000087800000, 0x0000000087900000, 0x0000000087900000|100%| E|CS|TAMS 0x0000000087800000, 0x0000000087800000| Complete 
| 121|0x0000000087900000, 0x0000000087a00000, 0x0000000087a00000|100%| E|CS|TAMS 0x0000000087900000, 0x0000000087900000| Complete 
| 122|0x0000000087a00000, 0x0000000087b00000, 0x0000000087b00000|100%| E|CS|TAMS 0x0000000087a00000, 0x0000000087a00000| Complete 
| 123|0x0000000087b00000, 0x0000000087c00000, 0x0000000087c00000|100%| E|CS|TAMS 0x0000000087b00000, 0x0000000087b00000| Complete 
| 124|0x0000000087c00000, 0x0000000087d00000, 0x0000000087d00000|100%| E|CS|TAMS 0x0000000087c00000, 0x0000000087c00000| Complete 
| 125|0x0000000087d00000, 0x0000000087e00000, 0x0000000087e00000|100%| E|CS|TAMS 0x0000000087d00000, 0x0000000087d00000| Complete 

Card table byte_map: [0x0000019b5f8a0000,0x0000019b5fca0000] _byte_map_base: 0x0000019b5f4a0000

Marking Bits (Prev, Next): (CMBitMap*) 0x0000019b47a364f8, (CMBitMap*) 0x0000019b47a36530
 Prev Bits: [0x0000019b600a0000, 0x0000019b620a0000)
 Next Bits: [0x0000019b620a0000, 0x0000019b640a0000)

Polling page: 0x0000019b458e0000

Metaspace:

Usage:
  Non-class:     36.13 MB capacity,    35.46 MB ( 98%) used,   573.12 KB (  2%) free+waste,   107.69 KB ( <1%) overhead. 
      Class:      5.49 MB capacity,     5.09 MB ( 93%) used,   362.70 KB (  6%) free+waste,    52.25 KB ( <1%) overhead. 
       Both:     41.62 MB capacity,    40.55 MB ( 97%) used,   935.82 KB (  2%) free+waste,   159.94 KB ( <1%) overhead. 

Virtual space:
  Non-class space:       38.00 MB reserved,      36.33 MB ( 96%) committed 
      Class space:      504.00 MB reserved,       5.50 MB (  1%) committed 
             Both:      542.00 MB reserved,      41.83 MB (  8%) committed 

Chunk freelists:
   Non-Class:  14.00 KB
       Class:  7.00 KB
        Both:  21.00 KB

MaxMetaspaceSize: 512.00 MB
CompressedClassSpaceSize: 504.00 MB
Initial GC threshold: 20.80 MB
Current GC threshold: 58.88 MB
CDS: off

CodeHeap 'non-profiled nmethods': size=120000Kb used=2056Kb max_used=2056Kb free=117943Kb
 bounds [0x0000019b57c40000, 0x0000019b57eb0000, 0x0000019b5f170000]
CodeHeap 'profiled nmethods': size=120000Kb used=8525Kb max_used=8525Kb free=111475Kb
 bounds [0x0000019b50710000, 0x0000019b50f70000, 0x0000019b57c40000]
CodeHeap 'non-nmethods': size=5760Kb used=2275Kb max_used=2316Kb free=3484Kb
 bounds [0x0000019b50170000, 0x0000019b503e0000, 0x0000019b50710000]
 total_blobs=4770 nmethods=4001 adapters=681
 compilation: enabled
              stopped_count=0, restarted_count=0
 full_count=0

Compilation events (20 events):
Event: 107.541 Thread 0x0000019b66af9000 nmethod 4018 0x0000019b57e41890 code [0x0000019b57e41a40, 0x0000019b57e41ad8]
Event: 107.541 Thread 0x0000019b66af9000 4019       3       java.util.HashMap$Values::spliterator (16 bytes)
Event: 107.542 Thread 0x0000019b66af9000 nmethod 4019 0x0000019b50f60110 code [0x0000019b50f602e0, 0x0000019b50f60508]
Event: 107.542 Thread 0x0000019b66af9000 4020       3       java.util.HashMap$ValueSpliterator::<init> (12 bytes)
Event: 107.542 Thread 0x0000019b66af9000 nmethod 4020 0x0000019b50f60610 code [0x0000019b50f607c0, 0x0000019b50f609d8]
Event: 108.557 Thread 0x0000019b66af9000 4021       3       java.util.concurrent.locks.AbstractQueuedSynchronizer$ConditionObject::signal (33 bytes)
Event: 108.557 Thread 0x0000019b66af9000 nmethod 4021 0x0000019b50f60b10 code [0x0000019b50f60d00, 0x0000019b50f61028]
Event: 111.491 Thread 0x0000019b66af9000 4022       3       org.gradle.internal.time.MonotonicClock::getCurrentTime (70 bytes)
Event: 111.508 Thread 0x0000019b66af9000 nmethod 4022 0x0000019b50f61190 code [0x0000019b50f613e0, 0x0000019b50f61c58]
Event: 111.508 Thread 0x0000019b66af9000 4023       3       org.gradle.internal.time.MonotonicClock::syncIsDue (28 bytes)
Event: 111.508 Thread 0x0000019b66af9000 nmethod 4023 0x0000019b50f62090 code [0x0000019b50f62240, 0x0000019b50f62478]
Event: 116.277 Thread 0x0000019b66af9000 4024       3       org.gradle.launcher.daemon.context.DefaultDaemonContext::<init> (44 bytes)
Event: 116.302 Thread 0x0000019b66af9000 nmethod 4024 0x0000019b50f62590 code [0x0000019b50f62760, 0x0000019b50f62b58]
Event: 116.508 Thread 0x0000019b66af9000 4025       3       java.lang.ThreadLocal$ThreadLocalMap::cleanSomeSlots (60 bytes)
Event: 116.513 Thread 0x0000019b66af9000 nmethod 4025 0x0000019b50f62c90 code [0x0000019b50f62e60, 0x0000019b50f63288]
Event: 118.569 Thread 0x0000019b66af8000 4026       4       java.util.stream.AbstractPipeline::sequential (10 bytes)
Event: 118.572 Thread 0x0000019b66af8000 nmethod 4026 0x0000019b57e41b90 code [0x0000019b57e41d20, 0x0000019b57e41d98]
Event: 124.508 Thread 0x0000019b66af8000 4027       4       java.util.Collections$UnmodifiableCollection::contains (11 bytes)
Event: 124.510 Thread 0x0000019b66af8000 nmethod 4027 0x0000019b57e41e90 code [0x0000019b57e42020, 0x0000019b57e420b8]
Event: 125.637 Thread 0x0000019b66af8000 4028       4       javax.management.ObjectName::construct (1135 bytes)

GC Heap History (14 events):
Event: 7.730 GC heap before
{Heap before GC invocations=0 (full 0):
 garbage-first heap   total 129024K, used 27648K [0x0000000080000000, 0x0000000100000000)
  region size 1024K, 24 young (24576K), 0 survivors (0K)
 Metaspace       used 10100K, capacity 10330K, committed 10624K, reserved 526336K
  class space    used 1029K, capacity 1107K, committed 1152K, reserved 516096K
}
Event: 7.972 GC heap after
{Heap after GC invocations=1 (full 0):
 garbage-first heap   total 129024K, used 10575K [0x0000000080000000, 0x0000000100000000)
  region size 1024K, 3 young (3072K), 3 survivors (3072K)
 Metaspace       used 10100K, capacity 10330K, committed 10624K, reserved 526336K
  class space    used 1029K, capacity 1107K, committed 1152K, reserved 516096K
}
Event: 41.740 GC heap before
{Heap before GC invocations=1 (full 0):
 garbage-first heap   total 129024K, used 84303K [0x0000000080000000, 0x0000000100000000)
  region size 1024K, 75 young (76800K), 3 survivors (3072K)
 Metaspace       used 18499K, capacity 18884K, committed 18944K, reserved 534528K
  class space    used 2133K, capacity 2278K, committed 2304K, reserved 516096K
}
Event: 42.057 GC heap after
{Heap after GC invocations=2 (full 0):
 garbage-first heap   total 129024K, used 17926K [0x0000000080000000, 0x0000000100000000)
  region size 1024K, 10 young (10240K), 10 survivors (10240K)
 Metaspace       used 18499K, capacity 18884K, committed 18944K, reserved 534528K
  class space    used 2133K, capacity 2278K, committed 2304K, reserved 516096K
}
Event: 43.565 GC heap before
{Heap before GC invocations=2 (full 0):
 garbage-first heap   total 129024K, used 35334K [0x0000000080000000, 0x0000000100000000)
  region size 1024K, 28 young (28672K), 10 survivors (10240K)
 Metaspace       used 20768K, capacity 21160K, committed 21296K, reserved 536576K
  class space    used 2476K, capacity 2620K, committed 2688K, reserved 516096K
}
Event: 43.639 GC heap after
{Heap after GC invocations=3 (full 0):
 garbage-first heap   total 129024K, used 18657K [0x0000000080000000, 0x0000000100000000)
  region size 1024K, 1 young (1024K), 1 survivors (1024K)
 Metaspace       used 20768K, capacity 21160K, committed 21296K, reserved 536576K
  class space    used 2476K, capacity 2620K, committed 2688K, reserved 516096K
}
Event: 47.462 GC heap before
{Heap before GC invocations=4 (full 0):
 garbage-first heap   total 129024K, used 63713K [0x0000000080000000, 0x0000000100000000)
  region size 1024K, 45 young (46080K), 1 survivors (1024K)
 Metaspace       used 24752K, capacity 25296K, committed 25520K, reserved 538624K
  class space    used 3117K, capacity 3319K, committed 3328K, reserved 516096K
}
Event: 47.467 GC heap after
{Heap after GC invocations=5 (full 0):
 garbage-first heap   total 129024K, used 20204K [0x0000000080000000, 0x0000000100000000)
  region size 1024K, 3 young (3072K), 3 survivors (3072K)
 Metaspace       used 24752K, capacity 25296K, committed 25520K, reserved 538624K
  class space    used 3117K, capacity 3319K, committed 3328K, reserved 516096K
}
Event: 52.699 GC heap before
{Heap before GC invocations=5 (full 0):
 garbage-first heap   total 129024K, used 70380K [0x0000000080000000, 0x0000000100000000)
  region size 1024K, 52 young (53248K), 3 survivors (3072K)
 Metaspace       used 29624K, capacity 30339K, committed 30512K, reserved 542720K
  class space    used 3869K, capacity 4177K, committed 4224K, reserved 516096K
}
Event: 52.705 GC heap after
{Heap after GC invocations=6 (full 0):
 garbage-first heap   total 129024K, used 21839K [0x0000000080000000, 0x0000000100000000)
  region size 1024K, 4 young (4096K), 4 survivors (4096K)
 Metaspace       used 29624K, capacity 30339K, committed 30512K, reserved 542720K
  class space    used 3869K, capacity 4177K, committed 4224K, reserved 516096K
}
Event: 55.410 GC heap before
{Heap before GC invocations=6 (full 0):
 garbage-first heap   total 129024K, used 53583K [0x0000000080000000, 0x0000000100000000)
  region size 1024K, 36 young (36864K), 4 survivors (4096K)
 Metaspace       used 34945K, capacity 35821K, committed 35920K, reserved 548864K
  class space    used 4456K, capacity 4813K, committed 4864K, reserved 516096K
}
Event: 55.451 GC heap after
{Heap after GC invocations=7 (full 0):
 garbage-first heap   total 129024K, used 24196K [0x0000000080000000, 0x0000000100000000)
  region size 1024K, 7 young (7168K), 7 survivors (7168K)
 Metaspace       used 34945K, capacity 35821K, committed 35920K, reserved 548864K
  class space    used 4456K, capacity 4813K, committed 4864K, reserved 516096K
}
Event: 70.395 GC heap before
{Heap before GC invocations=8 (full 0):
 garbage-first heap   total 129024K, used 76420K [0x0000000080000000, 0x0000000100000000)
  region size 1024K, 56 young (57344K), 7 survivors (7168K)
 Metaspace       used 40763K, capacity 41817K, committed 42064K, reserved 552960K
  class space    used 5104K, capacity 5527K, committed 5632K, reserved 516096K
}
Event: 70.485 GC heap after
{Heap after GC invocations=9 (full 0):
 garbage-first heap   total 129024K, used 28312K [0x0000000080000000, 0x0000000100000000)
  region size 1024K, 7 young (7168K), 7 survivors (7168K)
 Metaspace       used 40763K, capacity 41817K, committed 42064K, reserved 552960K
  class space    used 5104K, capacity 5527K, committed 5632K, reserved 516096K
}

Deoptimization events (20 events):
Event: 80.686 Thread 0x0000019b67a39800 DEOPT PACKING pc=0x0000019b57dfb3d4 sp=0x00000072612f5ca0
Event: 80.686 Thread 0x0000019b67a39800 DEOPT UNPACKING pc=0x0000019b501ba1af sp=0x00000072612f5c10 mode 2
Event: 80.905 Thread 0x0000019b67a39800 Uncommon trap: trap_request=0xffffff4d fr.pc=0x0000019b57d1f9b0 relative=0x0000000000001370
Event: 80.905 Thread 0x0000019b67a39800 Uncommon trap: reason=unstable_if action=reinterpret pc=0x0000019b57d1f9b0 method=java.util.concurrent.ConcurrentHashMap.putVal(Ljava/lang/Object;Ljava/lang/Object;Z)Ljava/lang/Object; @ 231 c2
Event: 80.905 Thread 0x0000019b67a39800 DEOPT PACKING pc=0x0000019b57d1f9b0 sp=0x00000072612f6c00
Event: 80.905 Thread 0x0000019b67a39800 DEOPT UNPACKING pc=0x0000019b501ba1af sp=0x00000072612f6b80 mode 2
Event: 81.611 Thread 0x0000019b67a39800 DEOPT PACKING pc=0x0000019b50d7a4f9 sp=0x00000072612f3e90
Event: 81.611 Thread 0x0000019b67a39800 DEOPT UNPACKING pc=0x0000019b501ba95e sp=0x00000072612f33d8 mode 0
Event: 105.755 Thread 0x0000019b67a39800 Uncommon trap: trap_request=0xffffff4d fr.pc=0x0000019b57df7f14 relative=0x0000000000000694
Event: 105.756 Thread 0x0000019b67a39800 Uncommon trap: reason=unstable_if action=reinterpret pc=0x0000019b57df7f14 method=java.io.BufferedInputStream.read([BII)I @ 56 c2
Event: 105.756 Thread 0x0000019b67a39800 DEOPT PACKING pc=0x0000019b57df7f14 sp=0x00000072612f7da0
Event: 105.756 Thread 0x0000019b67a39800 DEOPT UNPACKING pc=0x0000019b501ba1af sp=0x00000072612f7d78 mode 2
Event: 105.810 Thread 0x0000019b67a39800 Uncommon trap: trap_request=0xffffffde fr.pc=0x0000019b57dd74e0 relative=0x0000000000000440
Event: 105.810 Thread 0x0000019b67a39800 Uncommon trap: reason=class_check action=maybe_recompile pc=0x0000019b57dd74e0 method=java.util.regex.Pattern$Start.match(Ljava/util/regex/Matcher;ILjava/lang/CharSequence;)Z @ 44 c2
Event: 105.810 Thread 0x0000019b67a39800 DEOPT PACKING pc=0x0000019b57dd74e0 sp=0x00000072612f5c50
Event: 105.810 Thread 0x0000019b67a39800 DEOPT UNPACKING pc=0x0000019b501ba1af sp=0x00000072612f5b18 mode 2
Event: 105.811 Thread 0x0000019b67a39800 Uncommon trap: trap_request=0xffffffde fr.pc=0x0000019b57dc6a28 relative=0x0000000000000428
Event: 105.811 Thread 0x0000019b67a39800 Uncommon trap: reason=class_check action=maybe_recompile pc=0x0000019b57dc6a28 method=java.util.regex.Pattern$Start.match(Ljava/util/regex/Matcher;ILjava/lang/CharSequence;)Z @ 44 c2
Event: 105.812 Thread 0x0000019b67a39800 DEOPT PACKING pc=0x0000019b57dc6a28 sp=0x00000072612f5be0
Event: 105.812 Thread 0x0000019b67a39800 DEOPT UNPACKING pc=0x0000019b501ba1af sp=0x00000072612f5b20 mode 2

Classes redefined (0 events):
No events

Internal exceptions (20 events):
Event: 81.578 Thread 0x0000019b67a39800 Exception <a 'java/lang/NoSuchMethodError'{0x0000000086cca7d8}: 'java.lang.Object java.lang.invoke.DirectMethodHandle$Holder.invokeStatic(java.lang.Object, long)'> (0x0000000086cca7d8) thrown at [./src/hotspot/share/interpreter/linkResolver.cpp, line 773]
Event: 81.578 Thread 0x0000019b67a39800 Exception <a 'java/lang/NoSuchMethodError'{0x0000000086cceaf0}: 'java.lang.Object java.lang.invoke.DirectMethodHandle$Holder.invokeSpecial(java.lang.Object, java.lang.Object, long)'> (0x0000000086cceaf0) thrown at [./src/hotspot/share/interpreter/linkResolver.cpp, line 773]
Event: 81.611 Thread 0x0000019b67a39800 Exception <a 'java/lang/NoSuchMethodError'{0x0000000086cd7618}: 'java.lang.Object java.lang.invoke.DirectMethodHandle$Holder.invokeStatic(java.lang.Object, java.lang.Object, long, java.lang.Object)'> (0x0000000086cd7618) thrown at [./src/hotspot/share/interpreter/linkResolver.cpp, line 773]
Event: 81.612 Thread 0x0000019b67a39800 Exception <a 'java/lang/NoSuchMethodError'{0x0000000086cdb6f0}: 'java.lang.Object java.lang.invoke.DirectMethodHandle$Holder.invokeStaticInit(java.lang.Object, java.lang.Object, long, java.lang.Object)'> (0x0000000086cdb6f0) thrown at [./src/hotspot/share/interpreter/linkResolver.cpp, line 773]
Event: 81.644 Thread 0x0000019b67a39800 Exception <a 'java/lang/ClassNotFoundException'{0x0000000086b01220}: java/lang/ProcessImplBeanInfo> (0x0000000086b01220) thrown at [./src/hotspot/share/classfile/systemDictionary.cpp, line 230]
Event: 81.645 Thread 0x0000019b67a39800 Exception <a 'java/lang/ClassNotFoundException'{0x0000000086b06c10}: java/lang/ProcessBeanInfo> (0x0000000086b06c10) thrown at [./src/hotspot/share/classfile/systemDictionary.cpp, line 230]
Event: 81.645 Thread 0x0000019b67a39800 Exception <a 'java/lang/ClassNotFoundException'{0x0000000086b0c5c8}: java/lang/ProcessCustomizer> (0x0000000086b0c5c8) thrown at [./src/hotspot/share/classfile/systemDictionary.cpp, line 230]
Event: 81.647 Thread 0x0000019b67a39800 Exception <a 'java/lang/ClassNotFoundException'{0x0000000086b1cc10}: java/lang/ProcessImplCustomizer> (0x0000000086b1cc10) thrown at [./src/hotspot/share/classfile/systemDictionary.cpp, line 230]
Event: 81.687 Thread 0x0000019b67a39800 Exception <a 'java/lang/ClassNotFoundException'{0x0000000086b6eb98}: java/io/InputStreamReaderBeanInfo> (0x0000000086b6eb98) thrown at [./src/hotspot/share/classfile/systemDictionary.cpp, line 230]
Event: 81.687 Thread 0x0000019b67a39800 Exception <a 'java/lang/ClassNotFoundException'{0x0000000086b74500}: java/io/ReaderBeanInfo> (0x0000000086b74500) thrown at [./src/hotspot/share/classfile/systemDictionary.cpp, line 230]
Event: 81.689 Thread 0x0000019b67a39800 Exception <a 'java/lang/ClassNotFoundException'{0x0000000086b79e80}: java/io/ReaderCustomizer> (0x0000000086b79e80) thrown at [./src/hotspot/share/classfile/systemDictionary.cpp, line 230]
Event: 81.690 Thread 0x0000019b67a39800 Exception <a 'java/lang/ClassNotFoundException'{0x0000000086b84ea0}: java/io/InputStreamReaderCustomizer> (0x0000000086b84ea0) thrown at [./src/hotspot/share/classfile/systemDictionary.cpp, line 230]
Event: 81.694 Thread 0x0000019b67a39800 Exception <a 'java/lang/ClassNotFoundException'{0x0000000086ba8f28}: java/io/BufferedReaderBeanInfo> (0x0000000086ba8f28) thrown at [./src/hotspot/share/classfile/systemDictionary.cpp, line 230]
Event: 81.694 Thread 0x0000019b67a39800 Exception <a 'java/lang/ClassNotFoundException'{0x0000000086bae8e8}: java/io/BufferedReaderCustomizer> (0x0000000086bae8e8) thrown at [./src/hotspot/share/classfile/systemDictionary.cpp, line 230]
Event: 81.722 Thread 0x0000019b67a39800 Exception <a 'java/lang/ClassNotFoundException'{0x0000000086ae5c50}: java/lang/StringBufferBeanInfo> (0x0000000086ae5c50) thrown at [./src/hotspot/share/classfile/systemDictionary.cpp, line 230]
Event: 81.723 Thread 0x0000019b67a39800 Exception <a 'java/lang/ClassNotFoundException'{0x0000000086aeb688}: java/lang/AbstractStringBuilderBeanInfo> (0x0000000086aeb688) thrown at [./src/hotspot/share/classfile/systemDictionary.cpp, line 230]
Event: 81.723 Thread 0x0000019b67a39800 Exception <a 'java/lang/ClassNotFoundException'{0x0000000086af11f8}: java/lang/AbstractStringBuilderCustomizer> (0x0000000086af11f8) thrown at [./src/hotspot/share/classfile/systemDictionary.cpp, line 230]
Event: 81.757 Thread 0x0000019b67a39800 Exception <a 'java/lang/ClassNotFoundException'{0x00000000869d4c38}: java/lang/StringBufferCustomizer> (0x00000000869d4c38) thrown at [./src/hotspot/share/classfile/systemDictionary.cpp, line 230]
Event: 105.806 Thread 0x0000019b67a39800 Exception <a 'java/lang/ClassNotFoundException'{0x0000000086663580}: java/lang/StringBeanInfo> (0x0000000086663580) thrown at [./src/hotspot/share/classfile/systemDictionary.cpp, line 230]
Event: 105.807 Thread 0x0000019b67a39800 Exception <a 'java/lang/ClassNotFoundException'{0x0000000086668f38}: java/lang/StringCustomizer> (0x0000000086668f38) thrown at [./src/hotspot/share/classfile/systemDictionary.cpp, line 230]

Events (20 events):
Event: 105.171 loading class groovy/lang/GroovyRuntimeException
Event: 105.171 loading class groovy/lang/GroovyRuntimeException done
Event: 105.755 Executing VM operation: RevokeBias
Event: 105.756 Executing VM operation: RevokeBias done
Event: 105.761 loading class groovy/lang/GroovyRuntimeException
Event: 105.761 loading class groovy/lang/GroovyRuntimeException done
Event: 105.762 loading class org/codehaus/groovy/runtime/typehandling/DefaultTypeTransformation
Event: 105.762 loading class org/codehaus/groovy/runtime/typehandling/DefaultTypeTransformation done
Event: 105.764 loading class groovy/runtime/metaclass/java/lang/StringMetaClass
Event: 105.764 loading class groovy/runtime/metaclass/java/lang/StringMetaClass done
Event: 105.805 loading class java/lang/StringBeanInfo
Event: 105.805 loading class java/lang/StringBeanInfo done
Event: 105.806 loading class java/lang/StringBeanInfo
Event: 105.806 loading class java/lang/StringBeanInfo done
Event: 105.806 loading class java/lang/StringCustomizer
Event: 105.806 loading class java/lang/StringCustomizer done
Event: 105.807 loading class java/lang/StringCustomizer
Event: 105.807 loading class java/lang/StringCustomizer done
Event: 105.840 loading class org/codehaus/groovy/runtime/dgm$1154
Event: 105.840 loading class org/codehaus/groovy/runtime/dgm$1154 done


Dynamic libraries:
0x00007ff7b4d00000 - 0x00007ff7b4d0d000 	C:\Program Files\Microsoft\jdk-11.0.18.10-hotspot\bin\java.exe
0x00007ffe02350000 - 0x00007ffe02548000 	C:\Windows\SYSTEM32\ntdll.dll
0x00007ffe01710000 - 0x00007ffe017cf000 	C:\Windows\System32\KERNEL32.DLL
0x00007ffdffae0000 - 0x00007ffdffdd6000 	C:\Windows\System32\KERNELBASE.dll
0x00007ffdffeb0000 - 0x00007ffdfffb0000 	C:\Windows\System32\ucrtbase.dll
0x00007ffdc5bc0000 - 0x00007ffdc5bd7000 	C:\Program Files\Microsoft\jdk-11.0.18.10-hotspot\bin\jli.dll
0x00007ffe01250000 - 0x00007ffe013ed000 	C:\Windows\System32\USER32.dll
0x00007ffdc7bb0000 - 0x00007ffdc7bc5000 	C:\Program Files\Microsoft\jdk-11.0.18.10-hotspot\bin\VCRUNTIME140.dll
0x00007ffde7460000 - 0x00007ffde76fa000 	C:\Windows\WinSxS\amd64_microsoft.windows.common-controls_6595b64144ccf1df_6.0.19041.1110_none_60b5254171f9507e\COMCTL32.dll
0x00007ffe00380000 - 0x00007ffe003a2000 	C:\Windows\System32\win32u.dll
0x00007ffe003b0000 - 0x00007ffe003dc000 	C:\Windows\System32\GDI32.dll
0x00007ffe01670000 - 0x00007ffe0170e000 	C:\Windows\System32\msvcrt.dll
0x00007ffe00210000 - 0x00007ffe00325000 	C:\Windows\System32\gdi32full.dll
0x00007ffdffe10000 - 0x00007ffdffead000 	C:\Windows\System32\msvcp_win.dll
0x00007ffe013f0000 - 0x00007ffe01420000 	C:\Windows\System32\IMM32.DLL
0x00007ffdb17b0000 - 0x00007ffdb184b000 	C:\Program Files\Microsoft\jdk-11.0.18.10-hotspot\bin\msvcp140.dll
0x00007ffd8f610000 - 0x00007ffd901a2000 	C:\Program Files\Microsoft\jdk-11.0.18.10-hotspot\bin\server\jvm.dll
0x00007ffe01900000 - 0x00007ffe019af000 	C:\Windows\System32\ADVAPI32.dll
0x00007ffe01860000 - 0x00007ffe018fc000 	C:\Windows\System32\sechost.dll
0x00007ffe01ef0000 - 0x00007ffe02016000 	C:\Windows\System32\RPCRT4.dll
0x00007ffe021d0000 - 0x00007ffe021d8000 	C:\Windows\System32\PSAPI.DLL
0x00007ffdc4f70000 - 0x00007ffdc4f79000 	C:\Windows\SYSTEM32\WSOCK32.dll
0x00007ffdec180000 - 0x00007ffdec1a7000 	C:\Windows\SYSTEM32\WINMM.dll
0x00007ffdf9020000 - 0x00007ffdf902a000 	C:\Windows\SYSTEM32\VERSION.dll
0x00007ffe014d0000 - 0x00007ffe0153b000 	C:\Windows\System32\WS2_32.dll
0x00007ffdfe4a0000 - 0x00007ffdfe4b2000 	C:\Windows\SYSTEM32\kernel.appcore.dll
0x00007ffde2ce0000 - 0x00007ffde2cf0000 	C:\Program Files\Microsoft\jdk-11.0.18.10-hotspot\bin\verify.dll
0x00007ffdfe030000 - 0x00007ffdfe214000 	C:\Windows\SYSTEM32\DBGHELP.DLL
0x00007ffde7c60000 - 0x00007ffde7c94000 	C:\Windows\SYSTEM32\dbgcore.DLL
0x00007ffe00180000 - 0x00007ffe00202000 	C:\Windows\System32\bcryptPrimitives.dll
0x00007ffdbde80000 - 0x00007ffdbdea8000 	C:\Program Files\Microsoft\jdk-11.0.18.10-hotspot\bin\java.dll
0x00007ffde1840000 - 0x00007ffde184a000 	C:\Program Files\Microsoft\jdk-11.0.18.10-hotspot\bin\jimage.dll
0x00007ffdbde60000 - 0x00007ffdbde78000 	C:\Program Files\Microsoft\jdk-11.0.18.10-hotspot\bin\zip.dll
0x00007ffe00560000 - 0x00007ffe00ca4000 	C:\Windows\System32\SHELL32.dll
0x00007ffdfd880000 - 0x00007ffdfe014000 	C:\Windows\SYSTEM32\windows.storage.dll
0x00007ffe01a20000 - 0x00007ffe01d74000 	C:\Windows\System32\combase.dll
0x00007ffdff470000 - 0x00007ffdff49e000 	C:\Windows\SYSTEM32\Wldp.dll
0x00007ffe02260000 - 0x00007ffe0230d000 	C:\Windows\System32\SHCORE.dll
0x00007ffe021e0000 - 0x00007ffe02235000 	C:\Windows\System32\shlwapi.dll
0x00007ffdff960000 - 0x00007ffdff985000 	C:\Windows\SYSTEM32\profapi.dll
0x00007ffdbd810000 - 0x00007ffdbd829000 	C:\Program Files\Microsoft\jdk-11.0.18.10-hotspot\bin\net.dll
0x00007ffdfacb0000 - 0x00007ffdfadba000 	C:\Windows\SYSTEM32\WINHTTP.dll
0x00007ffdff180000 - 0x00007ffdff1ea000 	C:\Windows\system32\mswsock.dll
0x00007ffdbbf40000 - 0x00007ffdbbf53000 	C:\Program Files\Microsoft\jdk-11.0.18.10-hotspot\bin\nio.dll
0x00007ffdba3d0000 - 0x00007ffdba3f7000 	C:\Users\jivte\.gradle\native\68d5fa5c4cc2d200863cafc0d521ce42e7d3e7ee720ec0a83991735586a16f82\windows-amd64\native-platform.dll
0x00007ffda4700000 - 0x00007ffda4844000 	C:\Users\jivte\.gradle\native\e376f236ea51e6404a007f0833ffe2c6e607c4080706a723a18a27aeea778392\windows-amd64\native-platform-file-events.dll
0x00007ffde1690000 - 0x00007ffde1699000 	C:\Program Files\Microsoft\jdk-11.0.18.10-hotspot\bin\management.dll
0x00007ffddfd40000 - 0x00007ffddfd4b000 	C:\Program Files\Microsoft\jdk-11.0.18.10-hotspot\bin\management_ext.dll
0x00007ffdff340000 - 0x00007ffdff358000 	C:\Windows\SYSTEM32\CRYPTSP.dll
0x00007ffdfea40000 - 0x00007ffdfea74000 	C:\Windows\system32\rsaenh.dll
0x00007ffdffde0000 - 0x00007ffdffe07000 	C:\Windows\System32\bcrypt.dll
0x00007ffdff8e0000 - 0x00007ffdff90e000 	C:\Windows\SYSTEM32\USERENV.dll
0x00007ffdff330000 - 0x00007ffdff33c000 	C:\Windows\SYSTEM32\CRYPTBASE.dll
0x00007ffdfee40000 - 0x00007ffdfee7c000 	C:\Windows\SYSTEM32\IPHLPAPI.DLL
0x00007ffe01e00000 - 0x00007ffe01e08000 	C:\Windows\System32\NSI.dll
0x00007ffdf89d0000 - 0x00007ffdf89e7000 	C:\Windows\SYSTEM32\dhcpcsvc6.DLL
0x00007ffdf89b0000 - 0x00007ffdf89cd000 	C:\Windows\SYSTEM32\dhcpcsvc.DLL
0x00007ffdfee90000 - 0x00007ffdfef5a000 	C:\Windows\SYSTEM32\DNSAPI.dll

dbghelp: loaded successfully - version: 4.0.5 - missing functions: none
symbol engine: initialized successfully - sym options: 0x614 - pdb path: .;C:\Program Files\Microsoft\jdk-11.0.18.10-hotspot\bin;C:\Windows\SYSTEM32;C:\Windows\WinSxS\amd64_microsoft.windows.common-controls_6595b64144ccf1df_6.0.19041.1110_none_60b5254171f9507e;C:\Program Files\Microsoft\jdk-11.0.18.10-hotspot\bin\server;C:\Users\jivte\.gradle\native\68d5fa5c4cc2d200863cafc0d521ce42e7d3e7ee720ec0a83991735586a16f82\windows-amd64;C:\Users\jivte\.gradle\native\e376f236ea51e6404a007f0833ffe2c6e607c4080706a723a18a27aeea778392\windows-amd64

VM Arguments:
jvm_args: -XX:MaxMetaspaceSize=512m --add-opens=java.base/java.util=ALL-UNNAMED --add-opens=java.base/java.lang=ALL-UNNAMED --add-opens=java.base/java.lang.invoke=ALL-UNNAMED --add-opens=java.prefs/java.util.prefs=ALL-UNNAMED --add-opens=java.base/java.nio.charset=ALL-UNNAMED --add-opens=java.base/java.net=ALL-UNNAMED --add-opens=java.base/java.util.concurrent.atomic=ALL-UNNAMED -Xmx2048m -Dfile.encoding=windows-1252 -Duser.country=IN -Duser.language=en -Duser.variant 
java_command: org.gradle.launcher.daemon.bootstrap.GradleDaemon 8.0.1
java_class_path (initial): C:\Users\jivte\.gradle\wrapper\dists\gradle-8.0.1-all\aro4hu1c3oeioove7l0i4i14o\gradle-8.0.1\lib\gradle-launcher-8.0.1.jar
Launcher Type: SUN_STANDARD

[Global flags]
     intx CICompilerCount                          = 4                                         {product} {ergonomic}
   size_t CompressedClassSpaceSize                 = 528482304                                 {product} {ergonomic}
     uint ConcGCThreads                            = 2                                         {product} {ergonomic}
     uint G1ConcRefinementThreads                  = 8                                         {product} {ergonomic}
   size_t G1HeapRegionSize                         = 1048576                                   {product} {ergonomic}
    uintx GCDrainStackTargetSize                   = 64                                        {product} {ergonomic}
   size_t InitialHeapSize                          = 132120576                                 {product} {ergonomic}
   size_t MarkStackSize                            = 4194304                                   {product} {ergonomic}
   size_t MaxHeapSize                              = 2147483648                                {product} {command line}
   size_t MaxMetaspaceSize                         = 536870912                                 {product} {command line}
   size_t MaxNewSize                               = 1287651328                                {product} {ergonomic}
   size_t MinHeapDeltaBytes                        = 1048576                                   {product} {ergonomic}
    uintx NonNMethodCodeHeapSize                   = 5836300                                {pd product} {ergonomic}
    uintx NonProfiledCodeHeapSize                  = 122910970                              {pd product} {ergonomic}
    uintx ProfiledCodeHeapSize                     = 122910970                              {pd product} {ergonomic}
    uintx ReservedCodeCacheSize                    = 251658240                              {pd product} {ergonomic}
     bool SegmentedCodeCache                       = true                                      {product} {ergonomic}
     bool UseCompressedClassPointers               = true                                 {lp64_product} {ergonomic}
     bool UseCompressedOops                        = true                                 {lp64_product} {ergonomic}
     bool UseG1GC                                  = true                                      {product} {ergonomic}
     bool UseLargePagesIndividualAllocation        = false                                  {pd product} {ergonomic}

Logging:
Log output configuration:
 #0: stdout all=warning uptime,level,tags
 #1: stderr all=off uptime,level,tags

Environment Variables:
JAVA_HOME=C:\Program Files\Microsoft\jdk-11.0.18.10-hotspot\
CLASSPATH=C:\Users\jivte\Desktop\AwesomeProject\android\\gradle\wrapper\gradle-wrapper.jar
PATH=C:\Users\jivte\Desktop\AwesomeProject\node_modules\.bin;C:\Users\jivte\Desktop\AwesomeProject\node_modules\.bin;C:\Users\jivte\Desktop\node_modules\.bin;C:\Users\jivte\node_modules\.bin;C:\Users\node_modules\.bin;C:\node_modules\.bin;C:\Program Files\nodejs\node_modules\npm\node_modules\@npmcli\run-script\lib\node-gyp-bin;C:\Users\jivte\Desktop\AwesomeProject\node_modules\.bin;C:\Users\jivte\Desktop\node_modules\.bin;C:\Users\jivte\node_modules\.bin;C:\Users\node_modules\.bin;C:\node_modules\.bin;C:\Program Files\nodejs\node_modules\npm\node_modules\@npmcli\run-script\lib\node-gyp-bin;C:\Users\jivte\bin;C:\Program Files\Git\mingw64\bin;C:\Program Files\Git\usr\local\bin;C:\Program Files\Git\usr\bin;C:\Program Files\Git\usr\bin;C:\Program Files\Git\cmd;C:\Program Files\Microsoft\jdk-11.0.18.10-hotspot\bin;C:\Program Files (x86)\Common Files\Oracle\Java\javapath;C:\Windows\system32;C:\Windows;C:\Windows\System32\Wbem;C:\Windows\System32\WindowsPowerShell\v1.0;C:\Windows\System32\OpenSSH;C:\Program Files (x86)\NVIDIA Corporation\PhysX\Common;C:\Program Files\NVIDIA Corporation\NVIDIA NvDLISR;C:\Program Files\Git\cmd;C:\Program Files\Docker\Docker\resources\bin;C:\Program Files\Go\bin;C:\ProgramData\chocolatey\bin;C:\Program Files\nodejs;C:\Users\jivte\AppData\Local\Android\Sdk\platform-tools;C:\Program Files\MySQL\MySQL Shell 8.0\bin;C:\Users\jivte\anaconda3;C:\Users\jivte\anaconda3\Library\mingw-w64\bin;C:\Users\jivte\anaconda3\Library\usr\bin;C:\Users\jivte\anaconda3\Library\bin;C:\Users\jivte\anaconda3\Scripts;C:\Users\jivte\AppData\Local\Microsoft\WindowsApps;C:\Users\jivte\AppData\Local\atom\bin;C:\Users\jivte\AppData\Local\Programs\Hyper\resources\bin;C:\Program Files\heroku\bin;C:\MinGW\bin;C:\Users\jivte\AppData\Local\Programs\Microsoft VS Code\bin;C:\PATH_Programs;C:\Users\jivte\AppData\Local\Programs\Fiddler;C:\Users\jivte\go\bin;C:\Users\jivte\AppData\Roaming\npm;C:\Program Files\Git\usr\bin\vendor_perl;C:\Program Files\Git\usr\bin\core_perl
USERNAME=jivte
SHELL=C:\Program Files\Git\usr\bin\bash.exe
DISPLAY=needs-to-be-defined
LANG=en_US.UTF-8
TERM=cygwin
TMPDIR=C:\Users\jivte\AppData\Local\Temp
OS=Windows_NT
PROCESSOR_IDENTIFIER=Intel64 Family 6 Model 165 Stepping 2, GenuineIntel
TMP=C:\Users\jivte\AppData\Local\Temp
TEMP=C:\Users\jivte\AppData\Local\Temp



---------------  S Y S T E M  ---------------

OS: Windows 10 , 64 bit Build 19041 (10.0.19041.3155)
OS uptime: 0 days 4:15 hours
Hyper-V role detected

CPU:total 8 (initial active 8) (4 cores per cpu, 2 threads per core) family 6 model 165 stepping 2 microcode 0xe2, cmov, cx8, fxsr, mmx, sse, sse2, sse3, ssse3, sse4.1, sse4.2, popcnt, avx, avx2, aes, clmul, erms, 3dnowpref, lzcnt, ht, tsc, tscinvbit, bmi1, bmi2, adx, fma

Memory: 4k page, system-wide physical 8023M (16M free)
TotalPageFile size 32599M (AvailPageFile size 4M)
current process WorkingSet (physical memory assigned to process): 19M, peak: 194M
current process commit charge ("private bytes"): 288M, peak: 307M

vm_info: OpenJDK 64-Bit Server VM (11.0.18+10-LTS) for windows-amd64 JRE (11.0.18+10-LTS), built on Jan 18 2023 15:56:47 by "MicrosoftCorporation" with MS VC++ 15.9 (VS2017)

END.
