#
# There is insufficient memory for the Java Runtime Environment to continue.
# Native memory allocation (malloc) failed to allocate 32744 bytes for ChunkPool::allocate
# Possible reasons:
#   The system is out of physical RAM or swap space
#   The process is running with CompressedOops enabled, and the Java Heap may be blocking the growth of the native heap
# Possible solutions:
#   Reduce memory load on the system
#   Increase physical memory or swap space
#   Check if swap backing store is full
#   Decrease Java heap size (-Xmx/-Xms)
#   Decrease number of Java threads
#   Decrease Java thread stack sizes (-Xss)
#   Set larger code cache with -XX:ReservedCodeCacheSize=
#   JVM is running with Unscaled Compressed Oops mode in which the Java heap is
#     placed in the first 4GB address space. The Java Heap base address is the
#     maximum limit for the native heap growth. Please use -XX:HeapBaseMinAddress
#     to set the Java Heap base and to place the Java Heap above 4GB virtual address.
# This output file may be truncated or incomplete.
#
#  Out of Memory Error (./src/hotspot/share/memory/arena.cpp:81), pid=24368, tid=27948
#
# JRE version: OpenJDK Runtime Environment Microsoft-7208460 (11.0.18+10) (build 11.0.18+10-LTS)
# Java VM: OpenJDK 64-Bit Server VM Microsoft-7208460 (11.0.18+10-LTS, mixed mode, tiered, compressed oops, g1 gc, windows-amd64)
# No core dump will be written. Minidumps are not enabled by default on client versions of Windows
#

---------------  S U M M A R Y ------------

Command Line: -XX:MaxMetaspaceSize=512m --add-opens=java.base/java.util=ALL-UNNAMED --add-opens=java.base/java.lang=ALL-UNNAMED --add-opens=java.base/java.lang.invoke=ALL-UNNAMED --add-opens=java.prefs/java.util.prefs=ALL-UNNAMED --add-opens=java.base/java.nio.charset=ALL-UNNAMED --add-opens=java.base/java.net=ALL-UNNAMED --add-opens=java.base/java.util.concurrent.atomic=ALL-UNNAMED -Xmx2048m -Dfile.encoding=windows-1252 -Duser.country=IN -Duser.language=en -Duser.variant org.gradle.launcher.daemon.bootstrap.GradleDaemon 8.0.1

Host: Intel(R) Core(TM) i5-10300H CPU @ 2.50GHz, 8 cores, 7G,  Windows 10 , 64 bit Build 19041 (10.0.19041.3155)
Time: Thu Jul 20 14:10:01 2023 India Standard Time elapsed time: 118.323847 seconds (0d 0h 1m 58s)

---------------  T H R E A D  ---------------

Current thread (0x000002443c0b8000):  JavaThread "C2 CompilerThread0" daemon [_thread_in_native, id=27948, stack(0x000000b16fc00000,0x000000b16fd00000)]


Current CompileTask:
C2: 118323 4011       4       java.util.concurrent.ConcurrentLinkedQueue::poll (84 bytes)

Stack: [0x000000b16fc00000,0x000000b16fd00000]
Native frames: (J=compiled Java code, j=interpreted, Vv=VM code, C=native code)
V  [jvm.dll+0x62bf8a]
V  [jvm.dll+0x7b8fb9]
V  [jvm.dll+0x7ba6a8]
V  [jvm.dll+0x7bad83]
V  [jvm.dll+0x250248]
V  [jvm.dll+0xc286b]
V  [jvm.dll+0xc2bcc]
V  [jvm.dll+0xc271b]
V  [jvm.dll+0x60978f]
V  [jvm.dll+0x21035b]
V  [jvm.dll+0x656a3a]
V  [jvm.dll+0x208358]
V  [jvm.dll+0x18a4b1]
V  [jvm.dll+0x217eec]
V  [jvm.dll+0x21612b]
V  [jvm.dll+0x77bac0]
V  [jvm.dll+0x7749f4]
V  [jvm.dll+0x62adf5]
C  [ucrtbase.dll+0x21bb2]
C  [KERNEL32.DLL+0x17614]
C  [ntdll.dll+0x526b1]


---------------  P R O C E S S  ---------------

Threads class SMR info:
_java_thread_list=0x0000024441498080, length=35, elements={
0x000002441cfc3000, 0x000002443c095000, 0x000002443c09f000, 0x000002443c0b2800,
0x000002443c0b3800, 0x000002443c0b4800, 0x000002443c0b8000, 0x000002443c0b9000,
0x000002443c0bc000, 0x000002443cb6c000, 0x000002443e2fe800, 0x000002443de2c800,
0x000002443e167000, 0x000002443d995800, 0x000002443dc16000, 0x000002443d876000,
0x000002443d76a800, 0x000002443de73800, 0x000002443d6b9000, 0x000002443ddb5800,
0x000002443ddb8000, 0x000002443ddb9800, 0x000002443ddb8800, 0x000002443ddbb000,
0x000002443ddba800, 0x000002443ddbc000, 0x000002443ddb6000, 0x000002443ddb7000,
0x000002443dd00000, 0x000002443dd02000, 0x000002443dd01000, 0x000002443dcfe000,
0x000002443dcff800, 0x000002443dd02800, 0x000002443dcfd000
}

Java Threads: ( => current thread )
  0x000002441cfc3000 JavaThread "main" [_thread_blocked, id=13696, stack(0x000000b16ef00000,0x000000b16f000000)]
  0x000002443c095000 JavaThread "Reference Handler" daemon [_thread_blocked, id=27880, stack(0x000000b16f700000,0x000000b16f800000)]
  0x000002443c09f000 JavaThread "Finalizer" daemon [_thread_blocked, id=27896, stack(0x000000b16f800000,0x000000b16f900000)]
  0x000002443c0b2800 JavaThread "Signal Dispatcher" daemon [_thread_blocked, id=27936, stack(0x000000b16f900000,0x000000b16fa00000)]
  0x000002443c0b3800 JavaThread "Attach Listener" daemon [_thread_blocked, id=27940, stack(0x000000b16fa00000,0x000000b16fb00000)]
  0x000002443c0b4800 JavaThread "Service Thread" daemon [_thread_blocked, id=27944, stack(0x000000b16fb00000,0x000000b16fc00000)]
=>0x000002443c0b8000 JavaThread "C2 CompilerThread0" daemon [_thread_in_native, id=27948, stack(0x000000b16fc00000,0x000000b16fd00000)]
  0x000002443c0b9000 JavaThread "C1 CompilerThread0" daemon [_thread_blocked, id=27952, stack(0x000000b16fd00000,0x000000b16fe00000)]
  0x000002443c0bc000 JavaThread "Sweeper thread" daemon [_thread_blocked, id=27956, stack(0x000000b16fe00000,0x000000b16ff00000)]
  0x000002443cb6c000 JavaThread "Common-Cleaner" daemon [_thread_blocked, id=28020, stack(0x000000b16ff00000,0x000000b170000000)]
  0x000002443e2fe800 JavaThread "Daemon health stats" [_thread_blocked, id=24696, stack(0x000000b170300000,0x000000b170400000)]
  0x000002443de2c800 JavaThread "Incoming local TCP Connector on port 64935" [_thread_in_native, id=29084, stack(0x000000b170400000,0x000000b170500000)]
  0x000002443e167000 JavaThread "Daemon periodic checks" [_thread_blocked, id=29088, stack(0x000000b170500000,0x000000b170600000)]
  0x000002443d995800 JavaThread "Daemon" [_thread_blocked, id=29176, stack(0x000000b170600000,0x000000b170700000)]
  0x000002443dc16000 JavaThread "Handler for socket connection from /127.0.0.1:64935 to /127.0.0.1:64936" [_thread_in_native, id=29188, stack(0x000000b170700000,0x000000b170800000)]
  0x000002443d876000 JavaThread "Cancel handler" [_thread_blocked, id=29220, stack(0x000000b170800000,0x000000b170900000)]
  0x000002443d76a800 JavaThread "Daemon worker" [_thread_in_native, id=29236, stack(0x000000b170900000,0x000000b170a00000)]
  0x000002443de73800 JavaThread "Asynchronous log dispatcher for DefaultDaemonConnection: socket connection from /127.0.0.1:64935 to /127.0.0.1:64936" [_thread_blocked, id=29264, stack(0x000000b170a00000,0x000000b170b00000)]
  0x000002443d6b9000 JavaThread "Daemon client event forwarder" [_thread_blocked, id=29304, stack(0x000000b170c00000,0x000000b170d00000)]
  0x000002443ddb5800 JavaThread "Cache worker for journal cache (C:\Users\jivte\.gradle\caches\journal-1)" [_thread_blocked, id=24552, stack(0x000000b171200000,0x000000b171300000)]
  0x000002443ddb8000 JavaThread "File lock request listener" [_thread_in_native, id=3568, stack(0x000000b171300000,0x000000b171400000)]
  0x000002443ddb9800 JavaThread "File lock release action executor" [_thread_blocked, id=26036, stack(0x000000b171500000,0x000000b171600000)]
  0x000002443ddb8800 JavaThread "Cache worker for file hash cache (C:\Users\jivte\.gradle\caches\8.0.1\fileHashes)" [_thread_blocked, id=28512, stack(0x000000b171600000,0x000000b171700000)]
  0x000002443ddbb000 JavaThread "File watcher server" daemon [_thread_in_native, id=30624, stack(0x000000b171700000,0x000000b171800000)]
  0x000002443ddba800 JavaThread "File watcher consumer" daemon [_thread_blocked, id=30628, stack(0x000000b171800000,0x000000b171900000)]
  0x000002443ddbc000 JavaThread "Cache worker for checksums cache (C:\Users\jivte\Desktop\AwesomeProject\android\.gradle\8.0.1\checksums)" [_thread_blocked, id=29448, stack(0x000000b171900000,0x000000b171a00000)]
  0x000002443ddb6000 JavaThread "Cache worker for cache directory md-rule (C:\Users\jivte\.gradle\caches\8.0.1\md-rule)" [_thread_blocked, id=29956, stack(0x000000b171c00000,0x000000b171d00000)]
  0x000002443ddb7000 JavaThread "Cache worker for file content cache (C:\Users\jivte\.gradle\caches\8.0.1\fileContent)" [_thread_blocked, id=29952, stack(0x000000b171d00000,0x000000b171e00000)]
  0x000002443dd00000 JavaThread "Cache worker for file hash cache (C:\Users\jivte\Desktop\AwesomeProject\android\.gradle\8.0.1\fileHashes)" [_thread_blocked, id=11208, stack(0x000000b171e00000,0x000000b171f00000)]
  0x000002443dd02000 JavaThread "Cache worker for cache directory md-supplier (C:\Users\jivte\.gradle\caches\8.0.1\md-supplier)" [_thread_blocked, id=27480, stack(0x000000b171f00000,0x000000b172000000)]
  0x000002443dd01000 JavaThread "Cache worker for execution history cache (C:\Users\jivte\.gradle\caches\8.0.1\executionHistory)" [_thread_blocked, id=896, stack(0x000000b172000000,0x000000b172100000)]
  0x000002443dcfe000 JavaThread "jar transforms" [_thread_blocked, id=20444, stack(0x000000b16ee00000,0x000000b16ef00000)]
  0x000002443dcff800 JavaThread "jar transforms Thread 2" [_thread_blocked, id=25700, stack(0x000000b16f000000,0x000000b16f100000)]
  0x000002443dd02800 JavaThread "jar transforms Thread 3" [_thread_blocked, id=11288, stack(0x000000b172100000,0x000000b172200000)]
  0x000002443dcfd000 JavaThread "jar transforms Thread 4" [_thread_blocked, id=28204, stack(0x000000b172200000,0x000000b172300000)]

Other Threads:
  0x000002443c091000 VMThread "VM Thread" [stack: 0x000000b16f600000,0x000000b16f700000] [id=27808]
  0x000002443cba6800 WatcherThread [stack: 0x000000b170000000,0x000000b170100000] [id=28060]
  0x000002441cfdc800 GCTaskThread "GC Thread#0" [stack: 0x000000b16f100000,0x000000b16f200000] [id=27772]
  0x000002443d76d800 GCTaskThread "GC Thread#1" [stack: 0x000000b170100000,0x000000b170200000] [id=28232]
  0x000002443d6fa800 GCTaskThread "GC Thread#2" [stack: 0x000000b170200000,0x000000b170300000] [id=28236]
  0x000002443d6b9800 GCTaskThread "GC Thread#3" [stack: 0x000000b170d00000,0x000000b170e00000] [id=29392]
  0x000002443e454800 GCTaskThread "GC Thread#4" [stack: 0x000000b170e00000,0x000000b170f00000] [id=29396]
  0x000002443d97e000 GCTaskThread "GC Thread#5" [stack: 0x000000b170f00000,0x000000b171000000] [id=29400]
  0x000002443d954000 GCTaskThread "GC Thread#6" [stack: 0x000000b171000000,0x000000b171100000] [id=29404]
  0x000002443d955000 GCTaskThread "GC Thread#7" [stack: 0x000000b171100000,0x000000b171200000] [id=29408]
  0x000002441d00e000 ConcurrentGCThread "G1 Main Marker" [stack: 0x000000b16f200000,0x000000b16f300000] [id=27776]
  0x000002441d00f800 ConcurrentGCThread "G1 Conc#0" [stack: 0x000000b16f300000,0x000000b16f400000] [id=27780]
  0x000002443e1ea800 ConcurrentGCThread "G1 Conc#1" [stack: 0x000000b171400000,0x000000b171500000] [id=11084]
  0x000002443bf00800 ConcurrentGCThread "G1 Refine#0" [stack: 0x000000b16f400000,0x000000b16f500000] [id=27784]
  0x000002443bf01800 ConcurrentGCThread "G1 Young RemSet Sampling" [stack: 0x000000b16f500000,0x000000b16f600000] [id=27788]

Threads with active compile tasks:
C2 CompilerThread0   118363 4011       4       java.util.concurrent.ConcurrentLinkedQueue::poll (84 bytes)

VM state:not at safepoint (normal execution)

VM Mutex/Monitor currently owned by a thread: None

Heap address: 0x0000000080000000, size: 2048 MB, Compressed Oops mode: 32-bit
Narrow klass base: 0x0000000000000000, Narrow klass shift: 3
Compressed class space size: 528482304 Address: 0x0000000100000000

Heap:
 garbage-first heap   total 129024K, used 41645K [0x0000000080000000, 0x0000000100000000)
  region size 1024K, 22 young (22528K), 8 survivors (8192K)
 Metaspace       used 41463K, capacity 42618K, committed 42832K, reserved 555008K
  class space    used 5208K, capacity 5625K, committed 5632K, reserved 516096K
Heap Regions: E=young(eden), S=young(survivor), O=old, HS=humongous(starts), HC=humongous(continues), CS=collection set, F=free, A=archive, TAMS=top-at-mark-start (previous, next)
|   0|0x0000000080000000, 0x0000000080100000, 0x0000000080100000|100%|HS|  |TAMS 0x0000000080100000, 0x0000000080000000| Complete 
|   1|0x0000000080100000, 0x0000000080200000, 0x0000000080200000|100%|HC|  |TAMS 0x0000000080200000, 0x0000000080100000| Complete 
|   2|0x0000000080200000, 0x0000000080300000, 0x0000000080300000|100%|HC|  |TAMS 0x0000000080300000, 0x0000000080200000| Complete 
|   3|0x0000000080300000, 0x0000000080400000, 0x0000000080400000|100%|HC|  |TAMS 0x0000000080400000, 0x0000000080300000| Complete 
|   4|0x0000000080400000, 0x0000000080500000, 0x0000000080500000|100%| O|  |TAMS 0x0000000080500000, 0x0000000080400000| Untracked 
|   5|0x0000000080500000, 0x0000000080600000, 0x0000000080600000|100%| O|  |TAMS 0x0000000080600000, 0x0000000080500000| Untracked 
|   6|0x0000000080600000, 0x0000000080700000, 0x0000000080700000|100%| O|  |TAMS 0x0000000080700000, 0x0000000080600000| Untracked 
|   7|0x0000000080700000, 0x0000000080800000, 0x0000000080800000|100%| O|  |TAMS 0x0000000080800000, 0x0000000080700000| Untracked 
|   8|0x0000000080800000, 0x0000000080900000, 0x0000000080900000|100%| O|  |TAMS 0x0000000080900000, 0x0000000080800000| Untracked 
|   9|0x0000000080900000, 0x0000000080a00000, 0x0000000080a00000|100%| O|  |TAMS 0x0000000080a00000, 0x0000000080900000| Untracked 
|  10|0x0000000080a00000, 0x0000000080b00000, 0x0000000080b00000|100%| O|  |TAMS 0x0000000080b00000, 0x0000000080a00000| Untracked 
|  11|0x0000000080b00000, 0x0000000080c00000, 0x0000000080c00000|100%| O|  |TAMS 0x0000000080c00000, 0x0000000080b00000| Untracked 
|  12|0x0000000080c00000, 0x0000000080d00000, 0x0000000080d00000|100%| O|  |TAMS 0x0000000080d00000, 0x0000000080c00000| Untracked 
|  13|0x0000000080d00000, 0x0000000080e00000, 0x0000000080e00000|100%| O|  |TAMS 0x0000000080e00000, 0x0000000080d00000| Untracked 
|  14|0x0000000080e00000, 0x0000000080f00000, 0x0000000080f00000|100%| O|  |TAMS 0x0000000080f00000, 0x0000000080e00000| Untracked 
|  15|0x0000000080f00000, 0x0000000081000000, 0x0000000081000000|100%| O|  |TAMS 0x0000000081000000, 0x0000000080f00000| Untracked 
|  16|0x0000000081000000, 0x0000000081100000, 0x0000000081100000|100%| O|  |TAMS 0x0000000081100000, 0x0000000081000000| Untracked 
|  17|0x0000000081100000, 0x0000000081100000, 0x0000000081200000|  0%| F|  |TAMS 0x0000000081100000, 0x0000000081100000| Untracked 
|  18|0x0000000081200000, 0x0000000081200000, 0x0000000081300000|  0%| F|  |TAMS 0x0000000081200000, 0x0000000081200000| Untracked 
|  19|0x0000000081300000, 0x0000000081300000, 0x0000000081400000|  0%| F|  |TAMS 0x0000000081300000, 0x0000000081300000| Untracked 
|  20|0x0000000081400000, 0x0000000081500000, 0x0000000081500000|100%| O|  |TAMS 0x0000000081500000, 0x0000000081400000| Untracked 
|  21|0x0000000081500000, 0x0000000081600000, 0x0000000081600000|100%| O|  |TAMS 0x0000000081600000, 0x0000000081500000| Untracked 
|  22|0x0000000081600000, 0x00000000816ab600, 0x0000000081700000| 66%| O|  |TAMS 0x00000000816ab600, 0x0000000081600000| Untracked 
|  23|0x0000000081700000, 0x0000000081700000, 0x0000000081800000|  0%| F|  |TAMS 0x0000000081700000, 0x0000000081700000| Untracked 
|  24|0x0000000081800000, 0x0000000081800000, 0x0000000081900000|  0%| F|  |TAMS 0x0000000081800000, 0x0000000081800000| Untracked 
|  25|0x0000000081900000, 0x0000000081900000, 0x0000000081a00000|  0%| F|  |TAMS 0x0000000081900000, 0x0000000081900000| Untracked 
|  26|0x0000000081a00000, 0x0000000081a00000, 0x0000000081b00000|  0%| F|  |TAMS 0x0000000081a00000, 0x0000000081a00000| Untracked 
|  27|0x0000000081b00000, 0x0000000081b00000, 0x0000000081c00000|  0%| F|  |TAMS 0x0000000081b00000, 0x0000000081b00000| Untracked 
|  28|0x0000000081c00000, 0x0000000081c00000, 0x0000000081d00000|  0%| F|  |TAMS 0x0000000081c00000, 0x0000000081c00000| Untracked 
|  29|0x0000000081d00000, 0x0000000081d00000, 0x0000000081e00000|  0%| F|  |TAMS 0x0000000081d00000, 0x0000000081d00000| Untracked 
|  30|0x0000000081e00000, 0x0000000081e00000, 0x0000000081f00000|  0%| F|  |TAMS 0x0000000081e00000, 0x0000000081e00000| Untracked 
|  31|0x0000000081f00000, 0x0000000081f00000, 0x0000000082000000|  0%| F|  |TAMS 0x0000000081f00000, 0x0000000081f00000| Untracked 
|  32|0x0000000082000000, 0x0000000082000000, 0x0000000082100000|  0%| F|  |TAMS 0x0000000082000000, 0x0000000082000000| Untracked 
|  33|0x0000000082100000, 0x0000000082100000, 0x0000000082200000|  0%| F|  |TAMS 0x0000000082100000, 0x0000000082100000| Untracked 
|  34|0x0000000082200000, 0x0000000082200000, 0x0000000082300000|  0%| F|  |TAMS 0x0000000082200000, 0x0000000082200000| Untracked 
|  35|0x0000000082300000, 0x0000000082300000, 0x0000000082400000|  0%| F|  |TAMS 0x0000000082300000, 0x0000000082300000| Untracked 
|  36|0x0000000082400000, 0x0000000082400000, 0x0000000082500000|  0%| F|  |TAMS 0x0000000082400000, 0x0000000082400000| Untracked 
|  37|0x0000000082500000, 0x0000000082500000, 0x0000000082600000|  0%| F|  |TAMS 0x0000000082500000, 0x0000000082500000| Untracked 
|  38|0x0000000082600000, 0x0000000082600000, 0x0000000082700000|  0%| F|  |TAMS 0x0000000082600000, 0x0000000082600000| Untracked 
|  39|0x0000000082700000, 0x0000000082700000, 0x0000000082800000|  0%| F|  |TAMS 0x0000000082700000, 0x0000000082700000| Untracked 
|  40|0x0000000082800000, 0x0000000082800000, 0x0000000082900000|  0%| F|  |TAMS 0x0000000082800000, 0x0000000082800000| Untracked 
|  41|0x0000000082900000, 0x0000000082900000, 0x0000000082a00000|  0%| F|  |TAMS 0x0000000082900000, 0x0000000082900000| Untracked 
|  42|0x0000000082a00000, 0x0000000082a00000, 0x0000000082b00000|  0%| F|  |TAMS 0x0000000082a00000, 0x0000000082a00000| Untracked 
|  43|0x0000000082b00000, 0x0000000082b00000, 0x0000000082c00000|  0%| F|  |TAMS 0x0000000082b00000, 0x0000000082b00000| Untracked 
|  44|0x0000000082c00000, 0x0000000082c00000, 0x0000000082d00000|  0%| F|  |TAMS 0x0000000082c00000, 0x0000000082c00000| Untracked 
|  45|0x0000000082d00000, 0x0000000082d00000, 0x0000000082e00000|  0%| F|  |TAMS 0x0000000082d00000, 0x0000000082d00000| Untracked 
|  46|0x0000000082e00000, 0x0000000082e00000, 0x0000000082f00000|  0%| F|  |TAMS 0x0000000082e00000, 0x0000000082e00000| Untracked 
|  47|0x0000000082f00000, 0x0000000082f00000, 0x0000000083000000|  0%| F|  |TAMS 0x0000000082f00000, 0x0000000082f00000| Untracked 
|  48|0x0000000083000000, 0x0000000083000000, 0x0000000083100000|  0%| F|  |TAMS 0x0000000083000000, 0x0000000083000000| Untracked 
|  49|0x0000000083100000, 0x0000000083100000, 0x0000000083200000|  0%| F|  |TAMS 0x0000000083100000, 0x0000000083100000| Untracked 
|  50|0x0000000083200000, 0x0000000083200000, 0x0000000083300000|  0%| F|  |TAMS 0x0000000083200000, 0x0000000083200000| Untracked 
|  51|0x0000000083300000, 0x0000000083300000, 0x0000000083400000|  0%| F|  |TAMS 0x0000000083300000, 0x0000000083300000| Untracked 
|  52|0x0000000083400000, 0x0000000083400000, 0x0000000083500000|  0%| F|  |TAMS 0x0000000083400000, 0x0000000083400000| Untracked 
|  53|0x0000000083500000, 0x0000000083500000, 0x0000000083600000|  0%| F|  |TAMS 0x0000000083500000, 0x0000000083500000| Untracked 
|  54|0x0000000083600000, 0x0000000083700000, 0x0000000083700000|100%| S|CS|TAMS 0x0000000083600000, 0x0000000083600000| Complete 
|  55|0x0000000083700000, 0x0000000083800000, 0x0000000083800000|100%| S|CS|TAMS 0x0000000083700000, 0x0000000083700000| Complete 
|  56|0x0000000083800000, 0x0000000083900000, 0x0000000083900000|100%| S|CS|TAMS 0x0000000083800000, 0x0000000083800000| Complete 
|  57|0x0000000083900000, 0x0000000083a00000, 0x0000000083a00000|100%| S|CS|TAMS 0x0000000083900000, 0x0000000083900000| Complete 
|  58|0x0000000083a00000, 0x0000000083b00000, 0x0000000083b00000|100%| S|CS|TAMS 0x0000000083a00000, 0x0000000083a00000| Complete 
|  59|0x0000000083b00000, 0x0000000083c00000, 0x0000000083c00000|100%| S|CS|TAMS 0x0000000083b00000, 0x0000000083b00000| Complete 
|  60|0x0000000083c00000, 0x0000000083d00000, 0x0000000083d00000|100%| S|CS|TAMS 0x0000000083c00000, 0x0000000083c00000| Complete 
|  61|0x0000000083d00000, 0x0000000083e00000, 0x0000000083e00000|100%| S|CS|TAMS 0x0000000083d00000, 0x0000000083d00000| Complete 
|  62|0x0000000083e00000, 0x0000000083e00000, 0x0000000083f00000|  0%| F|  |TAMS 0x0000000083e00000, 0x0000000083e00000| Untracked 
|  63|0x0000000083f00000, 0x0000000083f00000, 0x0000000084000000|  0%| F|  |TAMS 0x0000000083f00000, 0x0000000083f00000| Untracked 
|  64|0x0000000084000000, 0x0000000084000000, 0x0000000084100000|  0%| F|  |TAMS 0x0000000084000000, 0x0000000084000000| Untracked 
|  65|0x0000000084100000, 0x0000000084100000, 0x0000000084200000|  0%| F|  |TAMS 0x0000000084100000, 0x0000000084100000| Untracked 
|  66|0x0000000084200000, 0x0000000084200000, 0x0000000084300000|  0%| F|  |TAMS 0x0000000084200000, 0x0000000084200000| Untracked 
|  67|0x0000000084300000, 0x0000000084300000, 0x0000000084400000|  0%| F|  |TAMS 0x0000000084300000, 0x0000000084300000| Untracked 
|  68|0x0000000084400000, 0x0000000084400000, 0x0000000084500000|  0%| F|  |TAMS 0x0000000084400000, 0x0000000084400000| Untracked 
|  69|0x0000000084500000, 0x0000000084500000, 0x0000000084600000|  0%| F|  |TAMS 0x0000000084500000, 0x0000000084500000| Untracked 
|  70|0x0000000084600000, 0x0000000084600000, 0x0000000084700000|  0%| F|  |TAMS 0x0000000084600000, 0x0000000084600000| Untracked 
|  71|0x0000000084700000, 0x0000000084700000, 0x0000000084800000|  0%| F|  |TAMS 0x0000000084700000, 0x0000000084700000| Untracked 
|  72|0x0000000084800000, 0x0000000084800000, 0x0000000084900000|  0%| F|  |TAMS 0x0000000084800000, 0x0000000084800000| Untracked 
|  73|0x0000000084900000, 0x0000000084900000, 0x0000000084a00000|  0%| F|  |TAMS 0x0000000084900000, 0x0000000084900000| Untracked 
|  74|0x0000000084a00000, 0x0000000084a00000, 0x0000000084b00000|  0%| F|  |TAMS 0x0000000084a00000, 0x0000000084a00000| Untracked 
|  75|0x0000000084b00000, 0x0000000084b00000, 0x0000000084c00000|  0%| F|  |TAMS 0x0000000084b00000, 0x0000000084b00000| Untracked 
|  76|0x0000000084c00000, 0x0000000084c00000, 0x0000000084d00000|  0%| F|  |TAMS 0x0000000084c00000, 0x0000000084c00000| Untracked 
|  77|0x0000000084d00000, 0x0000000084d00000, 0x0000000084e00000|  0%| F|  |TAMS 0x0000000084d00000, 0x0000000084d00000| Untracked 
|  78|0x0000000084e00000, 0x0000000084e00000, 0x0000000084f00000|  0%| F|  |TAMS 0x0000000084e00000, 0x0000000084e00000| Untracked 
|  79|0x0000000084f00000, 0x0000000084f00000, 0x0000000085000000|  0%| F|  |TAMS 0x0000000084f00000, 0x0000000084f00000| Untracked 
|  80|0x0000000085000000, 0x0000000085000000, 0x0000000085100000|  0%| F|  |TAMS 0x0000000085000000, 0x0000000085000000| Untracked 
|  81|0x0000000085100000, 0x0000000085100000, 0x0000000085200000|  0%| F|  |TAMS 0x0000000085100000, 0x0000000085100000| Untracked 
|  82|0x0000000085200000, 0x0000000085200000, 0x0000000085300000|  0%| F|  |TAMS 0x0000000085200000, 0x0000000085200000| Untracked 
|  83|0x0000000085300000, 0x0000000085300000, 0x0000000085400000|  0%| F|  |TAMS 0x0000000085300000, 0x0000000085300000| Untracked 
|  84|0x0000000085400000, 0x0000000085400000, 0x0000000085500000|  0%| F|  |TAMS 0x0000000085400000, 0x0000000085400000| Untracked 
|  85|0x0000000085500000, 0x0000000085500000, 0x0000000085600000|  0%| F|  |TAMS 0x0000000085500000, 0x0000000085500000| Untracked 
|  86|0x0000000085600000, 0x0000000085600000, 0x0000000085700000|  0%| F|  |TAMS 0x0000000085600000, 0x0000000085600000| Untracked 
|  87|0x0000000085700000, 0x0000000085700000, 0x0000000085800000|  0%| F|  |TAMS 0x0000000085700000, 0x0000000085700000| Untracked 
|  88|0x0000000085800000, 0x0000000085800000, 0x0000000085900000|  0%| F|  |TAMS 0x0000000085800000, 0x0000000085800000| Untracked 
|  89|0x0000000085900000, 0x0000000085900000, 0x0000000085a00000|  0%| F|  |TAMS 0x0000000085900000, 0x0000000085900000| Untracked 
|  90|0x0000000085a00000, 0x0000000085a00000, 0x0000000085b00000|  0%| F|  |TAMS 0x0000000085a00000, 0x0000000085a00000| Untracked 
|  91|0x0000000085b00000, 0x0000000085b00000, 0x0000000085c00000|  0%| F|  |TAMS 0x0000000085b00000, 0x0000000085b00000| Untracked 
|  92|0x0000000085c00000, 0x0000000085c00000, 0x0000000085d00000|  0%| F|  |TAMS 0x0000000085c00000, 0x0000000085c00000| Untracked 
|  93|0x0000000085d00000, 0x0000000085d00000, 0x0000000085e00000|  0%| F|  |TAMS 0x0000000085d00000, 0x0000000085d00000| Untracked 
|  94|0x0000000085e00000, 0x0000000085e00000, 0x0000000085f00000|  0%| F|  |TAMS 0x0000000085e00000, 0x0000000085e00000| Untracked 
|  95|0x0000000085f00000, 0x0000000085f00000, 0x0000000086000000|  0%| F|  |TAMS 0x0000000085f00000, 0x0000000085f00000| Untracked 
|  96|0x0000000086000000, 0x0000000086000000, 0x0000000086100000|  0%| F|  |TAMS 0x0000000086000000, 0x0000000086000000| Untracked 
|  97|0x0000000086100000, 0x0000000086100000, 0x0000000086200000|  0%| F|  |TAMS 0x0000000086100000, 0x0000000086100000| Untracked 
|  98|0x0000000086200000, 0x0000000086200000, 0x0000000086300000|  0%| F|  |TAMS 0x0000000086200000, 0x0000000086200000| Untracked 
|  99|0x0000000086300000, 0x0000000086300000, 0x0000000086400000|  0%| F|  |TAMS 0x0000000086300000, 0x0000000086300000| Untracked 
| 100|0x0000000086400000, 0x0000000086400000, 0x0000000086500000|  0%| F|  |TAMS 0x0000000086400000, 0x0000000086400000| Untracked 
| 101|0x0000000086500000, 0x0000000086500000, 0x0000000086600000|  0%| F|  |TAMS 0x0000000086500000, 0x0000000086500000| Untracked 
| 102|0x0000000086600000, 0x0000000086600000, 0x0000000086700000|  0%| F|  |TAMS 0x0000000086600000, 0x0000000086600000| Untracked 
| 103|0x0000000086700000, 0x0000000086700000, 0x0000000086800000|  0%| F|  |TAMS 0x0000000086700000, 0x0000000086700000| Untracked 
| 104|0x0000000086800000, 0x0000000086800000, 0x0000000086900000|  0%| F|  |TAMS 0x0000000086800000, 0x0000000086800000| Untracked 
| 105|0x0000000086900000, 0x0000000086900000, 0x0000000086a00000|  0%| F|  |TAMS 0x0000000086900000, 0x0000000086900000| Untracked 
| 106|0x0000000086a00000, 0x0000000086a00000, 0x0000000086b00000|  0%| F|  |TAMS 0x0000000086a00000, 0x0000000086a00000| Untracked 
| 107|0x0000000086b00000, 0x0000000086b00000, 0x0000000086c00000|  0%| F|  |TAMS 0x0000000086b00000, 0x0000000086b00000| Untracked 
| 108|0x0000000086c00000, 0x0000000086c00000, 0x0000000086d00000|  0%| F|  |TAMS 0x0000000086c00000, 0x0000000086c00000| Untracked 
| 109|0x0000000086d00000, 0x0000000086d00000, 0x0000000086e00000|  0%| F|  |TAMS 0x0000000086d00000, 0x0000000086d00000| Untracked 
| 110|0x0000000086e00000, 0x0000000086e00000, 0x0000000086f00000|  0%| F|  |TAMS 0x0000000086e00000, 0x0000000086e00000| Untracked 
| 111|0x0000000086f00000, 0x0000000086f00000, 0x0000000087000000|  0%| F|  |TAMS 0x0000000086f00000, 0x0000000086f00000| Untracked 
| 112|0x0000000087000000, 0x00000000870763d0, 0x0000000087100000| 46%| E|  |TAMS 0x0000000087000000, 0x0000000087000000| Complete 
| 113|0x0000000087100000, 0x0000000087200000, 0x0000000087200000|100%| E|CS|TAMS 0x0000000087100000, 0x0000000087100000| Complete 
| 114|0x0000000087200000, 0x0000000087300000, 0x0000000087300000|100%| E|CS|TAMS 0x0000000087200000, 0x0000000087200000| Complete 
| 115|0x0000000087300000, 0x0000000087400000, 0x0000000087400000|100%| E|CS|TAMS 0x0000000087300000, 0x0000000087300000| Complete 
| 116|0x0000000087400000, 0x0000000087500000, 0x0000000087500000|100%| E|CS|TAMS 0x0000000087400000, 0x0000000087400000| Complete 
| 117|0x0000000087500000, 0x0000000087600000, 0x0000000087600000|100%| E|CS|TAMS 0x0000000087500000, 0x0000000087500000| Complete 
| 118|0x0000000087600000, 0x0000000087700000, 0x0000000087700000|100%| E|CS|TAMS 0x0000000087600000, 0x0000000087600000| Complete 
| 119|0x0000000087700000, 0x0000000087800000, 0x0000000087800000|100%| E|CS|TAMS 0x0000000087700000, 0x0000000087700000| Complete 
| 120|0x0000000087800000, 0x0000000087900000, 0x0000000087900000|100%| E|CS|TAMS 0x0000000087800000, 0x0000000087800000| Complete 
| 121|0x0000000087900000, 0x0000000087a00000, 0x0000000087a00000|100%| E|CS|TAMS 0x0000000087900000, 0x0000000087900000| Complete 
| 122|0x0000000087a00000, 0x0000000087b00000, 0x0000000087b00000|100%| E|CS|TAMS 0x0000000087a00000, 0x0000000087a00000| Complete 
| 123|0x0000000087b00000, 0x0000000087c00000, 0x0000000087c00000|100%| E|CS|TAMS 0x0000000087b00000, 0x0000000087b00000| Complete 
| 124|0x0000000087c00000, 0x0000000087d00000, 0x0000000087d00000|100%| E|CS|TAMS 0x0000000087c00000, 0x0000000087c00000| Complete 
| 125|0x0000000087d00000, 0x0000000087e00000, 0x0000000087e00000|100%| E|CS|TAMS 0x0000000087d00000, 0x0000000087d00000| Complete 

Card table byte_map: [0x0000024434e70000,0x0000024435270000] _byte_map_base: 0x0000024434a70000

Marking Bits (Prev, Next): (CMBitMap*) 0x000002441d005600, (CMBitMap*) 0x000002441d0055c8
 Prev Bits: [0x0000024437670000, 0x0000024439670000)
 Next Bits: [0x0000024435670000, 0x0000024437670000)

Polling page: 0x000002441ae40000

Metaspace:

Usage:
  Non-class:     36.13 MB capacity,    35.40 MB ( 98%) used,   630.70 KB (  2%) free+waste,   107.63 KB ( <1%) overhead. 
      Class:      5.49 MB capacity,     5.09 MB ( 93%) used,   363.80 KB (  6%) free+waste,    52.25 KB ( <1%) overhead. 
       Both:     41.62 MB capacity,    40.49 MB ( 97%) used,   994.49 KB (  2%) free+waste,   159.88 KB ( <1%) overhead. 

Virtual space:
  Non-class space:       38.00 MB reserved,      36.33 MB ( 96%) committed 
      Class space:      504.00 MB reserved,       5.50 MB (  1%) committed 
             Both:      542.00 MB reserved,      41.83 MB (  8%) committed 

Chunk freelists:
   Non-Class:  15.00 KB
       Class:  7.00 KB
        Both:  22.00 KB

MaxMetaspaceSize: 512.00 MB
CompressedClassSpaceSize: 504.00 MB
Initial GC threshold: 20.80 MB
Current GC threshold: 68.88 MB
CDS: off

CodeHeap 'non-profiled nmethods': size=120000Kb used=2204Kb max_used=2204Kb free=117796Kb
 bounds [0x000002442d210000, 0x000002442d480000, 0x0000024434740000]
CodeHeap 'profiled nmethods': size=120000Kb used=8316Kb max_used=8316Kb free=111683Kb
 bounds [0x0000024425ce0000, 0x0000024426500000, 0x000002442d210000]
CodeHeap 'non-nmethods': size=5760Kb used=2276Kb max_used=2314Kb free=3483Kb
 bounds [0x0000024425740000, 0x00000244259b0000, 0x0000024425ce0000]
 total_blobs=4767 nmethods=3997 adapters=681
 compilation: enabled
              stopped_count=0, restarted_count=0
 full_count=0

Compilation events (20 events):
Event: 98.145 Thread 0x000002443c0b9000 nmethod 4001 0x00000244264fd190 code [0x00000244264fd340, 0x00000244264fd578]
Event: 103.960 Thread 0x000002443c0b9000 4002       1       java.nio.channels.FileLock::isShared (5 bytes)
Event: 103.960 Thread 0x000002443c0b9000 nmethod 4002 0x000002442d42b890 code [0x000002442d42ba40, 0x000002442d42baf8]
Event: 104.048 Thread 0x000002443c0b9000 4003  s    3       java.io.BufferedInputStream::read (113 bytes)
Event: 104.049 Thread 0x000002443c0b9000 nmethod 4003 0x00000244264fd690 code [0x00000244264fd8c0, 0x00000244264fe218]
Event: 104.281 Thread 0x000002443c0b9000 4004       3       org.gradle.launcher.daemon.context.DefaultDaemonContext::<init> (44 bytes)
Event: 104.282 Thread 0x000002443c0b9000 nmethod 4004 0x00000244264fe490 code [0x00000244264fe660, 0x00000244264fea58]
Event: 105.189 Thread 0x000002443c0b8000 4005       4       javax.management.ObjectName::construct (1135 bytes)
Event: 105.845 Thread 0x000002443c0b8000 nmethod 4005 0x000002442d42bb90 code [0x000002442d42bfc0, 0x000002442d4329a0]
Event: 107.155 Thread 0x000002443c0b8000 4006       4       java.util.Collection::stream (11 bytes)
Event: 107.160 Thread 0x000002443c0b8000 nmethod 4006 0x000002442d435f10 code [0x000002442d4360c0, 0x000002442d436438]
Event: 108.148 Thread 0x000002443c0b8000 4007       4       java.util.concurrent.locks.ReentrantLock::unlock (10 bytes)
Event: 108.153 Thread 0x000002443c0b8000 nmethod 4007 0x000002442d436610 code [0x000002442d4367c0, 0x000002442d436908]
Event: 109.157 Thread 0x000002443c0b8000 4008       4       java.util.Collections$UnmodifiableCollection::contains (11 bytes)
Event: 109.157 Thread 0x000002443c0b8000 nmethod 4008 0x000002442d436a10 code [0x000002442d436ba0, 0x000002442d436c38]
Event: 114.071 Thread 0x000002443c0b8000 4009       4       org.gradle.internal.serialize.InputStreamBackedDecoder::readString (8 bytes)
Event: 114.090 Thread 0x000002443c0b8000 nmethod 4009 0x000002442d436d10 code [0x000002442d436ec0, 0x000002442d436f68]
Event: 115.141 Thread 0x000002443c0b9000 4010       3       java.lang.ThreadLocal$ThreadLocalMap::cleanSomeSlots (60 bytes)
Event: 115.142 Thread 0x000002443c0b9000 nmethod 4010 0x00000244264feb90 code [0x00000244264fed60, 0x00000244264ff188]
Event: 117.844 Thread 0x000002443c0b8000 4011       4       java.util.concurrent.ConcurrentLinkedQueue::poll (84 bytes)

GC Heap History (14 events):
Event: 4.160 GC heap before
{Heap before GC invocations=0 (full 0):
 garbage-first heap   total 129024K, used 27648K [0x0000000080000000, 0x0000000100000000)
  region size 1024K, 24 young (24576K), 0 survivors (0K)
 Metaspace       used 10099K, capacity 10266K, committed 10368K, reserved 526336K
  class space    used 1029K, capacity 1107K, committed 1152K, reserved 516096K
}
Event: 4.411 GC heap after
{Heap after GC invocations=1 (full 0):
 garbage-first heap   total 129024K, used 10571K [0x0000000080000000, 0x0000000100000000)
  region size 1024K, 3 young (3072K), 3 survivors (3072K)
 Metaspace       used 10099K, capacity 10266K, committed 10368K, reserved 526336K
  class space    used 1029K, capacity 1107K, committed 1152K, reserved 516096K
}
Event: 16.174 GC heap before
{Heap before GC invocations=1 (full 0):
 garbage-first heap   total 129024K, used 84299K [0x0000000080000000, 0x0000000100000000)
  region size 1024K, 75 young (76800K), 3 survivors (3072K)
 Metaspace       used 18444K, capacity 18820K, committed 18944K, reserved 534528K
  class space    used 2133K, capacity 2278K, committed 2304K, reserved 516096K
}
Event: 16.280 GC heap after
{Heap after GC invocations=2 (full 0):
 garbage-first heap   total 129024K, used 17727K [0x0000000080000000, 0x0000000100000000)
  region size 1024K, 10 young (10240K), 10 survivors (10240K)
 Metaspace       used 18444K, capacity 18820K, committed 18944K, reserved 534528K
  class space    used 2133K, capacity 2278K, committed 2304K, reserved 516096K
}
Event: 20.155 GC heap before
{Heap before GC invocations=2 (full 0):
 garbage-first heap   total 129024K, used 36159K [0x0000000080000000, 0x0000000100000000)
  region size 1024K, 29 young (29696K), 10 survivors (10240K)
 Metaspace       used 20790K, capacity 21192K, committed 21296K, reserved 536576K
  class space    used 2483K, capacity 2652K, committed 2688K, reserved 516096K
}
Event: 20.170 GC heap after
{Heap after GC invocations=3 (full 0):
 garbage-first heap   total 129024K, used 18401K [0x0000000080000000, 0x0000000100000000)
  region size 1024K, 1 young (1024K), 1 survivors (1024K)
 Metaspace       used 20790K, capacity 21192K, committed 21296K, reserved 536576K
  class space    used 2483K, capacity 2652K, committed 2688K, reserved 516096K
}
Event: 30.917 GC heap before
{Heap before GC invocations=4 (full 0):
 garbage-first heap   total 129024K, used 64481K [0x0000000080000000, 0x0000000100000000)
  region size 1024K, 47 young (48128K), 1 survivors (1024K)
 Metaspace       used 24882K, capacity 25456K, committed 25648K, reserved 538624K
  class space    used 3141K, capacity 3351K, committed 3456K, reserved 516096K
}
Event: 30.921 GC heap after
{Heap after GC invocations=5 (full 0):
 garbage-first heap   total 129024K, used 19733K [0x0000000080000000, 0x0000000100000000)
  region size 1024K, 3 young (3072K), 3 survivors (3072K)
 Metaspace       used 24882K, capacity 25456K, committed 25648K, reserved 538624K
  class space    used 3141K, capacity 3351K, committed 3456K, reserved 516096K
}
Event: 44.553 GC heap before
{Heap before GC invocations=5 (full 0):
 garbage-first heap   total 129024K, used 70933K [0x0000000080000000, 0x0000000100000000)
  region size 1024K, 54 young (55296K), 3 survivors (3072K)
 Metaspace       used 30054K, capacity 30811K, committed 31152K, reserved 544768K
  class space    used 3929K, capacity 4247K, committed 4352K, reserved 516096K
}
Event: 44.560 GC heap after
{Heap after GC invocations=6 (full 0):
 garbage-first heap   total 129024K, used 21667K [0x0000000080000000, 0x0000000100000000)
  region size 1024K, 5 young (5120K), 5 survivors (5120K)
 Metaspace       used 30054K, capacity 30811K, committed 31152K, reserved 544768K
  class space    used 3929K, capacity 4247K, committed 4352K, reserved 516096K
}
Event: 56.547 GC heap before
{Heap before GC invocations=6 (full 0):
 garbage-first heap   total 129024K, used 49315K [0x0000000080000000, 0x0000000100000000)
  region size 1024K, 33 young (33792K), 5 survivors (5120K)
 Metaspace       used 34953K, capacity 35827K, committed 35920K, reserved 548864K
  class space    used 4455K, capacity 4813K, committed 4864K, reserved 516096K
}
Event: 56.570 GC heap after
{Heap after GC invocations=7 (full 0):
 garbage-first heap   total 129024K, used 23690K [0x0000000080000000, 0x0000000100000000)
  region size 1024K, 7 young (7168K), 7 survivors (7168K)
 Metaspace       used 34953K, capacity 35827K, committed 35920K, reserved 548864K
  class space    used 4455K, capacity 4813K, committed 4864K, reserved 516096K
}
Event: 70.688 GC heap before
{Heap before GC invocations=8 (full 0):
 garbage-first heap   total 129024K, used 85130K [0x0000000080000000, 0x0000000100000000)
  region size 1024K, 64 young (65536K), 7 survivors (7168K)
 Metaspace       used 40912K, capacity 41959K, committed 42064K, reserved 552960K
  class space    used 5129K, capacity 5530K, committed 5632K, reserved 516096K
}
Event: 70.787 GC heap after
{Heap after GC invocations=9 (full 0):
 garbage-first heap   total 129024K, used 28333K [0x0000000080000000, 0x0000000100000000)
  region size 1024K, 8 young (8192K), 8 survivors (8192K)
 Metaspace       used 40912K, capacity 41959K, committed 42064K, reserved 552960K
  class space    used 5129K, capacity 5530K, committed 5632K, reserved 516096K
}

Deoptimization events (20 events):
Event: 70.974 Thread 0x000002443d76a800 Uncommon trap: trap_request=0xffffff4d fr.pc=0x000002442d2b7b9c relative=0x00000000000013dc
Event: 70.974 Thread 0x000002443d76a800 Uncommon trap: reason=unstable_if action=reinterpret pc=0x000002442d2b7b9c method=java.util.concurrent.ConcurrentHashMap.putVal(Ljava/lang/Object;Ljava/lang/Object;Z)Ljava/lang/Object; @ 231 c2
Event: 70.974 Thread 0x000002443d76a800 DEOPT PACKING pc=0x000002442d2b7b9c sp=0x000000b1709f69f0
Event: 70.974 Thread 0x000002443d76a800 DEOPT UNPACKING pc=0x000002442578a1af sp=0x000000b1709f6970 mode 2
Event: 97.004 Thread 0x000002443d76a800 Uncommon trap: trap_request=0xffffff4d fr.pc=0x000002442d3eb57c relative=0x00000000000008fc
Event: 97.005 Thread 0x000002443d76a800 Uncommon trap: reason=unstable_if action=reinterpret pc=0x000002442d3eb57c method=java.io.BufferedInputStream.read([BII)I @ 56 c2
Event: 97.005 Thread 0x000002443d76a800 DEOPT PACKING pc=0x000002442d3eb57c sp=0x000000b1709f7b70
Event: 97.005 Thread 0x000002443d76a800 DEOPT UNPACKING pc=0x000002442578a1af sp=0x000000b1709f7b48 mode 2
Event: 98.090 Thread 0x000002443d76a800 Uncommon trap: trap_request=0xffffffde fr.pc=0x000002442d3ba0e0 relative=0x0000000000000440
Event: 98.090 Thread 0x000002443d76a800 Uncommon trap: reason=class_check action=maybe_recompile pc=0x000002442d3ba0e0 method=java.util.regex.Pattern$Start.match(Ljava/util/regex/Matcher;ILjava/lang/CharSequence;)Z @ 44 c2
Event: 98.090 Thread 0x000002443d76a800 DEOPT PACKING pc=0x000002442d3ba0e0 sp=0x000000b1709f5a20
Event: 98.090 Thread 0x000002443d76a800 DEOPT UNPACKING pc=0x000002442578a1af sp=0x000000b1709f58e8 mode 2
Event: 98.090 Thread 0x000002443d76a800 Uncommon trap: trap_request=0xffffffde fr.pc=0x000002442d3aa2a8 relative=0x0000000000000428
Event: 98.090 Thread 0x000002443d76a800 Uncommon trap: reason=class_check action=maybe_recompile pc=0x000002442d3aa2a8 method=java.util.regex.Pattern$Start.match(Ljava/util/regex/Matcher;ILjava/lang/CharSequence;)Z @ 44 c2
Event: 98.090 Thread 0x000002443d76a800 DEOPT PACKING pc=0x000002442d3aa2a8 sp=0x000000b1709f59b0
Event: 98.090 Thread 0x000002443d76a800 DEOPT UNPACKING pc=0x000002442578a1af sp=0x000000b1709f58f0 mode 2
Event: 98.091 Thread 0x000002443d76a800 Uncommon trap: trap_request=0xffffffde fr.pc=0x000002442d3aae50 relative=0x00000000000002f0
Event: 98.091 Thread 0x000002443d76a800 Uncommon trap: reason=class_check action=maybe_recompile pc=0x000002442d3aae50 method=java.util.regex.Pattern$Start.match(Ljava/util/regex/Matcher;ILjava/lang/CharSequence;)Z @ 44 c2
Event: 98.091 Thread 0x000002443d76a800 DEOPT PACKING pc=0x000002442d3aae50 sp=0x000000b1709f5930
Event: 98.091 Thread 0x000002443d76a800 DEOPT UNPACKING pc=0x000002442578a1af sp=0x000000b1709f58f0 mode 2

Classes redefined (0 events):
No events

Internal exceptions (20 events):
Event: 72.255 Thread 0x000002443d76a800 Exception <a 'java/lang/NoSuchMethodError'{0x00000000877d6980}: 'java.lang.Object java.lang.invoke.DirectMethodHandle$Holder.invokeStatic(java.lang.Object, long)'> (0x00000000877d6980) thrown at [./src/hotspot/share/interpreter/linkResolver.cpp, line 773]
Event: 72.256 Thread 0x000002443d76a800 Exception <a 'java/lang/NoSuchMethodError'{0x00000000877dac98}: 'java.lang.Object java.lang.invoke.DirectMethodHandle$Holder.invokeSpecial(java.lang.Object, java.lang.Object, long)'> (0x00000000877dac98) thrown at [./src/hotspot/share/interpreter/linkResolver.cpp, line 773]
Event: 72.281 Thread 0x000002443d76a800 Exception <a 'java/lang/NoSuchMethodError'{0x00000000877e37c0}: 'java.lang.Object java.lang.invoke.DirectMethodHandle$Holder.invokeStatic(java.lang.Object, java.lang.Object, long, java.lang.Object)'> (0x00000000877e37c0) thrown at [./src/hotspot/share/interpreter/linkResolver.cpp, line 773]
Event: 72.282 Thread 0x000002443d76a800 Exception <a 'java/lang/NoSuchMethodError'{0x00000000877e7898}: 'java.lang.Object java.lang.invoke.DirectMethodHandle$Holder.invokeStaticInit(java.lang.Object, java.lang.Object, long, java.lang.Object)'> (0x00000000877e7898) thrown at [./src/hotspot/share/interpreter/linkResolver.cpp, line 773]
Event: 72.317 Thread 0x000002443d76a800 Exception <a 'java/lang/ClassNotFoundException'{0x0000000087627b58}: java/lang/ProcessImplBeanInfo> (0x0000000087627b58) thrown at [./src/hotspot/share/classfile/systemDictionary.cpp, line 230]
Event: 72.319 Thread 0x000002443d76a800 Exception <a 'java/lang/ClassNotFoundException'{0x000000008762d548}: java/lang/ProcessBeanInfo> (0x000000008762d548) thrown at [./src/hotspot/share/classfile/systemDictionary.cpp, line 230]
Event: 72.319 Thread 0x000002443d76a800 Exception <a 'java/lang/ClassNotFoundException'{0x0000000087632f00}: java/lang/ProcessCustomizer> (0x0000000087632f00) thrown at [./src/hotspot/share/classfile/systemDictionary.cpp, line 230]
Event: 72.320 Thread 0x000002443d76a800 Exception <a 'java/lang/ClassNotFoundException'{0x0000000087643548}: java/lang/ProcessImplCustomizer> (0x0000000087643548) thrown at [./src/hotspot/share/classfile/systemDictionary.cpp, line 230]
Event: 72.360 Thread 0x000002443d76a800 Exception <a 'java/lang/ClassNotFoundException'{0x0000000087695488}: java/io/InputStreamReaderBeanInfo> (0x0000000087695488) thrown at [./src/hotspot/share/classfile/systemDictionary.cpp, line 230]
Event: 72.360 Thread 0x000002443d76a800 Exception <a 'java/lang/ClassNotFoundException'{0x000000008769b050}: java/io/ReaderBeanInfo> (0x000000008769b050) thrown at [./src/hotspot/share/classfile/systemDictionary.cpp, line 230]
Event: 72.360 Thread 0x000002443d76a800 Exception <a 'java/lang/ClassNotFoundException'{0x00000000876a09d0}: java/io/ReaderCustomizer> (0x00000000876a09d0) thrown at [./src/hotspot/share/classfile/systemDictionary.cpp, line 230]
Event: 72.361 Thread 0x000002443d76a800 Exception <a 'java/lang/ClassNotFoundException'{0x00000000876ab788}: java/io/InputStreamReaderCustomizer> (0x00000000876ab788) thrown at [./src/hotspot/share/classfile/systemDictionary.cpp, line 230]
Event: 72.390 Thread 0x000002443d76a800 Exception <a 'java/lang/ClassNotFoundException'{0x00000000876cf810}: java/io/BufferedReaderBeanInfo> (0x00000000876cf810) thrown at [./src/hotspot/share/classfile/systemDictionary.cpp, line 230]
Event: 72.390 Thread 0x000002443d76a800 Exception <a 'java/lang/ClassNotFoundException'{0x00000000876d51d0}: java/io/BufferedReaderCustomizer> (0x00000000876d51d0) thrown at [./src/hotspot/share/classfile/systemDictionary.cpp, line 230]
Event: 72.424 Thread 0x000002443d76a800 Exception <a 'java/lang/ClassNotFoundException'{0x000000008740c980}: java/lang/StringBufferBeanInfo> (0x000000008740c980) thrown at [./src/hotspot/share/classfile/systemDictionary.cpp, line 230]
Event: 72.424 Thread 0x000002443d76a800 Exception <a 'java/lang/ClassNotFoundException'{0x00000000874123b8}: java/lang/AbstractStringBuilderBeanInfo> (0x00000000874123b8) thrown at [./src/hotspot/share/classfile/systemDictionary.cpp, line 230]
Event: 72.424 Thread 0x000002443d76a800 Exception <a 'java/lang/ClassNotFoundException'{0x0000000087417f28}: java/lang/AbstractStringBuilderCustomizer> (0x0000000087417f28) thrown at [./src/hotspot/share/classfile/systemDictionary.cpp, line 230]
Event: 72.445 Thread 0x000002443d76a800 Exception <a 'java/lang/ClassNotFoundException'{0x00000000874fb3e0}: java/lang/StringBufferCustomizer> (0x00000000874fb3e0) thrown at [./src/hotspot/share/classfile/systemDictionary.cpp, line 230]
Event: 98.076 Thread 0x000002443d76a800 Exception <a 'java/lang/ClassNotFoundException'{0x00000000871b2950}: java/lang/StringBeanInfo> (0x00000000871b2950) thrown at [./src/hotspot/share/classfile/systemDictionary.cpp, line 230]
Event: 98.086 Thread 0x000002443d76a800 Exception <a 'java/lang/ClassNotFoundException'{0x00000000871b8308}: java/lang/StringCustomizer> (0x00000000871b8308) thrown at [./src/hotspot/share/classfile/systemDictionary.cpp, line 230]

Events (20 events):
Event: 96.460 loading class groovy/lang/GroovyRuntimeException
Event: 96.460 loading class groovy/lang/GroovyRuntimeException done
Event: 97.004 Executing VM operation: RevokeBias
Event: 97.005 Executing VM operation: RevokeBias done
Event: 97.007 loading class groovy/lang/GroovyRuntimeException
Event: 97.007 loading class groovy/lang/GroovyRuntimeException done
Event: 97.008 loading class org/codehaus/groovy/runtime/typehandling/DefaultTypeTransformation
Event: 97.008 loading class org/codehaus/groovy/runtime/typehandling/DefaultTypeTransformation done
Event: 97.012 loading class groovy/runtime/metaclass/java/lang/StringMetaClass
Event: 97.012 loading class groovy/runtime/metaclass/java/lang/StringMetaClass done
Event: 98.076 loading class java/lang/StringBeanInfo
Event: 98.076 loading class java/lang/StringBeanInfo done
Event: 98.076 loading class java/lang/StringBeanInfo
Event: 98.076 loading class java/lang/StringBeanInfo done
Event: 98.078 loading class java/lang/StringCustomizer
Event: 98.078 loading class java/lang/StringCustomizer done
Event: 98.086 loading class java/lang/StringCustomizer
Event: 98.086 loading class java/lang/StringCustomizer done
Event: 98.093 loading class org/codehaus/groovy/runtime/dgm$1154
Event: 98.093 loading class org/codehaus/groovy/runtime/dgm$1154 done


Dynamic libraries:
0x00007ff7b4d00000 - 0x00007ff7b4d0d000 	C:\Program Files\Microsoft\jdk-11.0.18.10-hotspot\bin\java.exe
0x00007ffe02350000 - 0x00007ffe02548000 	C:\Windows\SYSTEM32\ntdll.dll
0x00007ffe01710000 - 0x00007ffe017cf000 	C:\Windows\System32\KERNEL32.DLL
0x00007ffdffae0000 - 0x00007ffdffdd6000 	C:\Windows\System32\KERNELBASE.dll
0x00007ffdffeb0000 - 0x00007ffdfffb0000 	C:\Windows\System32\ucrtbase.dll
0x00007ffdc5bc0000 - 0x00007ffdc5bd7000 	C:\Program Files\Microsoft\jdk-11.0.18.10-hotspot\bin\jli.dll
0x00007ffe01250000 - 0x00007ffe013ed000 	C:\Windows\System32\USER32.dll
0x00007ffe00380000 - 0x00007ffe003a2000 	C:\Windows\System32\win32u.dll
0x00007ffe003b0000 - 0x00007ffe003dc000 	C:\Windows\System32\GDI32.dll
0x00007ffe00210000 - 0x00007ffe00325000 	C:\Windows\System32\gdi32full.dll
0x00007ffdffe10000 - 0x00007ffdffead000 	C:\Windows\System32\msvcp_win.dll
0x00007ffdc7bb0000 - 0x00007ffdc7bc5000 	C:\Program Files\Microsoft\jdk-11.0.18.10-hotspot\bin\VCRUNTIME140.dll
0x00007ffde7460000 - 0x00007ffde76fa000 	C:\Windows\WinSxS\amd64_microsoft.windows.common-controls_6595b64144ccf1df_6.0.19041.1110_none_60b5254171f9507e\COMCTL32.dll
0x00007ffe01670000 - 0x00007ffe0170e000 	C:\Windows\System32\msvcrt.dll
0x00007ffe013f0000 - 0x00007ffe01420000 	C:\Windows\System32\IMM32.DLL
0x00007ffdb17b0000 - 0x00007ffdb184b000 	C:\Program Files\Microsoft\jdk-11.0.18.10-hotspot\bin\msvcp140.dll
0x00007ffd8f610000 - 0x00007ffd901a2000 	C:\Program Files\Microsoft\jdk-11.0.18.10-hotspot\bin\server\jvm.dll
0x00007ffe01900000 - 0x00007ffe019af000 	C:\Windows\System32\ADVAPI32.dll
0x00007ffe01860000 - 0x00007ffe018fc000 	C:\Windows\System32\sechost.dll
0x00007ffe01ef0000 - 0x00007ffe02016000 	C:\Windows\System32\RPCRT4.dll
0x00007ffe021d0000 - 0x00007ffe021d8000 	C:\Windows\System32\PSAPI.DLL
0x00007ffdc4f70000 - 0x00007ffdc4f79000 	C:\Windows\SYSTEM32\WSOCK32.dll
0x00007ffe014d0000 - 0x00007ffe0153b000 	C:\Windows\System32\WS2_32.dll
0x00007ffdec180000 - 0x00007ffdec1a7000 	C:\Windows\SYSTEM32\WINMM.dll
0x00007ffdf9020000 - 0x00007ffdf902a000 	C:\Windows\SYSTEM32\VERSION.dll
0x00007ffdfe4a0000 - 0x00007ffdfe4b2000 	C:\Windows\SYSTEM32\kernel.appcore.dll
0x00007ffde2ce0000 - 0x00007ffde2cf0000 	C:\Program Files\Microsoft\jdk-11.0.18.10-hotspot\bin\verify.dll
0x00007ffdfe030000 - 0x00007ffdfe214000 	C:\Windows\SYSTEM32\DBGHELP.DLL
0x00007ffde7c60000 - 0x00007ffde7c94000 	C:\Windows\SYSTEM32\dbgcore.DLL
0x00007ffe00180000 - 0x00007ffe00202000 	C:\Windows\System32\bcryptPrimitives.dll
0x00007ffdbde80000 - 0x00007ffdbdea8000 	C:\Program Files\Microsoft\jdk-11.0.18.10-hotspot\bin\java.dll
0x00007ffde1840000 - 0x00007ffde184a000 	C:\Program Files\Microsoft\jdk-11.0.18.10-hotspot\bin\jimage.dll
0x00007ffdbde60000 - 0x00007ffdbde78000 	C:\Program Files\Microsoft\jdk-11.0.18.10-hotspot\bin\zip.dll
0x00007ffe00560000 - 0x00007ffe00ca4000 	C:\Windows\System32\SHELL32.dll
0x00007ffdfd880000 - 0x00007ffdfe014000 	C:\Windows\SYSTEM32\windows.storage.dll
0x00007ffe01a20000 - 0x00007ffe01d74000 	C:\Windows\System32\combase.dll
0x00007ffdff470000 - 0x00007ffdff49e000 	C:\Windows\SYSTEM32\Wldp.dll
0x00007ffe02260000 - 0x00007ffe0230d000 	C:\Windows\System32\SHCORE.dll
0x00007ffe021e0000 - 0x00007ffe02235000 	C:\Windows\System32\shlwapi.dll
0x00007ffdff960000 - 0x00007ffdff985000 	C:\Windows\SYSTEM32\profapi.dll
0x00007ffdbd810000 - 0x00007ffdbd829000 	C:\Program Files\Microsoft\jdk-11.0.18.10-hotspot\bin\net.dll
0x00007ffdfacb0000 - 0x00007ffdfadba000 	C:\Windows\SYSTEM32\WINHTTP.dll
0x00007ffdff180000 - 0x00007ffdff1ea000 	C:\Windows\system32\mswsock.dll
0x00007ffdbbf40000 - 0x00007ffdbbf53000 	C:\Program Files\Microsoft\jdk-11.0.18.10-hotspot\bin\nio.dll
0x00007ffdba3d0000 - 0x00007ffdba3f7000 	C:\Users\jivte\.gradle\native\68d5fa5c4cc2d200863cafc0d521ce42e7d3e7ee720ec0a83991735586a16f82\windows-amd64\native-platform.dll
0x00007ffda4700000 - 0x00007ffda4844000 	C:\Users\jivte\.gradle\native\e376f236ea51e6404a007f0833ffe2c6e607c4080706a723a18a27aeea778392\windows-amd64\native-platform-file-events.dll
0x00007ffde1690000 - 0x00007ffde1699000 	C:\Program Files\Microsoft\jdk-11.0.18.10-hotspot\bin\management.dll
0x00007ffddfd40000 - 0x00007ffddfd4b000 	C:\Program Files\Microsoft\jdk-11.0.18.10-hotspot\bin\management_ext.dll
0x00007ffdff340000 - 0x00007ffdff358000 	C:\Windows\SYSTEM32\CRYPTSP.dll
0x00007ffdfea40000 - 0x00007ffdfea74000 	C:\Windows\system32\rsaenh.dll
0x00007ffdffde0000 - 0x00007ffdffe07000 	C:\Windows\System32\bcrypt.dll
0x00007ffdff8e0000 - 0x00007ffdff90e000 	C:\Windows\SYSTEM32\USERENV.dll
0x00007ffdff330000 - 0x00007ffdff33c000 	C:\Windows\SYSTEM32\CRYPTBASE.dll
0x00007ffdfee40000 - 0x00007ffdfee7c000 	C:\Windows\SYSTEM32\IPHLPAPI.DLL
0x00007ffe01e00000 - 0x00007ffe01e08000 	C:\Windows\System32\NSI.dll
0x00007ffdf89d0000 - 0x00007ffdf89e7000 	C:\Windows\SYSTEM32\dhcpcsvc6.DLL
0x00007ffdf89b0000 - 0x00007ffdf89cd000 	C:\Windows\SYSTEM32\dhcpcsvc.DLL
0x00007ffdfee90000 - 0x00007ffdfef5a000 	C:\Windows\SYSTEM32\DNSAPI.dll

dbghelp: loaded successfully - version: 4.0.5 - missing functions: none
symbol engine: initialized successfully - sym options: 0x614 - pdb path: .;C:\Program Files\Microsoft\jdk-11.0.18.10-hotspot\bin;C:\Windows\SYSTEM32;C:\Windows\WinSxS\amd64_microsoft.windows.common-controls_6595b64144ccf1df_6.0.19041.1110_none_60b5254171f9507e;C:\Program Files\Microsoft\jdk-11.0.18.10-hotspot\bin\server;C:\Users\jivte\.gradle\native\68d5fa5c4cc2d200863cafc0d521ce42e7d3e7ee720ec0a83991735586a16f82\windows-amd64;C:\Users\jivte\.gradle\native\e376f236ea51e6404a007f0833ffe2c6e607c4080706a723a18a27aeea778392\windows-amd64

VM Arguments:
jvm_args: -XX:MaxMetaspaceSize=512m --add-opens=java.base/java.util=ALL-UNNAMED --add-opens=java.base/java.lang=ALL-UNNAMED --add-opens=java.base/java.lang.invoke=ALL-UNNAMED --add-opens=java.prefs/java.util.prefs=ALL-UNNAMED --add-opens=java.base/java.nio.charset=ALL-UNNAMED --add-opens=java.base/java.net=ALL-UNNAMED --add-opens=java.base/java.util.concurrent.atomic=ALL-UNNAMED -Xmx2048m -Dfile.encoding=windows-1252 -Duser.country=IN -Duser.language=en -Duser.variant 
java_command: org.gradle.launcher.daemon.bootstrap.GradleDaemon 8.0.1
java_class_path (initial): C:\Users\jivte\.gradle\wrapper\dists\gradle-8.0.1-all\aro4hu1c3oeioove7l0i4i14o\gradle-8.0.1\lib\gradle-launcher-8.0.1.jar
Launcher Type: SUN_STANDARD

[Global flags]
     intx CICompilerCount                          = 4                                         {product} {ergonomic}
   size_t CompressedClassSpaceSize                 = 528482304                                 {product} {ergonomic}
     uint ConcGCThreads                            = 2                                         {product} {ergonomic}
     uint G1ConcRefinementThreads                  = 8                                         {product} {ergonomic}
   size_t G1HeapRegionSize                         = 1048576                                   {product} {ergonomic}
    uintx GCDrainStackTargetSize                   = 64                                        {product} {ergonomic}
   size_t InitialHeapSize                          = 132120576                                 {product} {ergonomic}
   size_t MarkStackSize                            = 4194304                                   {product} {ergonomic}
   size_t MaxHeapSize                              = 2147483648                                {product} {command line}
   size_t MaxMetaspaceSize                         = 536870912                                 {product} {command line}
   size_t MaxNewSize                               = 1287651328                                {product} {ergonomic}
   size_t MinHeapDeltaBytes                        = 1048576                                   {product} {ergonomic}
    uintx NonNMethodCodeHeapSize                   = 5836300                                {pd product} {ergonomic}
    uintx NonProfiledCodeHeapSize                  = 122910970                              {pd product} {ergonomic}
    uintx ProfiledCodeHeapSize                     = 122910970                              {pd product} {ergonomic}
    uintx ReservedCodeCacheSize                    = 251658240                              {pd product} {ergonomic}
     bool SegmentedCodeCache                       = true                                      {product} {ergonomic}
     bool UseCompressedClassPointers               = true                                 {lp64_product} {ergonomic}
     bool UseCompressedOops                        = true                                 {lp64_product} {ergonomic}
     bool UseG1GC                                  = true                                      {product} {ergonomic}
     bool UseLargePagesIndividualAllocation        = false                                  {pd product} {ergonomic}

Logging:
Log output configuration:
 #0: stdout all=warning uptime,level,tags
 #1: stderr all=off uptime,level,tags

Environment Variables:
JAVA_HOME=C:\Program Files\Microsoft\jdk-11.0.18.10-hotspot\
CLASSPATH=C:\Users\jivte\Desktop\AwesomeProject\android\\gradle\wrapper\gradle-wrapper.jar
PATH=C:\Users\jivte\Desktop\AwesomeProject\node_modules\.bin;C:\Users\jivte\Desktop\AwesomeProject\node_modules\.bin;C:\Users\jivte\Desktop\node_modules\.bin;C:\Users\jivte\node_modules\.bin;C:\Users\node_modules\.bin;C:\node_modules\.bin;C:\Program Files\nodejs\node_modules\npm\node_modules\@npmcli\run-script\lib\node-gyp-bin;C:\Users\jivte\Desktop\AwesomeProject\node_modules\.bin;C:\Users\jivte\Desktop\node_modules\.bin;C:\Users\jivte\node_modules\.bin;C:\Users\node_modules\.bin;C:\node_modules\.bin;C:\Program Files\nodejs\node_modules\npm\node_modules\@npmcli\run-script\lib\node-gyp-bin;C:\Users\jivte\bin;C:\Program Files\Git\mingw64\bin;C:\Program Files\Git\usr\local\bin;C:\Program Files\Git\usr\bin;C:\Program Files\Git\usr\bin;C:\Program Files\Git\cmd;C:\Program Files\Microsoft\jdk-11.0.18.10-hotspot\bin;C:\Program Files (x86)\Common Files\Oracle\Java\javapath;C:\Windows\system32;C:\Windows;C:\Windows\System32\Wbem;C:\Windows\System32\WindowsPowerShell\v1.0;C:\Windows\System32\OpenSSH;C:\Program Files (x86)\NVIDIA Corporation\PhysX\Common;C:\Program Files\NVIDIA Corporation\NVIDIA NvDLISR;C:\Program Files\Git\cmd;C:\Program Files\Docker\Docker\resources\bin;C:\Program Files\Go\bin;C:\ProgramData\chocolatey\bin;C:\Program Files\nodejs;C:\Users\jivte\AppData\Local\Android\Sdk\platform-tools;C:\Program Files\MySQL\MySQL Shell 8.0\bin;C:\Users\jivte\anaconda3;C:\Users\jivte\anaconda3\Library\mingw-w64\bin;C:\Users\jivte\anaconda3\Library\usr\bin;C:\Users\jivte\anaconda3\Library\bin;C:\Users\jivte\anaconda3\Scripts;C:\Users\jivte\AppData\Local\Microsoft\WindowsApps;C:\Users\jivte\AppData\Local\atom\bin;C:\Users\jivte\AppData\Local\Programs\Hyper\resources\bin;C:\Program Files\heroku\bin;C:\MinGW\bin;C:\Users\jivte\AppData\Local\Programs\Microsoft VS Code\bin;C:\PATH_Programs;C:\Users\jivte\AppData\Local\Programs\Fiddler;C:\Users\jivte\go\bin;C:\Users\jivte\AppData\Roaming\npm;C:\Program Files\Git\usr\bin\vendor_perl;C:\Program Files\Git\usr\bin\core_perl
USERNAME=jivte
SHELL=C:\Program Files\Git\usr\bin\bash.exe
DISPLAY=needs-to-be-defined
LANG=en_US.UTF-8
TERM=cygwin
TMPDIR=C:\Users\jivte\AppData\Local\Temp
OS=Windows_NT
PROCESSOR_IDENTIFIER=Intel64 Family 6 Model 165 Stepping 2, GenuineIntel
TMP=C:\Users\jivte\AppData\Local\Temp
TEMP=C:\Users\jivte\AppData\Local\Temp



---------------  S Y S T E M  ---------------

OS: Windows 10 , 64 bit Build 19041 (10.0.19041.3155)
OS uptime: 0 days 4:15 hours
Hyper-V role detected

CPU:total 8 (initial active 8) (4 cores per cpu, 2 threads per core) family 6 model 165 stepping 2 microcode 0xe2, cmov, cx8, fxsr, mmx, sse, sse2, sse3, ssse3, sse4.1, sse4.2, popcnt, avx, avx2, aes, clmul, erms, 3dnowpref, lzcnt, ht, tsc, tscinvbit, bmi1, bmi2, adx, fma

Memory: 4k page, system-wide physical 8023M (139M free)
TotalPageFile size 32599M (AvailPageFile size 198M)
current process WorkingSet (physical memory assigned to process): 11M, peak: 173M
current process commit charge ("private bytes"): 282M, peak: 303M

vm_info: OpenJDK 64-Bit Server VM (11.0.18+10-LTS) for windows-amd64 JRE (11.0.18+10-LTS), built on Jan 18 2023 15:56:47 by "MicrosoftCorporation" with MS VC++ 15.9 (VS2017)

END.
