#
# There is insufficient memory for the Java Runtime Environment to continue.
# Native memory allocation (malloc) failed to allocate 9104 bytes for AllocateHeap
# Possible reasons:
#   The system is out of physical RAM or swap space
#   The process is running with CompressedOops enabled, and the Java Heap may be blocking the growth of the native heap
# Possible solutions:
#   Reduce memory load on the system
#   Increase physical memory or swap space
#   Check if swap backing store is full
#   Decrease Java heap size (-Xmx/-Xms)
#   Decrease number of Java threads
#   Decrease Java thread stack sizes (-Xss)
#   Set larger code cache with -XX:ReservedCodeCacheSize=
#   JVM is running with Unscaled Compressed Oops mode in which the Java heap is
#     placed in the first 4GB address space. The Java Heap base address is the
#     maximum limit for the native heap growth. Please use -XX:HeapBaseMinAddress
#     to set the Java Heap base and to place the Java Heap above 4GB virtual address.
# This output file may be truncated or incomplete.
#
#  Out of Memory Error (./src/hotspot/share/memory/allocation.cpp:46), pid=24036, tid=31848
#
# JRE version: OpenJDK Runtime Environment Microsoft-7208460 (11.0.18+10) (build 11.0.18+10-LTS)
# Java VM: OpenJDK 64-Bit Server VM Microsoft-7208460 (11.0.18+10-LTS, mixed mode, tiered, compressed oops, g1 gc, windows-amd64)
# No core dump will be written. Minidumps are not enabled by default on client versions of Windows
#

---------------  S U M M A R Y ------------

Command Line: -Xmx64m -Xms64m -Dorg.gradle.appname=gradlew org.gradle.wrapper.GradleWrapperMain tasks

Host: Intel(R) Core(TM) i5-10300H CPU @ 2.50GHz, 8 cores, 7G,  Windows 10 , 64 bit Build 19041 (10.0.19041.3155)
Time: Thu Jul 20 14:10:01 2023 India Standard Time elapsed time: 94.637668 seconds (0d 0h 1m 34s)

---------------  T H R E A D  ---------------

Current thread (0x000001a6fed87800):  JavaThread "Exec process" [_thread_in_Java, id=31848, stack(0x000000512f800000,0x000000512f900000)]

Stack: [0x000000512f800000,0x000000512f900000]
[error occurred during error reporting (printing stack bounds), id 0xc0000005, EXCEPTION_ACCESS_VIOLATION (0xc0000005) at pc=0x00007ffd8fcad40a]

Native frames: (J=compiled Java code, j=interpreted, Vv=VM code, C=native code)
V  [jvm.dll+0x62bf8a]
V  [jvm.dll+0x7b8fb9]
V  [jvm.dll+0x7ba6a8]
V  [jvm.dll+0x7bace5]
V  [jvm.dll+0x7bac9b]
V  [jvm.dll+0x62b317]
V  [jvm.dll+0x62ba28]
C  [ntdll.dll+0xa23af]
C  [ntdll.dll+0x514b4]
C  [ntdll.dll+0xa0ebe]
V  [jvm.dll+0x69d40a]
C  0x000001a6886a88be

Java frames: (J=compiled Java code, j=interpreted, Vv=VM code)
v  blob 0x000001a6886ea12b
J 194 c2 java.lang.String.codePointAt(I)I java.base@11.0.18 (50 bytes) @ 0x000001a69017da1c [0x000001a69017d9a0+0x000000000000007c]
J 190 c1 java.util.regex.Pattern.compile()V java.base@11.0.18 (498 bytes) @ 0x000001a688c80a6c [0x000001a688c805e0+0x000000000000048c]
j  java.util.regex.Pattern.<init>(Ljava/lang/String;I)V+108 java.base@11.0.18
j  java.util.regex.Pattern.compile(Ljava/lang/String;)Ljava/util/regex/Pattern;+6 java.base@11.0.18
j  java.util.Scanner.linePattern()Ljava/util/regex/Pattern;+10 java.base@11.0.18
j  java.util.Scanner.nextLine()Ljava/lang/String;+14 java.base@11.0.18
j  org.gradle.launcher.daemon.bootstrap.DaemonOutputConsumer.start()V+64
j  org.gradle.process.internal.DefaultExecHandle$CompositeStreamsHandler.start()V+19
j  org.gradle.process.internal.ExecHandleRunner.run()V+25
j  org.gradle.internal.operations.CurrentBuildOperationPreservingRunnable.run()V+11
j  org.gradle.internal.concurrent.ExecutorPolicy$CatchAndRecordFailures.onExecute(Ljava/lang/Runnable;)V+1
j  org.gradle.internal.concurrent.ManagedExecutorImpl$1.run()V+25
j  java.util.concurrent.ThreadPoolExecutor.runWorker(Ljava/util/concurrent/ThreadPoolExecutor$Worker;)V+92 java.base@11.0.18
j  java.util.concurrent.ThreadPoolExecutor$Worker.run()V+5 java.base@11.0.18
j  java.lang.Thread.run()V+11 java.base@11.0.18
v  ~StubRoutines::call_stub

---------------  P R O C E S S  ---------------

Threads class SMR info:
_java_thread_list=0x000001a6febde3a0, length=13, elements={
0x000001a6f82c4000, 0x000001a6fda56800, 0x000001a6fda58000, 0x000001a6fdab3800,
0x000001a6fdab5800, 0x000001a6fdab6800, 0x000001a6fdab9800, 0x000001a6fdabd000,
0x000001a6fda62000, 0x000001a6fdd08000, 0x000001a6fdeb3000, 0x000001a6fed87800,
0x000001a6fec22800
}

Java Threads: ( => current thread )
  0x000001a6f82c4000 JavaThread "main" [_thread_blocked, id=28692, stack(0x000000512e600000,0x000000512e700000)]
  0x000001a6fda56800 JavaThread "Reference Handler" daemon [_thread_blocked, id=24228, stack(0x000000512ed00000,0x000000512ee00000)]
  0x000001a6fda58000 JavaThread "Finalizer" daemon [_thread_blocked, id=27356, stack(0x000000512ee00000,0x000000512ef00000)]
  0x000001a6fdab3800 JavaThread "Signal Dispatcher" daemon [_thread_blocked, id=29644, stack(0x000000512ef00000,0x000000512f000000)]
  0x000001a6fdab5800 JavaThread "Attach Listener" daemon [_thread_blocked, id=29624, stack(0x000000512f000000,0x000000512f100000)]
  0x000001a6fdab6800 JavaThread "Service Thread" daemon [_thread_blocked, id=29600, stack(0x000000512f100000,0x000000512f200000)]
  0x000001a6fdab9800 JavaThread "C2 CompilerThread0" daemon [_thread_blocked, id=29560, stack(0x000000512f200000,0x000000512f300000)]
  0x000001a6fdabd000 JavaThread "C1 CompilerThread0" daemon [_thread_blocked, id=29556, stack(0x000000512f300000,0x000000512f400000)]
  0x000001a6fda62000 JavaThread "Sweeper thread" daemon [_thread_blocked, id=29668, stack(0x000000512f400000,0x000000512f500000)]
  0x000001a6fdd08000 JavaThread "Common-Cleaner" daemon [_thread_blocked, id=27600, stack(0x000000512f600000,0x000000512f700000)]
  0x000001a6fdeb3000 JavaThread "pool-1-thread-1" [_thread_blocked, id=31252, stack(0x000000512f700000,0x000000512f800000)]
=>0x000001a6fed87800 JavaThread "Exec process" [_thread_in_Java, id=31848, stack(0x000000512f800000,0x000000512f900000)]
  0x000001a6fec22800 JavaThread "Exec process Thread 2" [_thread_blocked, id=31928, stack(0x000000512fa00000,0x000000512fb00000)]

Other Threads:
  0x000001a6fda1c800 VMThread "VM Thread" [stack: 0x000000512ec00000,0x000000512ed00000] [id=29576] _threads_hazard_ptr=0x000001a6febde3a0
  0x000001a6fdc49000 WatcherThread [stack: 0x000000512f500000,0x000000512f600000] [id=29140]
  0x000001a6f82dd800 GCTaskThread "GC Thread#0" [stack: 0x000000512e700000,0x000000512e800000] [id=25020]
  0x000001a6fea2d800 GCTaskThread "GC Thread#1" [stack: 0x000000512e400000,0x000000512e500000] [id=31200]
  0x000001a6f82e4800 ConcurrentGCThread "G1 Main Marker" [stack: 0x000000512e800000,0x000000512e900000] [id=29608]
  0x000001a6f82e6000 ConcurrentGCThread "G1 Conc#0" [stack: 0x000000512e900000,0x000000512ea00000] [id=26276]
  0x000001a6f8349000 ConcurrentGCThread "G1 Refine#0" [stack: 0x000000512ea00000,0x000000512eb00000] [id=29584]
  0x000001a6f834a000 ConcurrentGCThread "G1 Young RemSet Sampling" [stack: 0x000000512eb00000,0x000000512ec00000] [id=29580]

Threads with active compile tasks:

VM state:synchronizing (normal execution)

VM Mutex/Monitor currently owned by a thread:  ([mutex/lock_event])
[0x000001a6f82bf300] Safepoint_lock - owner thread: 0x000001a6fda1c800
[0x000001a6f82bf390] Threads_lock - owner thread: 0x000001a6fda1c800

Heap address: 0x00000000fc000000, size: 64 MB, Compressed Oops mode: 32-bit
Narrow klass base: 0x0000000000000000, Narrow klass shift: 3
Compressed class space size: 1073741824 Address: 0x0000000100000000

Heap:
 garbage-first heap   total 65536K, used 33781K [0x00000000fc000000, 0x0000000100000000)
  region size 1024K, 27 young (27648K), 3 survivors (3072K)
 Metaspace       used 15566K, capacity 15899K, committed 16000K, reserved 1062912K
  class space    used 1741K, capacity 1858K, committed 1920K, reserved 1048576K
Heap Regions: E=young(eden), S=young(survivor), O=old, HS=humongous(starts), HC=humongous(continues), CS=collection set, F=free, A=archive, TAMS=top-at-mark-start (previous, next)
|   0|0x00000000fc000000, 0x00000000fc100000, 0x00000000fc100000|100%|HS|  |TAMS 0x00000000fc000000, 0x00000000fc000000| Complete 
|   1|0x00000000fc100000, 0x00000000fc200000, 0x00000000fc200000|100%|HC|  |TAMS 0x00000000fc100000, 0x00000000fc100000| Complete 
|   2|0x00000000fc200000, 0x00000000fc300000, 0x00000000fc300000|100%|HC|  |TAMS 0x00000000fc200000, 0x00000000fc200000| Complete 
|   3|0x00000000fc300000, 0x00000000fc400000, 0x00000000fc400000|100%|HC|  |TAMS 0x00000000fc300000, 0x00000000fc300000| Complete 
|   4|0x00000000fc400000, 0x00000000fc500000, 0x00000000fc500000|100%| O|  |TAMS 0x00000000fc400000, 0x00000000fc400000| Untracked 
|   5|0x00000000fc500000, 0x00000000fc600000, 0x00000000fc600000|100%| O|  |TAMS 0x00000000fc500000, 0x00000000fc500000| Untracked 
|   6|0x00000000fc600000, 0x00000000fc6fd600, 0x00000000fc700000| 98%| O|  |TAMS 0x00000000fc600000, 0x00000000fc600000| Untracked 
|   7|0x00000000fc700000, 0x00000000fc700000, 0x00000000fc800000|  0%| F|  |TAMS 0x00000000fc700000, 0x00000000fc700000| Untracked 
|   8|0x00000000fc800000, 0x00000000fc800000, 0x00000000fc900000|  0%| F|  |TAMS 0x00000000fc800000, 0x00000000fc800000| Untracked 
|   9|0x00000000fc900000, 0x00000000fc900000, 0x00000000fca00000|  0%| F|  |TAMS 0x00000000fc900000, 0x00000000fc900000| Untracked 
|  10|0x00000000fca00000, 0x00000000fca00000, 0x00000000fcb00000|  0%| F|  |TAMS 0x00000000fca00000, 0x00000000fca00000| Untracked 
|  11|0x00000000fcb00000, 0x00000000fcb00000, 0x00000000fcc00000|  0%| F|  |TAMS 0x00000000fcb00000, 0x00000000fcb00000| Untracked 
|  12|0x00000000fcc00000, 0x00000000fcc00000, 0x00000000fcd00000|  0%| F|  |TAMS 0x00000000fcc00000, 0x00000000fcc00000| Untracked 
|  13|0x00000000fcd00000, 0x00000000fcd00000, 0x00000000fce00000|  0%| F|  |TAMS 0x00000000fcd00000, 0x00000000fcd00000| Untracked 
|  14|0x00000000fce00000, 0x00000000fce00000, 0x00000000fcf00000|  0%| F|  |TAMS 0x00000000fce00000, 0x00000000fce00000| Untracked 
|  15|0x00000000fcf00000, 0x00000000fcf00000, 0x00000000fd000000|  0%| F|  |TAMS 0x00000000fcf00000, 0x00000000fcf00000| Untracked 
|  16|0x00000000fd000000, 0x00000000fd000000, 0x00000000fd100000|  0%| F|  |TAMS 0x00000000fd000000, 0x00000000fd000000| Untracked 
|  17|0x00000000fd100000, 0x00000000fd100000, 0x00000000fd200000|  0%| F|  |TAMS 0x00000000fd100000, 0x00000000fd100000| Untracked 
|  18|0x00000000fd200000, 0x00000000fd200000, 0x00000000fd300000|  0%| F|  |TAMS 0x00000000fd200000, 0x00000000fd200000| Untracked 
|  19|0x00000000fd300000, 0x00000000fd300000, 0x00000000fd400000|  0%| F|  |TAMS 0x00000000fd300000, 0x00000000fd300000| Untracked 
|  20|0x00000000fd400000, 0x00000000fd400000, 0x00000000fd500000|  0%| F|  |TAMS 0x00000000fd400000, 0x00000000fd400000| Untracked 
|  21|0x00000000fd500000, 0x00000000fd500000, 0x00000000fd600000|  0%| F|  |TAMS 0x00000000fd500000, 0x00000000fd500000| Untracked 
|  22|0x00000000fd600000, 0x00000000fd600000, 0x00000000fd700000|  0%| F|  |TAMS 0x00000000fd600000, 0x00000000fd600000| Untracked 
|  23|0x00000000fd700000, 0x00000000fd700000, 0x00000000fd800000|  0%| F|  |TAMS 0x00000000fd700000, 0x00000000fd700000| Untracked 
|  24|0x00000000fd800000, 0x00000000fd800000, 0x00000000fd900000|  0%| F|  |TAMS 0x00000000fd800000, 0x00000000fd800000| Untracked 
|  25|0x00000000fd900000, 0x00000000fd900000, 0x00000000fda00000|  0%| F|  |TAMS 0x00000000fd900000, 0x00000000fd900000| Untracked 
|  26|0x00000000fda00000, 0x00000000fda00000, 0x00000000fdb00000|  0%| F|  |TAMS 0x00000000fda00000, 0x00000000fda00000| Untracked 
|  27|0x00000000fdb00000, 0x00000000fdb00000, 0x00000000fdc00000|  0%| F|  |TAMS 0x00000000fdb00000, 0x00000000fdb00000| Untracked 
|  28|0x00000000fdc00000, 0x00000000fdc00000, 0x00000000fdd00000|  0%| F|  |TAMS 0x00000000fdc00000, 0x00000000fdc00000| Untracked 
|  29|0x00000000fdd00000, 0x00000000fdd00000, 0x00000000fde00000|  0%| F|  |TAMS 0x00000000fdd00000, 0x00000000fdd00000| Untracked 
|  30|0x00000000fde00000, 0x00000000fde00000, 0x00000000fdf00000|  0%| F|  |TAMS 0x00000000fde00000, 0x00000000fde00000| Untracked 
|  31|0x00000000fdf00000, 0x00000000fdf00000, 0x00000000fe000000|  0%| F|  |TAMS 0x00000000fdf00000, 0x00000000fdf00000| Untracked 
|  32|0x00000000fe000000, 0x00000000fe000000, 0x00000000fe100000|  0%| F|  |TAMS 0x00000000fe000000, 0x00000000fe000000| Untracked 
|  33|0x00000000fe100000, 0x00000000fe100000, 0x00000000fe200000|  0%| F|  |TAMS 0x00000000fe100000, 0x00000000fe100000| Untracked 
|  34|0x00000000fe200000, 0x00000000fe200000, 0x00000000fe300000|  0%| F|  |TAMS 0x00000000fe200000, 0x00000000fe200000| Untracked 
|  35|0x00000000fe300000, 0x00000000fe300000, 0x00000000fe400000|  0%| F|  |TAMS 0x00000000fe300000, 0x00000000fe300000| Untracked 
|  36|0x00000000fe400000, 0x00000000fe400000, 0x00000000fe500000|  0%| F|  |TAMS 0x00000000fe400000, 0x00000000fe400000| Untracked 
|  37|0x00000000fe500000, 0x00000000fe600000, 0x00000000fe600000|100%| S|CS|TAMS 0x00000000fe500000, 0x00000000fe500000| Complete 
|  38|0x00000000fe600000, 0x00000000fe700000, 0x00000000fe700000|100%| S|CS|TAMS 0x00000000fe600000, 0x00000000fe600000| Complete 
|  39|0x00000000fe700000, 0x00000000fe800000, 0x00000000fe800000|100%| S|CS|TAMS 0x00000000fe700000, 0x00000000fe700000| Complete 
|  40|0x00000000fe800000, 0x00000000fe887a38, 0x00000000fe900000| 52%| E|  |TAMS 0x00000000fe800000, 0x00000000fe800000| Complete 
|  41|0x00000000fe900000, 0x00000000fea00000, 0x00000000fea00000|100%| E|CS|TAMS 0x00000000fe900000, 0x00000000fe900000| Complete 
|  42|0x00000000fea00000, 0x00000000feb00000, 0x00000000feb00000|100%| E|CS|TAMS 0x00000000fea00000, 0x00000000fea00000| Complete 
|  43|0x00000000feb00000, 0x00000000fec00000, 0x00000000fec00000|100%| E|CS|TAMS 0x00000000feb00000, 0x00000000feb00000| Complete 
|  44|0x00000000fec00000, 0x00000000fed00000, 0x00000000fed00000|100%| E|CS|TAMS 0x00000000fec00000, 0x00000000fec00000| Complete 
|  45|0x00000000fed00000, 0x00000000fee00000, 0x00000000fee00000|100%| E|CS|TAMS 0x00000000fed00000, 0x00000000fed00000| Complete 
|  46|0x00000000fee00000, 0x00000000fef00000, 0x00000000fef00000|100%| E|CS|TAMS 0x00000000fee00000, 0x00000000fee00000| Complete 
|  47|0x00000000fef00000, 0x00000000ff000000, 0x00000000ff000000|100%| E|CS|TAMS 0x00000000fef00000, 0x00000000fef00000| Complete 
|  48|0x00000000ff000000, 0x00000000ff100000, 0x00000000ff100000|100%| E|CS|TAMS 0x00000000ff000000, 0x00000000ff000000| Complete 
|  49|0x00000000ff100000, 0x00000000ff200000, 0x00000000ff200000|100%| E|CS|TAMS 0x00000000ff100000, 0x00000000ff100000| Complete 
|  50|0x00000000ff200000, 0x00000000ff300000, 0x00000000ff300000|100%| E|CS|TAMS 0x00000000ff200000, 0x00000000ff200000| Complete 
|  51|0x00000000ff300000, 0x00000000ff400000, 0x00000000ff400000|100%| E|CS|TAMS 0x00000000ff300000, 0x00000000ff300000| Complete 
|  52|0x00000000ff400000, 0x00000000ff500000, 0x00000000ff500000|100%| E|CS|TAMS 0x00000000ff400000, 0x00000000ff400000| Complete 
|  53|0x00000000ff500000, 0x00000000ff600000, 0x00000000ff600000|100%| E|CS|TAMS 0x00000000ff500000, 0x00000000ff500000| Complete 
|  54|0x00000000ff600000, 0x00000000ff700000, 0x00000000ff700000|100%| E|CS|TAMS 0x00000000ff600000, 0x00000000ff600000| Complete 
|  55|0x00000000ff700000, 0x00000000ff800000, 0x00000000ff800000|100%| E|CS|TAMS 0x00000000ff700000, 0x00000000ff700000| Complete 
|  56|0x00000000ff800000, 0x00000000ff900000, 0x00000000ff900000|100%| E|CS|TAMS 0x00000000ff800000, 0x00000000ff800000| Complete 
|  57|0x00000000ff900000, 0x00000000ffa00000, 0x00000000ffa00000|100%| E|CS|TAMS 0x00000000ff900000, 0x00000000ff900000| Complete 
|  58|0x00000000ffa00000, 0x00000000ffb00000, 0x00000000ffb00000|100%| E|CS|TAMS 0x00000000ffa00000, 0x00000000ffa00000| Complete 
|  59|0x00000000ffb00000, 0x00000000ffc00000, 0x00000000ffc00000|100%| E|CS|TAMS 0x00000000ffb00000, 0x00000000ffb00000| Complete 
|  60|0x00000000ffc00000, 0x00000000ffd00000, 0x00000000ffd00000|100%| E|CS|TAMS 0x00000000ffc00000, 0x00000000ffc00000| Complete 
|  61|0x00000000ffd00000, 0x00000000ffe00000, 0x00000000ffe00000|100%| E|CS|TAMS 0x00000000ffd00000, 0x00000000ffd00000| Complete 
|  62|0x00000000ffe00000, 0x00000000fff00000, 0x00000000fff00000|100%| E|CS|TAMS 0x00000000ffe00000, 0x00000000ffe00000| Complete 
|  63|0x00000000fff00000, 0x0000000100000000, 0x0000000100000000|100%| E|CS|TAMS 0x00000000fff00000, 0x00000000fff00000| Complete 

Card table byte_map: [0x000001a6fa600000,0x000001a6fa620000] _byte_map_base: 0x000001a6f9e20000

Marking Bits (Prev, Next): (CMBitMap*) 0x000001a6f82e3468, (CMBitMap*) 0x000001a6f82e34a0
 Prev Bits: [0x000001a6fa640000, 0x000001a6fa740000)
 Next Bits: [0x000001a6fa740000, 0x000001a6fa840000)

Polling page: 0x000001a6f83a0000

Metaspace:

Usage:
  Non-class:     13.71 MB capacity,    13.50 MB ( 98%) used,   191.62 KB (  1%) free+waste,    23.50 KB ( <1%) overhead. 
      Class:      1.81 MB capacity,     1.70 MB ( 94%) used,   105.34 KB (  6%) free+waste,    11.63 KB ( <1%) overhead. 
       Both:     15.53 MB capacity,    15.20 MB ( 98%) used,   296.96 KB (  2%) free+waste,    35.13 KB ( <1%) overhead. 

Virtual space:
  Non-class space:       14.00 MB reserved,      13.75 MB ( 98%) committed 
      Class space:        1.00 GB reserved,       1.88 MB ( <1%) committed 
             Both:        1.01 GB reserved,      15.63 MB (  2%) committed 

Chunk freelists:
   Non-Class:  39.00 KB
       Class:  0 bytes
        Both:  39.00 KB

MaxMetaspaceSize: 17179869184.00 GB
CompressedClassSpaceSize: 1.00 GB
Initial GC threshold: 20.80 MB
Current GC threshold: 20.80 MB
CDS: off

CodeHeap 'non-profiled nmethods': size=120000Kb used=565Kb max_used=565Kb free=119434Kb
 bounds [0x000001a690170000, 0x000001a6903e0000, 0x000001a6976a0000]
CodeHeap 'profiled nmethods': size=120000Kb used=2787Kb max_used=2787Kb free=117212Kb
 bounds [0x000001a688c40000, 0x000001a688f00000, 0x000001a690170000]
CodeHeap 'non-nmethods': size=5760Kb used=1156Kb max_used=1168Kb free=4604Kb
 bounds [0x000001a6886a0000, 0x000001a688910000, 0x000001a688c40000]
 total_blobs=1818 nmethods=1398 adapters=333
 compilation: enabled
              stopped_count=0, restarted_count=0
 full_count=0

Compilation events (20 events):
Event: 82.468 Thread 0x000001a6fdabd000 1390       3       java.util.concurrent.locks.AbstractQueuedSynchronizer$ConditionObject::signal (33 bytes)
Event: 82.468 Thread 0x000001a6fdabd000 nmethod 1390 0x000001a688ef5c90 code [0x000001a688ef5e80, 0x000001a688ef61a8]
Event: 82.468 Thread 0x000001a6fdabd000 1391       3       java.util.concurrent.ThreadPoolExecutor::ensurePrestart (41 bytes)
Event: 82.468 Thread 0x000001a6fdabd000 nmethod 1391 0x000001a688ef6310 code [0x000001a688ef64e0, 0x000001a688ef6778]
Event: 82.468 Thread 0x000001a6fdabd000 1392       3       java.util.concurrent.ThreadPoolExecutor::afterExecute (1 bytes)
Event: 82.468 Thread 0x000001a6fdabd000 nmethod 1392 0x000001a688ef6890 code [0x000001a688ef6a40, 0x000001a688ef6b38]
Event: 82.577 Thread 0x000001a6fdabd000 1393       3       java.util.concurrent.ScheduledThreadPoolExecutor$DelayedWorkQueue::finishPoll (43 bytes)
Event: 82.578 Thread 0x000001a6fdabd000 nmethod 1393 0x000001a688ef6c10 code [0x000001a688ef6e00, 0x000001a688ef73a8]
Event: 82.578 Thread 0x000001a6fdabd000 1394       3       java.util.concurrent.ScheduledThreadPoolExecutor$ScheduledFutureTask::run (57 bytes)
Event: 82.578 Thread 0x000001a6fdabd000 nmethod 1394 0x000001a688ef7590 code [0x000001a688ef77c0, 0x000001a688ef7bf8]
Event: 82.578 Thread 0x000001a6fdabd000 1395       3       org.gradle.internal.logging.events.UpdateNowEvent::<init> (10 bytes)
Event: 82.578 Thread 0x000001a6fdabd000 nmethod 1395 0x000001a688ef7d90 code [0x000001a688ef7f40, 0x000001a688ef80f8]
Event: 83.276 Thread 0x000001a6fdabd000 1396       3       java.util.LinkedHashMap$LinkedValueIterator::next (8 bytes)
Event: 83.276 Thread 0x000001a6fdabd000 nmethod 1396 0x000001a688ef8210 code [0x000001a688ef83c0, 0x000001a688ef84e8]
Event: 89.981 Thread 0x000001a6fdab9800 1397       4       java.util.LinkedHashMap$LinkedHashIterator::hasNext (13 bytes)
Event: 89.982 Thread 0x000001a6fdab9800 nmethod 1397 0x000001a6901fd190 code [0x000001a6901fd320, 0x000001a6901fd398]
Event: 90.075 Thread 0x000001a6fdabd000 1398       3       org.gradle.internal.logging.sink.GroupingProgressLogEventGenerator$OperationState::maybeFlushOutput (1 bytes)
Event: 90.075 Thread 0x000001a6fdabd000 nmethod 1398 0x000001a688ef8590 code [0x000001a688ef8740, 0x000001a688ef8838]
Event: 93.829 Thread 0x000001a6fdabd000 1399       3       java.nio.ByteBuffer::arrayOffset (35 bytes)
Event: 93.830 Thread 0x000001a6fdabd000 nmethod 1399 0x000001a688ef8910 code [0x000001a688ef8ae0, 0x000001a688ef8d98]

GC Heap History (2 events):
Event: 56.672 GC heap before
{Heap before GC invocations=0 (full 0):
 garbage-first heap   total 65536K, used 27648K [0x00000000fc000000, 0x0000000100000000)
  region size 1024K, 24 young (24576K), 0 survivors (0K)
 Metaspace       used 10571K, capacity 10851K, committed 11008K, reserved 1058816K
  class space    used 1064K, capacity 1167K, committed 1280K, reserved 1048576K
}
Event: 56.707 GC heap after
{Heap after GC invocations=1 (full 0):
 garbage-first heap   total 65536K, used 10229K [0x00000000fc000000, 0x0000000100000000)
  region size 1024K, 3 young (3072K), 3 survivors (3072K)
 Metaspace       used 10571K, capacity 10851K, committed 11008K, reserved 1058816K
  class space    used 1064K, capacity 1167K, committed 1280K, reserved 1048576K
}

Deoptimization events (20 events):
Event: 65.906 Thread 0x000001a6f82c4000 DEOPT UNPACKING pc=0x000001a6886ea95e sp=0x000000512e6fba78 mode 0
Event: 66.224 Thread 0x000001a6f82c4000 DEOPT PACKING pc=0x000001a688cf98a1 sp=0x000000512e6fc4c0
Event: 66.224 Thread 0x000001a6f82c4000 DEOPT UNPACKING pc=0x000001a6886ea95e sp=0x000000512e6fb9b8 mode 0
Event: 66.421 Thread 0x000001a6f82c4000 DEOPT PACKING pc=0x000001a688e65ce8 sp=0x000000512e6fc7a0
Event: 66.421 Thread 0x000001a6f82c4000 DEOPT UNPACKING pc=0x000001a6886ea95e sp=0x000000512e6fbcb8 mode 0
Event: 68.041 Thread 0x000001a6fed87800 Uncommon trap: trap_request=0xffffff4d fr.pc=0x000001a6901a463c relative=0x000000000000047c
Event: 68.041 Thread 0x000001a6fed87800 Uncommon trap: reason=unstable_if action=reinterpret pc=0x000001a6901a463c method=java.lang.AbstractStringBuilder.putStringAt(ILjava/lang/String;)V @ 8 c2
Event: 68.041 Thread 0x000001a6fed87800 DEOPT PACKING pc=0x000001a6901a463c sp=0x000000512f8ff1e0
Event: 68.041 Thread 0x000001a6fed87800 DEOPT UNPACKING pc=0x000001a6886ea1af sp=0x000000512f8ff0e8 mode 2
Event: 68.041 Thread 0x000001a6fed87800 Uncommon trap: trap_request=0xffffff4d fr.pc=0x000001a6901a5114 relative=0x0000000000000454
Event: 68.041 Thread 0x000001a6fed87800 Uncommon trap: reason=unstable_if action=reinterpret pc=0x000001a6901a5114 method=java.lang.AbstractStringBuilder.putStringAt(ILjava/lang/String;)V @ 8 c2
Event: 68.041 Thread 0x000001a6fed87800 DEOPT PACKING pc=0x000001a6901a5114 sp=0x000000512f8ff170
Event: 68.041 Thread 0x000001a6fed87800 DEOPT UNPACKING pc=0x000001a6886ea1af sp=0x000000512f8ff0e0 mode 2
Event: 68.041 Thread 0x000001a6fed87800 Uncommon trap: trap_request=0xffffff4d fr.pc=0x000001a6901d9840 relative=0x0000000000000380
Event: 68.041 Thread 0x000001a6fed87800 Uncommon trap: reason=unstable_if action=reinterpret pc=0x000001a6901d9840 method=java.lang.AbstractStringBuilder.isLatin1()Z @ 10 c2
Event: 68.041 Thread 0x000001a6fed87800 DEOPT PACKING pc=0x000001a6901d9840 sp=0x000000512f8ff1f0
Event: 68.041 Thread 0x000001a6fed87800 DEOPT UNPACKING pc=0x000001a6886ea1af sp=0x000000512f8ff170 mode 2
Event: 93.831 Thread 0x000001a6fed87800 Uncommon trap: trap_request=0xffffff4d fr.pc=0x000001a69017da1c relative=0x000000000000007c
Event: 93.831 Thread 0x000001a6fed87800 Uncommon trap: reason=unstable_if action=reinterpret pc=0x000001a69017da1c method=java.lang.String.codePointAt(I)I @ 4 c2
Event: 93.831 Thread 0x000001a6fed87800 DEOPT PACKING pc=0x000001a69017da1c sp=0x000000512f8ff170

Classes redefined (0 events):
No events

Internal exceptions (17 events):
Event: 9.412 Thread 0x000001a6f82c4000 Exception <a 'java/lang/NoSuchMethodError'{0x00000000ffcd3b90}: 'int java.lang.invoke.DirectMethodHandle$Holder.invokeStaticInit(java.lang.Object, java.lang.Object)'> (0x00000000ffcd3b90) thrown at [./src/hotspot/share/interpreter/linkResolver.cpp, line 773]
Event: 16.192 Thread 0x000001a6f82c4000 Exception <a 'java/lang/NoSuchMethodError'{0x00000000ffba84f8}: 'int java.lang.invoke.DirectMethodHandle$Holder.invokeSpecial(java.lang.Object, java.lang.Object, java.lang.Object, java.lang.Object)'> (0x00000000ffba84f8) thrown at [./src/hotspot/share/interpreter/linkResolver.cpp, line 773]
Event: 16.223 Thread 0x000001a6f82c4000 Exception <a 'java/lang/NoSuchMethodError'{0x00000000ffbe08c0}: 'int java.lang.invoke.DirectMethodHandle$Holder.invokeSpecialIFC(java.lang.Object, java.lang.Object, int)'> (0x00000000ffbe08c0) thrown at [./src/hotspot/share/interpreter/linkResolver.cpp, line 773]
Event: 56.484 Thread 0x000001a6f82c4000 Implicit null exception at 0x000001a6901bbff5 to 0x000001a6901bc1c0
Event: 56.630 Thread 0x000001a6f82c4000 Exception <a 'java/lang/NoClassDefFoundError'{0x00000000fe8c19a0}: org/slf4j/impl/StaticMarkerBinder> (0x00000000fe8c19a0) thrown at [./src/hotspot/share/classfile/systemDictionary.cpp, line 219]
Event: 56.724 Thread 0x000001a6f82c4000 Exception <a 'java/lang/NoSuchMethodError'{0x00000000fffc2d98}: 'java.lang.Object java.lang.invoke.DirectMethodHandle$Holder.invokeVirtual(java.lang.Object, java.lang.Object, java.lang.Object, java.lang.Object, java.lang.Object, java.lang.Object, java.lang.Object)'> (0x00000000fffc2d98) thrown at [./src/hotspot/share/interpreter/linkResolver.cpp, line 773]
Event: 56.728 Thread 0x000001a6f82c4000 Exception <a 'java/lang/NoSuchMethodError'{0x00000000fffd7020}: 'java.lang.Object java.lang.invoke.Invokers$Holder.invoker(java.lang.Object, java.lang.Object, java.lang.Object)'> (0x00000000fffd7020) thrown at [./src/hotspot/share/interpreter/linkResolver.cpp, line 773]
Event: 56.733 Thread 0x000001a6f82c4000 Exception <a 'java/lang/NoSuchMethodError'{0x00000000fffe7d60}: 'void java.lang.invoke.DelegatingMethodHandle$Holder.delegate(java.lang.Object, java.lang.Object, int, java.lang.Object)'> (0x00000000fffe7d60) thrown at [./src/hotspot/share/interpreter/linkResolver.cpp, line 773]
Event: 58.345 Thread 0x000001a6f82c4000 Exception <a 'java/lang/NoSuchMethodError'{0x00000000ff6b0b78}: 'java.lang.Object java.lang.invoke.DirectMethodHandle$Holder.invokeStaticInit(java.lang.Object, java.lang.Object, java.lang.Object)'> (0x00000000ff6b0b78) thrown at [./src/hotspot/share/interpreter/linkResolver.cpp, line 773]
Event: 59.134 Thread 0x000001a6f82c4000 Exception <a 'java/lang/NoSuchMethodError'{0x00000000ff001540}: 'java.lang.Object java.lang.invoke.DirectMethodHandle$Holder.invokeStaticInit(java.lang.Object, int, int, int, int)'> (0x00000000ff001540) thrown at [./src/hotspot/share/interpreter/linkResolver.cpp, line 773]
Event: 62.463 Thread 0x000001a6f82c4000 Exception <a 'java/lang/NoSuchMethodError'{0x00000000ff0c63d0}: 'java.lang.Object java.lang.invoke.DirectMethodHandle$Holder.invokeStaticInit(java.lang.Object, java.lang.Object, int, int, int, int)'> (0x00000000ff0c63d0) thrown at [./src/hotspot/share/interpreter/linkResolver.cpp, line 773]
Event: 64.195 Thread 0x000001a6f82c4000 Exception <a 'java/lang/NoSuchMethodError'{0x00000000fef963c0}: 'void java.lang.invoke.DirectMethodHandle$Holder.invokeSpecial(java.lang.Object, java.lang.Object)'> (0x00000000fef963c0) thrown at [./src/hotspot/share/interpreter/linkResolver.cpp, line 773]
Event: 67.964 Thread 0x000001a6fed87800 Exception <a 'java/lang/NoSuchMethodError'{0x00000000fe9936e0}: 'void java.lang.invoke.DirectMethodHandle$Holder.invokeStatic(java.lang.Object, long)'> (0x00000000fe9936e0) thrown at [./src/hotspot/share/interpreter/linkResolver.cpp, line 773]
Event: 67.965 Thread 0x000001a6fed87800 Exception <a 'java/lang/NoSuchMethodError'{0x00000000fe998688}: 'java.lang.Object java.lang.invoke.DirectMethodHandle$Holder.invokeStatic(java.lang.Object, long)'> (0x00000000fe998688) thrown at [./src/hotspot/share/interpreter/linkResolver.cpp, line 773]
Event: 67.969 Thread 0x000001a6fed87800 Exception <a 'java/lang/NoSuchMethodError'{0x00000000fe9a6728}: 'java.lang.Object java.lang.invoke.DirectMethodHandle$Holder.invokeStaticInit(java.lang.Object, java.lang.Object, long, java.lang.Object)'> (0x00000000fe9a6728) thrown at [./src/hotspot/share/interpreter/linkResolver.cpp, line 773]
Event: 67.970 Thread 0x000001a6fed87800 Exception <a 'java/lang/NoSuchMethodError'{0x00000000fe9ac618}: 'java.lang.Object java.lang.invoke.DirectMethodHandle$Holder.invokeStatic(java.lang.Object, java.lang.Object, long)'> (0x00000000fe9ac618) thrown at [./src/hotspot/share/interpreter/linkResolver.cpp, line 773]
Event: 67.971 Thread 0x000001a6fed87800 Exception <a 'java/lang/NoSuchMethodError'{0x00000000fe9b28e8}: 'java.lang.Object java.lang.invoke.Invokers$Holder.linkToTargetMethod(java.lang.Object, long, java.lang.Object)'> (0x00000000fe9b28e8) thrown at [./src/hotspot/share/interpreter/linkResolver.cpp, line 773]

Events (20 events):
Event: 67.990 loading class java/text/NumberFormat done
Event: 67.991 loading class java/text/spi/NumberFormatProvider
Event: 67.991 loading class java/text/spi/NumberFormatProvider done
Event: 67.991 loading class sun/util/locale/provider/NumberFormatProviderImpl
Event: 67.991 loading class sun/util/locale/provider/NumberFormatProviderImpl done
Event: 67.991 Executing VM operation: RevokeBias
Event: 68.029 Executing VM operation: RevokeBias done
Event: 68.032 Executing VM operation: RevokeBias
Event: 68.032 Executing VM operation: RevokeBias done
Event: 68.032 Executing VM operation: RevokeBias
Event: 68.032 Executing VM operation: RevokeBias done
Event: 68.034 Thread 0x000001a6fdfa3800 Thread exited: 0x000001a6fdfa3800
Event: 68.038 loading class java/text/DecimalFormat
Event: 68.039 loading class java/text/DecimalFormat done
Event: 68.040 loading class java/text/FieldPosition
Event: 68.040 loading class java/text/FieldPosition done
Event: 68.040 loading class java/text/DigitList
Event: 68.040 loading class java/text/DigitList done
Event: 68.041 loading class java/io/PrintWriter
Event: 68.041 loading class java/io/PrintWriter done


Dynamic libraries:
0x00007ff7b4d00000 - 0x00007ff7b4d0d000 	C:\Program Files\Microsoft\jdk-11.0.18.10-hotspot\bin\java.exe
0x00007ffe02350000 - 0x00007ffe02548000 	C:\Windows\SYSTEM32\ntdll.dll
0x00007ffe01710000 - 0x00007ffe017cf000 	C:\Windows\System32\KERNEL32.DLL
0x00007ffdffae0000 - 0x00007ffdffdd6000 	C:\Windows\System32\KERNELBASE.dll
0x00007ffdffeb0000 - 0x00007ffdfffb0000 	C:\Windows\System32\ucrtbase.dll
0x00007ffdc7bb0000 - 0x00007ffdc7bc5000 	C:\Program Files\Microsoft\jdk-11.0.18.10-hotspot\bin\VCRUNTIME140.dll
0x00007ffdc5bc0000 - 0x00007ffdc5bd7000 	C:\Program Files\Microsoft\jdk-11.0.18.10-hotspot\bin\jli.dll
0x00007ffe01250000 - 0x00007ffe013ed000 	C:\Windows\System32\USER32.dll
0x00007ffe00380000 - 0x00007ffe003a2000 	C:\Windows\System32\win32u.dll
0x00007ffe003b0000 - 0x00007ffe003dc000 	C:\Windows\System32\GDI32.dll
0x00007ffe00210000 - 0x00007ffe00325000 	C:\Windows\System32\gdi32full.dll
0x00007ffdffe10000 - 0x00007ffdffead000 	C:\Windows\System32\msvcp_win.dll
0x00007ffde7460000 - 0x00007ffde76fa000 	C:\Windows\WinSxS\amd64_microsoft.windows.common-controls_6595b64144ccf1df_6.0.19041.1110_none_60b5254171f9507e\COMCTL32.dll
0x00007ffe01670000 - 0x00007ffe0170e000 	C:\Windows\System32\msvcrt.dll
0x00007ffe013f0000 - 0x00007ffe01420000 	C:\Windows\System32\IMM32.DLL
0x00007ffdb17b0000 - 0x00007ffdb184b000 	C:\Program Files\Microsoft\jdk-11.0.18.10-hotspot\bin\msvcp140.dll
0x00007ffd8f610000 - 0x00007ffd901a2000 	C:\Program Files\Microsoft\jdk-11.0.18.10-hotspot\bin\server\jvm.dll
0x00007ffe01900000 - 0x00007ffe019af000 	C:\Windows\System32\ADVAPI32.dll
0x00007ffe01860000 - 0x00007ffe018fc000 	C:\Windows\System32\sechost.dll
0x00007ffe01ef0000 - 0x00007ffe02016000 	C:\Windows\System32\RPCRT4.dll
0x00007ffe021d0000 - 0x00007ffe021d8000 	C:\Windows\System32\PSAPI.DLL
0x00007ffdc4f70000 - 0x00007ffdc4f79000 	C:\Windows\SYSTEM32\WSOCK32.dll
0x00007ffe014d0000 - 0x00007ffe0153b000 	C:\Windows\System32\WS2_32.dll
0x00007ffdec180000 - 0x00007ffdec1a7000 	C:\Windows\SYSTEM32\WINMM.dll
0x00007ffdf9020000 - 0x00007ffdf902a000 	C:\Windows\SYSTEM32\VERSION.dll
0x00007ffdfe4a0000 - 0x00007ffdfe4b2000 	C:\Windows\SYSTEM32\kernel.appcore.dll
0x00007ffde2ce0000 - 0x00007ffde2cf0000 	C:\Program Files\Microsoft\jdk-11.0.18.10-hotspot\bin\verify.dll
0x00007ffdfe030000 - 0x00007ffdfe214000 	C:\Windows\SYSTEM32\DBGHELP.DLL
0x00007ffde7c60000 - 0x00007ffde7c94000 	C:\Windows\SYSTEM32\dbgcore.DLL
0x00007ffe00180000 - 0x00007ffe00202000 	C:\Windows\System32\bcryptPrimitives.dll
0x00007ffdbde80000 - 0x00007ffdbdea8000 	C:\Program Files\Microsoft\jdk-11.0.18.10-hotspot\bin\java.dll
0x00007ffde1840000 - 0x00007ffde184a000 	C:\Program Files\Microsoft\jdk-11.0.18.10-hotspot\bin\jimage.dll
0x00007ffdbde60000 - 0x00007ffdbde78000 	C:\Program Files\Microsoft\jdk-11.0.18.10-hotspot\bin\zip.dll
0x00007ffe00560000 - 0x00007ffe00ca4000 	C:\Windows\System32\SHELL32.dll
0x00007ffdfd880000 - 0x00007ffdfe014000 	C:\Windows\SYSTEM32\windows.storage.dll
0x00007ffe01a20000 - 0x00007ffe01d74000 	C:\Windows\System32\combase.dll
0x00007ffdff470000 - 0x00007ffdff49e000 	C:\Windows\SYSTEM32\Wldp.dll
0x00007ffe02260000 - 0x00007ffe0230d000 	C:\Windows\System32\SHCORE.dll
0x00007ffe021e0000 - 0x00007ffe02235000 	C:\Windows\System32\shlwapi.dll
0x00007ffdff960000 - 0x00007ffdff985000 	C:\Windows\SYSTEM32\profapi.dll
0x00007ffdbd810000 - 0x00007ffdbd829000 	C:\Program Files\Microsoft\jdk-11.0.18.10-hotspot\bin\net.dll
0x00007ffdfacb0000 - 0x00007ffdfadba000 	C:\Windows\SYSTEM32\WINHTTP.dll
0x00007ffdff180000 - 0x00007ffdff1ea000 	C:\Windows\system32\mswsock.dll
0x00007ffdbbf40000 - 0x00007ffdbbf53000 	C:\Program Files\Microsoft\jdk-11.0.18.10-hotspot\bin\nio.dll
0x00007ffdba3d0000 - 0x00007ffdba3f7000 	C:\Users\jivte\.gradle\native\68d5fa5c4cc2d200863cafc0d521ce42e7d3e7ee720ec0a83991735586a16f82\windows-amd64\native-platform.dll
0x00007ffde1690000 - 0x00007ffde1699000 	C:\Program Files\Microsoft\jdk-11.0.18.10-hotspot\bin\management.dll
0x00007ffddfd40000 - 0x00007ffddfd4b000 	C:\Program Files\Microsoft\jdk-11.0.18.10-hotspot\bin\management_ext.dll
0x00007ffdff340000 - 0x00007ffdff358000 	C:\Windows\SYSTEM32\CRYPTSP.dll
0x00007ffdfea40000 - 0x00007ffdfea74000 	C:\Windows\system32\rsaenh.dll
0x00007ffdffde0000 - 0x00007ffdffe07000 	C:\Windows\System32\bcrypt.dll
0x00007ffdff8e0000 - 0x00007ffdff90e000 	C:\Windows\SYSTEM32\USERENV.dll
0x00007ffdff330000 - 0x00007ffdff33c000 	C:\Windows\SYSTEM32\CRYPTBASE.dll
0x00007ffdfee40000 - 0x00007ffdfee7c000 	C:\Windows\SYSTEM32\IPHLPAPI.DLL
0x00007ffe01e00000 - 0x00007ffe01e08000 	C:\Windows\System32\NSI.dll
0x00007ffdf89d0000 - 0x00007ffdf89e7000 	C:\Windows\SYSTEM32\dhcpcsvc6.DLL
0x00007ffdf89b0000 - 0x00007ffdf89cd000 	C:\Windows\SYSTEM32\dhcpcsvc.DLL
0x00007ffdfee90000 - 0x00007ffdfef5a000 	C:\Windows\SYSTEM32\DNSAPI.dll

dbghelp: loaded successfully - version: 4.0.5 - missing functions: none
symbol engine: initialized successfully - sym options: 0x614 - pdb path: .;C:\Program Files\Microsoft\jdk-11.0.18.10-hotspot\bin;C:\Windows\SYSTEM32;C:\Windows\WinSxS\amd64_microsoft.windows.common-controls_6595b64144ccf1df_6.0.19041.1110_none_60b5254171f9507e;C:\Program Files\Microsoft\jdk-11.0.18.10-hotspot\bin\server;C:\Users\jivte\.gradle\native\68d5fa5c4cc2d200863cafc0d521ce42e7d3e7ee720ec0a83991735586a16f82\windows-amd64

VM Arguments:
jvm_args: -Xmx64m -Xms64m -Dorg.gradle.appname=gradlew 
java_command: org.gradle.wrapper.GradleWrapperMain tasks
java_class_path (initial): C:\Users\jivte\Desktop\AwesomeProject\android\\gradle\wrapper\gradle-wrapper.jar
Launcher Type: SUN_STANDARD

[Global flags]
     intx CICompilerCount                          = 4                                         {product} {ergonomic}
     uint ConcGCThreads                            = 2                                         {product} {ergonomic}
     uint G1ConcRefinementThreads                  = 8                                         {product} {ergonomic}
   size_t G1HeapRegionSize                         = 1048576                                   {product} {ergonomic}
    uintx GCDrainStackTargetSize                   = 64                                        {product} {ergonomic}
   size_t InitialHeapSize                          = 67108864                                  {product} {command line}
   size_t MarkStackSize                            = 4194304                                   {product} {ergonomic}
   size_t MaxHeapSize                              = 67108864                                  {product} {command line}
   size_t MaxNewSize                               = 39845888                                  {product} {ergonomic}
   size_t MinHeapDeltaBytes                        = 1048576                                   {product} {ergonomic}
    uintx NonNMethodCodeHeapSize                   = 5836300                                {pd product} {ergonomic}
    uintx NonProfiledCodeHeapSize                  = 122910970                              {pd product} {ergonomic}
    uintx ProfiledCodeHeapSize                     = 122910970                              {pd product} {ergonomic}
    uintx ReservedCodeCacheSize                    = 251658240                              {pd product} {ergonomic}
     bool SegmentedCodeCache                       = true                                      {product} {ergonomic}
     bool UseCompressedClassPointers               = true                                 {lp64_product} {ergonomic}
     bool UseCompressedOops                        = true                                 {lp64_product} {ergonomic}
     bool UseG1GC                                  = true                                      {product} {ergonomic}
     bool UseLargePagesIndividualAllocation        = false                                  {pd product} {ergonomic}

Logging:
Log output configuration:
 #0: stdout all=warning uptime,level,tags
 #1: stderr all=off uptime,level,tags

Environment Variables:
JAVA_HOME=C:\Program Files\Microsoft\jdk-11.0.18.10-hotspot\
CLASSPATH=C:\Users\jivte\Desktop\AwesomeProject\android\\gradle\wrapper\gradle-wrapper.jar
PATH=C:\Users\jivte\Desktop\AwesomeProject\node_modules\.bin;C:\Users\jivte\Desktop\AwesomeProject\node_modules\.bin;C:\Users\jivte\Desktop\node_modules\.bin;C:\Users\jivte\node_modules\.bin;C:\Users\node_modules\.bin;C:\node_modules\.bin;C:\Program Files\nodejs\node_modules\npm\node_modules\@npmcli\run-script\lib\node-gyp-bin;C:\Users\jivte\Desktop\AwesomeProject\node_modules\.bin;C:\Users\jivte\Desktop\node_modules\.bin;C:\Users\jivte\node_modules\.bin;C:\Users\node_modules\.bin;C:\node_modules\.bin;C:\Program Files\nodejs\node_modules\npm\node_modules\@npmcli\run-script\lib\node-gyp-bin;C:\Users\jivte\bin;C:\Program Files\Git\mingw64\bin;C:\Program Files\Git\usr\local\bin;C:\Program Files\Git\usr\bin;C:\Program Files\Git\usr\bin;C:\Program Files\Git\cmd;C:\Program Files\Microsoft\jdk-11.0.18.10-hotspot\bin;C:\Program Files (x86)\Common Files\Oracle\Java\javapath;C:\Windows\system32;C:\Windows;C:\Windows\System32\Wbem;C:\Windows\System32\WindowsPowerShell\v1.0;C:\Windows\System32\OpenSSH;C:\Program Files (x86)\NVIDIA Corporation\PhysX\Common;C:\Program Files\NVIDIA Corporation\NVIDIA NvDLISR;C:\Program Files\Git\cmd;C:\Program Files\Docker\Docker\resources\bin;C:\Program Files\Go\bin;C:\ProgramData\chocolatey\bin;C:\Program Files\nodejs;C:\Users\jivte\AppData\Local\Android\Sdk\platform-tools;C:\Program Files\MySQL\MySQL Shell 8.0\bin;C:\Users\jivte\anaconda3;C:\Users\jivte\anaconda3\Library\mingw-w64\bin;C:\Users\jivte\anaconda3\Library\usr\bin;C:\Users\jivte\anaconda3\Library\bin;C:\Users\jivte\anaconda3\Scripts;C:\Users\jivte\AppData\Local\Microsoft\WindowsApps;C:\Users\jivte\AppData\Local\atom\bin;C:\Users\jivte\AppData\Local\Programs\Hyper\resources\bin;C:\Program Files\heroku\bin;C:\MinGW\bin;C:\Users\jivte\AppData\Local\Programs\Microsoft VS Code\bin;C:\PATH_Programs;C:\Users\jivte\AppData\Local\Programs\Fiddler;C:\Users\jivte\go\bin;C:\Users\jivte\AppData\Roaming\npm;C:\Program Files\Git\usr\bin\vendor_perl;C:\Program Files\Git\usr\bin\core_perl
USERNAME=jivte
SHELL=C:\Program Files\Git\usr\bin\bash.exe
DISPLAY=needs-to-be-defined
LANG=en_US.UTF-8
TERM=cygwin
TMPDIR=C:\Users\jivte\AppData\Local\Temp
OS=Windows_NT
PROCESSOR_IDENTIFIER=Intel64 Family 6 Model 165 Stepping 2, GenuineIntel
TMP=C:\Users\jivte\AppData\Local\Temp
TEMP=C:\Users\jivte\AppData\Local\Temp



---------------  S Y S T E M  ---------------

OS: Windows 10 , 64 bit Build 19041 (10.0.19041.3155)
OS uptime: 0 days 4:15 hours
Hyper-V role detected

CPU:total 8 (initial active 8) (4 cores per cpu, 2 threads per core) family 6 model 165 stepping 2 microcode 0xe2, cmov, cx8, fxsr, mmx, sse, sse2, sse3, ssse3, sse4.1, sse4.2, popcnt, avx, avx2, aes, clmul, erms, 3dnowpref, lzcnt, ht, tsc, tscinvbit, bmi1, bmi2, adx, fma

Memory: 4k page, system-wide physical 8023M (460M free)
TotalPageFile size 32599M (AvailPageFile size 1043M)
current process WorkingSet (physical memory assigned to process): 7M, peak: 67M
current process commit charge ("private bytes"): 160M, peak: 163M

vm_info: OpenJDK 64-Bit Server VM (11.0.18+10-LTS) for windows-amd64 JRE (11.0.18+10-LTS), built on Jan 18 2023 15:56:47 by "MicrosoftCorporation" with MS VC++ 15.9 (VS2017)

END.
