#
# There is insufficient memory for the Java Runtime Environment to continue.
# Native memory allocation (malloc) failed to allocate 1385456 bytes for Chunk::new
# Possible reasons:
#   The system is out of physical RAM or swap space
#   The process is running with CompressedOops enabled, and the Java Heap may be blocking the growth of the native heap
# Possible solutions:
#   Reduce memory load on the system
#   Increase physical memory or swap space
#   Check if swap backing store is full
#   Decrease Java heap size (-Xmx/-Xms)
#   Decrease number of Java threads
#   Decrease Java thread stack sizes (-Xss)
#   Set larger code cache with -XX:ReservedCodeCacheSize=
#   JVM is running with Unscaled Compressed Oops mode in which the Java heap is
#     placed in the first 4GB address space. The Java Heap base address is the
#     maximum limit for the native heap growth. Please use -XX:HeapBaseMinAddress
#     to set the Java Heap base and to place the Java Heap above 4GB virtual address.
# This output file may be truncated or incomplete.
#
#  Out of Memory Error (./src/hotspot/share/memory/arena.cpp:197), pid=19132, tid=26872
#
# JRE version: OpenJDK Runtime Environment Microsoft-7208460 (11.0.18+10) (build 11.0.18+10-LTS)
# Java VM: OpenJDK 64-Bit Server VM Microsoft-7208460 (11.0.18+10-LTS, mixed mode, tiered, compressed oops, g1 gc, windows-amd64)
# No core dump will be written. Minidumps are not enabled by default on client versions of Windows
#

---------------  S U M M A R Y ------------

Command Line: -XX:MaxMetaspaceSize=512m --add-opens=java.base/java.util=ALL-UNNAMED --add-opens=java.base/java.lang=ALL-UNNAMED --add-opens=java.base/java.lang.invoke=ALL-UNNAMED --add-opens=java.prefs/java.util.prefs=ALL-UNNAMED --add-opens=java.base/java.nio.charset=ALL-UNNAMED --add-opens=java.base/java.net=ALL-UNNAMED --add-opens=java.base/java.util.concurrent.atomic=ALL-UNNAMED -Xmx2048m -Dfile.encoding=windows-1252 -Duser.country=IN -Duser.language=en -Duser.variant org.gradle.launcher.daemon.bootstrap.GradleDaemon 8.0.1

Host: Intel(R) Core(TM) i5-10300H CPU @ 2.50GHz, 8 cores, 7G,  Windows 10 , 64 bit Build 19041 (10.0.19041.3155)
Time: Thu Jul 20 14:10:00 2023 India Standard Time elapsed time: 127.068159 seconds (0d 0h 2m 7s)

---------------  T H R E A D  ---------------

Current thread (0x000002c1f9748000):  JavaThread "C2 CompilerThread0" daemon [_thread_in_native, id=26872, stack(0x000000d432500000,0x000000d432600000)]


Current CompileTask:
C2: 127068 3996       4       javax.management.ObjectName::construct (1135 bytes)

Stack: [0x000000d432500000,0x000000d432600000]
Native frames: (J=compiled Java code, j=interpreted, Vv=VM code, C=native code)
V  [jvm.dll+0x62bf8a]
V  [jvm.dll+0x7b8fb9]
V  [jvm.dll+0x7ba6a8]
V  [jvm.dll+0x7bad83]
V  [jvm.dll+0x250248]
V  [jvm.dll+0xc260c]
V  [jvm.dll+0xc2bcc]
V  [jvm.dll+0x35e182]
V  [jvm.dll+0x19ede1]
V  [jvm.dll+0x209495]
V  [jvm.dll+0x20850d]
V  [jvm.dll+0x18a4b1]
V  [jvm.dll+0x217eec]
V  [jvm.dll+0x21612b]
V  [jvm.dll+0x77bac0]
V  [jvm.dll+0x7749f4]
V  [jvm.dll+0x62adf5]
C  [ucrtbase.dll+0x21bb2]
C  [KERNEL32.DLL+0x17614]
C  [ntdll.dll+0x526b1]


---------------  P R O C E S S  ---------------

Threads class SMR info:
_java_thread_list=0x000002c1fb586b80, length=35, elements={
0x000002c1e9642800, 0x000002c1f9738000, 0x000002c1f973a000, 0x000002c1f9744000,
0x000002c1f9746000, 0x000002c1f9747000, 0x000002c1f9748000, 0x000002c1f974b000,
0x000002c1f974e800, 0x000002c1fa207800, 0x000002c1fb543800, 0x000002c1fb234800,
0x000002c1fb3e3000, 0x000002c1fb6ef800, 0x000002c1fb6f0000, 0x000002c1fa345000,
0x000002c1fa346000, 0x000002c1fabe0800, 0x000002c1fa379800, 0x000002c1faf79000,
0x000002c1faf79800, 0x000002c1faf7a800, 0x000002c1faf77000, 0x000002c1faf78000,
0x000002c1faf7b800, 0x000002c1faf7c000, 0x000002c1faf7d800, 0x000002c1faf7d000,
0x000002c1fdfd2000, 0x000002c1fdfd4800, 0x000002c1fdfd2800, 0x000002c1fdfd5000,
0x000002c1fdfd0800, 0x000002c1fdfd7000, 0x000002c1fdfd6000
}

Java Threads: ( => current thread )
  0x000002c1e9642800 JavaThread "main" [_thread_blocked, id=26180, stack(0x000000d431900000,0x000000d431a00000)]
  0x000002c1f9738000 JavaThread "Reference Handler" daemon [_thread_blocked, id=26744, stack(0x000000d432000000,0x000000d432100000)]
  0x000002c1f973a000 JavaThread "Finalizer" daemon [_thread_blocked, id=26748, stack(0x000000d432100000,0x000000d432200000)]
  0x000002c1f9744000 JavaThread "Signal Dispatcher" daemon [_thread_blocked, id=26860, stack(0x000000d432200000,0x000000d432300000)]
  0x000002c1f9746000 JavaThread "Attach Listener" daemon [_thread_blocked, id=26864, stack(0x000000d432300000,0x000000d432400000)]
  0x000002c1f9747000 JavaThread "Service Thread" daemon [_thread_blocked, id=26868, stack(0x000000d432400000,0x000000d432500000)]
=>0x000002c1f9748000 JavaThread "C2 CompilerThread0" daemon [_thread_in_native, id=26872, stack(0x000000d432500000,0x000000d432600000)]
  0x000002c1f974b000 JavaThread "C1 CompilerThread0" daemon [_thread_blocked, id=26876, stack(0x000000d432600000,0x000000d432700000)]
  0x000002c1f974e800 JavaThread "Sweeper thread" daemon [_thread_blocked, id=26880, stack(0x000000d432700000,0x000000d432800000)]
  0x000002c1fa207800 JavaThread "Common-Cleaner" daemon [_thread_blocked, id=26908, stack(0x000000d432800000,0x000000d432900000)]
  0x000002c1fb543800 JavaThread "Daemon health stats" [_thread_blocked, id=29492, stack(0x000000d432c00000,0x000000d432d00000)]
  0x000002c1fb234800 JavaThread "Incoming local TCP Connector on port 64975" [_thread_in_native, id=26320, stack(0x000000d431700000,0x000000d431800000)]
  0x000002c1fb3e3000 JavaThread "Daemon periodic checks" [_thread_blocked, id=29740, stack(0x000000d432d00000,0x000000d432e00000)]
  0x000002c1fb6ef800 JavaThread "Daemon" [_thread_blocked, id=30176, stack(0x000000d432e00000,0x000000d432f00000)]
  0x000002c1fb6f0000 JavaThread "Handler for socket connection from /127.0.0.1:64975 to /127.0.0.1:64997" [_thread_in_native, id=30188, stack(0x000000d432f00000,0x000000d433000000)]
  0x000002c1fa345000 JavaThread "Cancel handler" [_thread_blocked, id=30364, stack(0x000000d433000000,0x000000d433100000)]
  0x000002c1fa346000 JavaThread "Daemon worker" [_thread_in_native, id=30428, stack(0x000000d433100000,0x000000d433200000)]
  0x000002c1fabe0800 JavaThread "Asynchronous log dispatcher for DefaultDaemonConnection: socket connection from /127.0.0.1:64975 to /127.0.0.1:64997" [_thread_blocked, id=30440, stack(0x000000d433200000,0x000000d433300000)]
  0x000002c1fa379800 JavaThread "Daemon client event forwarder" [_thread_blocked, id=30452, stack(0x000000d433400000,0x000000d433500000)]
  0x000002c1faf79000 JavaThread "Cache worker for journal cache (C:\Users\jivte\.gradle\caches\journal-1)" [_thread_blocked, id=30708, stack(0x000000d433a00000,0x000000d433b00000)]
  0x000002c1faf79800 JavaThread "File lock request listener" [_thread_in_native, id=3600, stack(0x000000d433c00000,0x000000d433d00000)]
  0x000002c1faf7a800 JavaThread "File lock release action executor" [_thread_blocked, id=28308, stack(0x000000d433d00000,0x000000d433e00000)]
  0x000002c1faf77000 JavaThread "Cache worker for file hash cache (C:\Users\jivte\.gradle\caches\8.0.1\fileHashes)" [_thread_blocked, id=29840, stack(0x000000d433e00000,0x000000d433f00000)]
  0x000002c1faf78000 JavaThread "File watcher server" daemon [_thread_in_native, id=25620, stack(0x000000d433f00000,0x000000d434000000)]
  0x000002c1faf7b800 JavaThread "File watcher consumer" daemon [_thread_blocked, id=30468, stack(0x000000d434000000,0x000000d434100000)]
  0x000002c1faf7c000 JavaThread "Cache worker for checksums cache (C:\Users\jivte\Desktop\AwesomeProject\android\.gradle\8.0.1\checksums)" [_thread_blocked, id=30596, stack(0x000000d434100000,0x000000d434200000)]
  0x000002c1faf7d800 JavaThread "Cache worker for cache directory md-rule (C:\Users\jivte\.gradle\caches\8.0.1\md-rule)" [_thread_blocked, id=2124, stack(0x000000d434200000,0x000000d434300000)]
  0x000002c1faf7d000 JavaThread "Cache worker for file content cache (C:\Users\jivte\.gradle\caches\8.0.1\fileContent)" [_thread_blocked, id=22700, stack(0x000000d434300000,0x000000d434400000)]
  0x000002c1fdfd2000 JavaThread "Cache worker for file hash cache (C:\Users\jivte\Desktop\AwesomeProject\android\.gradle\8.0.1\fileHashes)" [_thread_blocked, id=30172, stack(0x000000d434400000,0x000000d434500000)]
  0x000002c1fdfd4800 JavaThread "Cache worker for cache directory md-supplier (C:\Users\jivte\.gradle\caches\8.0.1\md-supplier)" [_thread_blocked, id=26360, stack(0x000000d434500000,0x000000d434600000)]
  0x000002c1fdfd2800 JavaThread "Cache worker for execution history cache (C:\Users\jivte\.gradle\caches\8.0.1\executionHistory)" [_thread_blocked, id=7964, stack(0x000000d434600000,0x000000d434700000)]
  0x000002c1fdfd5000 JavaThread "jar transforms" [_thread_blocked, id=29460, stack(0x000000d431600000,0x000000d431700000)]
  0x000002c1fdfd0800 JavaThread "jar transforms Thread 2" [_thread_blocked, id=6196, stack(0x000000d431800000,0x000000d431900000)]
  0x000002c1fdfd7000 JavaThread "jar transforms Thread 3" [_thread_blocked, id=16348, stack(0x000000d434900000,0x000000d434a00000)]
  0x000002c1fdfd6000 JavaThread "jar transforms Thread 4" [_thread_blocked, id=29980, stack(0x000000d434a00000,0x000000d434b00000)]

Other Threads:
  0x000002c1f971f800 VMThread "VM Thread" [stack: 0x000000d431f00000,0x000000d432000000] [id=26664]
  0x000002c1fa229000 WatcherThread [stack: 0x000000d432900000,0x000000d432a00000] [id=26948]
  0x000002c1e965c000 GCTaskThread "GC Thread#0" [stack: 0x000000d431a00000,0x000000d431b00000] [id=22740]
  0x000002c1fabe3800 GCTaskThread "GC Thread#1" [stack: 0x000000d432a00000,0x000000d432b00000] [id=27656]
  0x000002c1fa437800 GCTaskThread "GC Thread#2" [stack: 0x000000d432b00000,0x000000d432c00000] [id=27660]
  0x000002c1fac64800 GCTaskThread "GC Thread#3" [stack: 0x000000d433500000,0x000000d433600000] [id=30572]
  0x000002c1fac6f800 GCTaskThread "GC Thread#4" [stack: 0x000000d433600000,0x000000d433700000] [id=30580]
  0x000002c1fac70000 GCTaskThread "GC Thread#5" [stack: 0x000000d433700000,0x000000d433800000] [id=30584]
  0x000002c1fafcf000 GCTaskThread "GC Thread#6" [stack: 0x000000d433800000,0x000000d433900000] [id=30588]
  0x000002c1fafcf800 GCTaskThread "GC Thread#7" [stack: 0x000000d433900000,0x000000d433a00000] [id=30592]
  0x000002c1e968f800 ConcurrentGCThread "G1 Main Marker" [stack: 0x000000d431b00000,0x000000d431c00000] [id=8368]
  0x000002c1e9691000 ConcurrentGCThread "G1 Conc#0" [stack: 0x000000d431c00000,0x000000d431d00000] [id=21116]
  0x000002c1fb284800 ConcurrentGCThread "G1 Conc#1" [stack: 0x000000d433b00000,0x000000d433c00000] [id=12664]
  0x000002c1f9590800 ConcurrentGCThread "G1 Refine#0" [stack: 0x000000d431d00000,0x000000d431e00000] [id=7096]
  0x000002c1f9591000 ConcurrentGCThread "G1 Young RemSet Sampling" [stack: 0x000000d431e00000,0x000000d431f00000] [id=23960]

Threads with active compile tasks:
C2 CompilerThread0   127459 3996       4       javax.management.ObjectName::construct (1135 bytes)

VM state:not at safepoint (normal execution)

VM Mutex/Monitor currently owned by a thread: None

Heap address: 0x0000000080000000, size: 2048 MB, Compressed Oops mode: 32-bit
Narrow klass base: 0x0000000000000000, Narrow klass shift: 3
Compressed class space size: 528482304 Address: 0x0000000100000000

Heap:
 garbage-first heap   total 129024K, used 45594K [0x0000000080000000, 0x0000000100000000)
  region size 1024K, 25 young (25600K), 8 survivors (8192K)
 Metaspace       used 41512K, capacity 42623K, committed 42908K, reserved 555008K
  class space    used 5209K, capacity 5625K, committed 5708K, reserved 516096K
Heap Regions: E=young(eden), S=young(survivor), O=old, HS=humongous(starts), HC=humongous(continues), CS=collection set, F=free, A=archive, TAMS=top-at-mark-start (previous, next)
|   0|0x0000000080000000, 0x0000000080100000, 0x0000000080100000|100%|HS|  |TAMS 0x0000000080100000, 0x0000000080000000| Complete 
|   1|0x0000000080100000, 0x0000000080200000, 0x0000000080200000|100%|HC|  |TAMS 0x0000000080200000, 0x0000000080100000| Complete 
|   2|0x0000000080200000, 0x0000000080300000, 0x0000000080300000|100%|HC|  |TAMS 0x0000000080300000, 0x0000000080200000| Complete 
|   3|0x0000000080300000, 0x0000000080400000, 0x0000000080400000|100%|HC|  |TAMS 0x0000000080400000, 0x0000000080300000| Complete 
|   4|0x0000000080400000, 0x0000000080500000, 0x0000000080500000|100%| O|  |TAMS 0x0000000080500000, 0x0000000080400000| Untracked 
|   5|0x0000000080500000, 0x0000000080600000, 0x0000000080600000|100%| O|  |TAMS 0x0000000080600000, 0x0000000080500000| Untracked 
|   6|0x0000000080600000, 0x0000000080700000, 0x0000000080700000|100%| O|  |TAMS 0x0000000080700000, 0x0000000080600000| Untracked 
|   7|0x0000000080700000, 0x0000000080800000, 0x0000000080800000|100%| O|  |TAMS 0x0000000080800000, 0x0000000080700000| Untracked 
|   8|0x0000000080800000, 0x0000000080900000, 0x0000000080900000|100%| O|  |TAMS 0x0000000080900000, 0x0000000080800000| Untracked 
|   9|0x0000000080900000, 0x0000000080a00000, 0x0000000080a00000|100%| O|  |TAMS 0x0000000080a00000, 0x0000000080900000| Untracked 
|  10|0x0000000080a00000, 0x0000000080b00000, 0x0000000080b00000|100%| O|  |TAMS 0x0000000080b00000, 0x0000000080a00000| Untracked 
|  11|0x0000000080b00000, 0x0000000080c00000, 0x0000000080c00000|100%| O|  |TAMS 0x0000000080c00000, 0x0000000080b00000| Untracked 
|  12|0x0000000080c00000, 0x0000000080d00000, 0x0000000080d00000|100%| O|  |TAMS 0x0000000080d00000, 0x0000000080c00000| Untracked 
|  13|0x0000000080d00000, 0x0000000080e00000, 0x0000000080e00000|100%| O|  |TAMS 0x0000000080e00000, 0x0000000080d00000| Untracked 
|  14|0x0000000080e00000, 0x0000000080f00000, 0x0000000080f00000|100%| O|  |TAMS 0x0000000080f00000, 0x0000000080e00000| Untracked 
|  15|0x0000000080f00000, 0x0000000081000000, 0x0000000081000000|100%| O|  |TAMS 0x0000000081000000, 0x0000000080f00000| Untracked 
|  16|0x0000000081000000, 0x0000000081100000, 0x0000000081100000|100%| O|  |TAMS 0x0000000081100000, 0x0000000081000000| Untracked 
|  17|0x0000000081100000, 0x0000000081200000, 0x0000000081200000|100%| O|  |TAMS 0x0000000081200000, 0x0000000081100000| Untracked 
|  18|0x0000000081200000, 0x0000000081200000, 0x0000000081300000|  0%| F|  |TAMS 0x0000000081200000, 0x0000000081200000| Untracked 
|  19|0x0000000081300000, 0x0000000081300000, 0x0000000081400000|  0%| F|  |TAMS 0x0000000081300000, 0x0000000081300000| Untracked 
|  20|0x0000000081400000, 0x0000000081400000, 0x0000000081500000|  0%| F|  |TAMS 0x0000000081400000, 0x0000000081400000| Untracked 
|  21|0x0000000081500000, 0x0000000081600000, 0x0000000081600000|100%| O|  |TAMS 0x0000000081600000, 0x0000000081500000| Untracked 
|  22|0x0000000081600000, 0x0000000081700000, 0x0000000081700000|100%| O|  |TAMS 0x0000000081700000, 0x0000000081600000| Untracked 
|  23|0x0000000081700000, 0x0000000081786a00, 0x0000000081800000| 52%| O|  |TAMS 0x0000000081786a00, 0x0000000081700000| Untracked 
|  24|0x0000000081800000, 0x0000000081800000, 0x0000000081900000|  0%| F|  |TAMS 0x0000000081800000, 0x0000000081800000| Untracked 
|  25|0x0000000081900000, 0x0000000081900000, 0x0000000081a00000|  0%| F|  |TAMS 0x0000000081900000, 0x0000000081900000| Untracked 
|  26|0x0000000081a00000, 0x0000000081a00000, 0x0000000081b00000|  0%| F|  |TAMS 0x0000000081a00000, 0x0000000081a00000| Untracked 
|  27|0x0000000081b00000, 0x0000000081b00000, 0x0000000081c00000|  0%| F|  |TAMS 0x0000000081b00000, 0x0000000081b00000| Untracked 
|  28|0x0000000081c00000, 0x0000000081c00000, 0x0000000081d00000|  0%| F|  |TAMS 0x0000000081c00000, 0x0000000081c00000| Untracked 
|  29|0x0000000081d00000, 0x0000000081d00000, 0x0000000081e00000|  0%| F|  |TAMS 0x0000000081d00000, 0x0000000081d00000| Untracked 
|  30|0x0000000081e00000, 0x0000000081e00000, 0x0000000081f00000|  0%| F|  |TAMS 0x0000000081e00000, 0x0000000081e00000| Untracked 
|  31|0x0000000081f00000, 0x0000000081f00000, 0x0000000082000000|  0%| F|  |TAMS 0x0000000081f00000, 0x0000000081f00000| Untracked 
|  32|0x0000000082000000, 0x0000000082000000, 0x0000000082100000|  0%| F|  |TAMS 0x0000000082000000, 0x0000000082000000| Untracked 
|  33|0x0000000082100000, 0x0000000082100000, 0x0000000082200000|  0%| F|  |TAMS 0x0000000082100000, 0x0000000082100000| Untracked 
|  34|0x0000000082200000, 0x0000000082200000, 0x0000000082300000|  0%| F|  |TAMS 0x0000000082200000, 0x0000000082200000| Untracked 
|  35|0x0000000082300000, 0x0000000082300000, 0x0000000082400000|  0%| F|  |TAMS 0x0000000082300000, 0x0000000082300000| Untracked 
|  36|0x0000000082400000, 0x0000000082400000, 0x0000000082500000|  0%| F|  |TAMS 0x0000000082400000, 0x0000000082400000| Untracked 
|  37|0x0000000082500000, 0x0000000082500000, 0x0000000082600000|  0%| F|  |TAMS 0x0000000082500000, 0x0000000082500000| Untracked 
|  38|0x0000000082600000, 0x0000000082600000, 0x0000000082700000|  0%| F|  |TAMS 0x0000000082600000, 0x0000000082600000| Untracked 
|  39|0x0000000082700000, 0x0000000082700000, 0x0000000082800000|  0%| F|  |TAMS 0x0000000082700000, 0x0000000082700000| Untracked 
|  40|0x0000000082800000, 0x0000000082800000, 0x0000000082900000|  0%| F|  |TAMS 0x0000000082800000, 0x0000000082800000| Untracked 
|  41|0x0000000082900000, 0x0000000082900000, 0x0000000082a00000|  0%| F|  |TAMS 0x0000000082900000, 0x0000000082900000| Untracked 
|  42|0x0000000082a00000, 0x0000000082a00000, 0x0000000082b00000|  0%| F|  |TAMS 0x0000000082a00000, 0x0000000082a00000| Untracked 
|  43|0x0000000082b00000, 0x0000000082b00000, 0x0000000082c00000|  0%| F|  |TAMS 0x0000000082b00000, 0x0000000082b00000| Untracked 
|  44|0x0000000082c00000, 0x0000000082c00000, 0x0000000082d00000|  0%| F|  |TAMS 0x0000000082c00000, 0x0000000082c00000| Untracked 
|  45|0x0000000082d00000, 0x0000000082d00000, 0x0000000082e00000|  0%| F|  |TAMS 0x0000000082d00000, 0x0000000082d00000| Untracked 
|  46|0x0000000082e00000, 0x0000000082e00000, 0x0000000082f00000|  0%| F|  |TAMS 0x0000000082e00000, 0x0000000082e00000| Untracked 
|  47|0x0000000082f00000, 0x0000000082f00000, 0x0000000083000000|  0%| F|  |TAMS 0x0000000082f00000, 0x0000000082f00000| Untracked 
|  48|0x0000000083000000, 0x0000000083000000, 0x0000000083100000|  0%| F|  |TAMS 0x0000000083000000, 0x0000000083000000| Untracked 
|  49|0x0000000083100000, 0x0000000083100000, 0x0000000083200000|  0%| F|  |TAMS 0x0000000083100000, 0x0000000083100000| Untracked 
|  50|0x0000000083200000, 0x0000000083200000, 0x0000000083300000|  0%| F|  |TAMS 0x0000000083200000, 0x0000000083200000| Untracked 
|  51|0x0000000083300000, 0x0000000083300000, 0x0000000083400000|  0%| F|  |TAMS 0x0000000083300000, 0x0000000083300000| Untracked 
|  52|0x0000000083400000, 0x0000000083400000, 0x0000000083500000|  0%| F|  |TAMS 0x0000000083400000, 0x0000000083400000| Untracked 
|  53|0x0000000083500000, 0x0000000083500000, 0x0000000083600000|  0%| F|  |TAMS 0x0000000083500000, 0x0000000083500000| Untracked 
|  54|0x0000000083600000, 0x0000000083600000, 0x0000000083700000|  0%| F|  |TAMS 0x0000000083600000, 0x0000000083600000| Untracked 
|  55|0x0000000083700000, 0x0000000083800000, 0x0000000083800000|100%| S|CS|TAMS 0x0000000083700000, 0x0000000083700000| Complete 
|  56|0x0000000083800000, 0x0000000083900000, 0x0000000083900000|100%| S|CS|TAMS 0x0000000083800000, 0x0000000083800000| Complete 
|  57|0x0000000083900000, 0x0000000083a00000, 0x0000000083a00000|100%| S|CS|TAMS 0x0000000083900000, 0x0000000083900000| Complete 
|  58|0x0000000083a00000, 0x0000000083b00000, 0x0000000083b00000|100%| S|CS|TAMS 0x0000000083a00000, 0x0000000083a00000| Complete 
|  59|0x0000000083b00000, 0x0000000083c00000, 0x0000000083c00000|100%| S|CS|TAMS 0x0000000083b00000, 0x0000000083b00000| Complete 
|  60|0x0000000083c00000, 0x0000000083d00000, 0x0000000083d00000|100%| S|CS|TAMS 0x0000000083c00000, 0x0000000083c00000| Complete 
|  61|0x0000000083d00000, 0x0000000083e00000, 0x0000000083e00000|100%| S|CS|TAMS 0x0000000083d00000, 0x0000000083d00000| Complete 
|  62|0x0000000083e00000, 0x0000000083f00000, 0x0000000083f00000|100%| S|CS|TAMS 0x0000000083e00000, 0x0000000083e00000| Complete 
|  63|0x0000000083f00000, 0x0000000083f00000, 0x0000000084000000|  0%| F|  |TAMS 0x0000000083f00000, 0x0000000083f00000| Untracked 
|  64|0x0000000084000000, 0x0000000084000000, 0x0000000084100000|  0%| F|  |TAMS 0x0000000084000000, 0x0000000084000000| Untracked 
|  65|0x0000000084100000, 0x0000000084100000, 0x0000000084200000|  0%| F|  |TAMS 0x0000000084100000, 0x0000000084100000| Untracked 
|  66|0x0000000084200000, 0x0000000084200000, 0x0000000084300000|  0%| F|  |TAMS 0x0000000084200000, 0x0000000084200000| Untracked 
|  67|0x0000000084300000, 0x0000000084300000, 0x0000000084400000|  0%| F|  |TAMS 0x0000000084300000, 0x0000000084300000| Untracked 
|  68|0x0000000084400000, 0x0000000084400000, 0x0000000084500000|  0%| F|  |TAMS 0x0000000084400000, 0x0000000084400000| Untracked 
|  69|0x0000000084500000, 0x0000000084500000, 0x0000000084600000|  0%| F|  |TAMS 0x0000000084500000, 0x0000000084500000| Untracked 
|  70|0x0000000084600000, 0x0000000084600000, 0x0000000084700000|  0%| F|  |TAMS 0x0000000084600000, 0x0000000084600000| Untracked 
|  71|0x0000000084700000, 0x0000000084700000, 0x0000000084800000|  0%| F|  |TAMS 0x0000000084700000, 0x0000000084700000| Untracked 
|  72|0x0000000084800000, 0x0000000084800000, 0x0000000084900000|  0%| F|  |TAMS 0x0000000084800000, 0x0000000084800000| Untracked 
|  73|0x0000000084900000, 0x0000000084900000, 0x0000000084a00000|  0%| F|  |TAMS 0x0000000084900000, 0x0000000084900000| Untracked 
|  74|0x0000000084a00000, 0x0000000084a00000, 0x0000000084b00000|  0%| F|  |TAMS 0x0000000084a00000, 0x0000000084a00000| Untracked 
|  75|0x0000000084b00000, 0x0000000084b00000, 0x0000000084c00000|  0%| F|  |TAMS 0x0000000084b00000, 0x0000000084b00000| Untracked 
|  76|0x0000000084c00000, 0x0000000084c00000, 0x0000000084d00000|  0%| F|  |TAMS 0x0000000084c00000, 0x0000000084c00000| Untracked 
|  77|0x0000000084d00000, 0x0000000084d00000, 0x0000000084e00000|  0%| F|  |TAMS 0x0000000084d00000, 0x0000000084d00000| Untracked 
|  78|0x0000000084e00000, 0x0000000084e00000, 0x0000000084f00000|  0%| F|  |TAMS 0x0000000084e00000, 0x0000000084e00000| Untracked 
|  79|0x0000000084f00000, 0x0000000084f00000, 0x0000000085000000|  0%| F|  |TAMS 0x0000000084f00000, 0x0000000084f00000| Untracked 
|  80|0x0000000085000000, 0x0000000085000000, 0x0000000085100000|  0%| F|  |TAMS 0x0000000085000000, 0x0000000085000000| Untracked 
|  81|0x0000000085100000, 0x0000000085100000, 0x0000000085200000|  0%| F|  |TAMS 0x0000000085100000, 0x0000000085100000| Untracked 
|  82|0x0000000085200000, 0x0000000085200000, 0x0000000085300000|  0%| F|  |TAMS 0x0000000085200000, 0x0000000085200000| Untracked 
|  83|0x0000000085300000, 0x0000000085300000, 0x0000000085400000|  0%| F|  |TAMS 0x0000000085300000, 0x0000000085300000| Untracked 
|  84|0x0000000085400000, 0x0000000085400000, 0x0000000085500000|  0%| F|  |TAMS 0x0000000085400000, 0x0000000085400000| Untracked 
|  85|0x0000000085500000, 0x0000000085500000, 0x0000000085600000|  0%| F|  |TAMS 0x0000000085500000, 0x0000000085500000| Untracked 
|  86|0x0000000085600000, 0x0000000085600000, 0x0000000085700000|  0%| F|  |TAMS 0x0000000085600000, 0x0000000085600000| Untracked 
|  87|0x0000000085700000, 0x0000000085700000, 0x0000000085800000|  0%| F|  |TAMS 0x0000000085700000, 0x0000000085700000| Untracked 
|  88|0x0000000085800000, 0x0000000085800000, 0x0000000085900000|  0%| F|  |TAMS 0x0000000085800000, 0x0000000085800000| Untracked 
|  89|0x0000000085900000, 0x0000000085900000, 0x0000000085a00000|  0%| F|  |TAMS 0x0000000085900000, 0x0000000085900000| Untracked 
|  90|0x0000000085a00000, 0x0000000085a00000, 0x0000000085b00000|  0%| F|  |TAMS 0x0000000085a00000, 0x0000000085a00000| Untracked 
|  91|0x0000000085b00000, 0x0000000085b00000, 0x0000000085c00000|  0%| F|  |TAMS 0x0000000085b00000, 0x0000000085b00000| Untracked 
|  92|0x0000000085c00000, 0x0000000085c00000, 0x0000000085d00000|  0%| F|  |TAMS 0x0000000085c00000, 0x0000000085c00000| Untracked 
|  93|0x0000000085d00000, 0x0000000085d00000, 0x0000000085e00000|  0%| F|  |TAMS 0x0000000085d00000, 0x0000000085d00000| Untracked 
|  94|0x0000000085e00000, 0x0000000085e00000, 0x0000000085f00000|  0%| F|  |TAMS 0x0000000085e00000, 0x0000000085e00000| Untracked 
|  95|0x0000000085f00000, 0x0000000085f00000, 0x0000000086000000|  0%| F|  |TAMS 0x0000000085f00000, 0x0000000085f00000| Untracked 
|  96|0x0000000086000000, 0x0000000086000000, 0x0000000086100000|  0%| F|  |TAMS 0x0000000086000000, 0x0000000086000000| Untracked 
|  97|0x0000000086100000, 0x0000000086100000, 0x0000000086200000|  0%| F|  |TAMS 0x0000000086100000, 0x0000000086100000| Untracked 
|  98|0x0000000086200000, 0x0000000086200000, 0x0000000086300000|  0%| F|  |TAMS 0x0000000086200000, 0x0000000086200000| Untracked 
|  99|0x0000000086300000, 0x0000000086300000, 0x0000000086400000|  0%| F|  |TAMS 0x0000000086300000, 0x0000000086300000| Untracked 
| 100|0x0000000086400000, 0x0000000086400000, 0x0000000086500000|  0%| F|  |TAMS 0x0000000086400000, 0x0000000086400000| Untracked 
| 101|0x0000000086500000, 0x0000000086500000, 0x0000000086600000|  0%| F|  |TAMS 0x0000000086500000, 0x0000000086500000| Untracked 
| 102|0x0000000086600000, 0x0000000086600000, 0x0000000086700000|  0%| F|  |TAMS 0x0000000086600000, 0x0000000086600000| Untracked 
| 103|0x0000000086700000, 0x0000000086700000, 0x0000000086800000|  0%| F|  |TAMS 0x0000000086700000, 0x0000000086700000| Untracked 
| 104|0x0000000086800000, 0x0000000086800000, 0x0000000086900000|  0%| F|  |TAMS 0x0000000086800000, 0x0000000086800000| Untracked 
| 105|0x0000000086900000, 0x0000000086900000, 0x0000000086a00000|  0%| F|  |TAMS 0x0000000086900000, 0x0000000086900000| Untracked 
| 106|0x0000000086a00000, 0x0000000086a00000, 0x0000000086b00000|  0%| F|  |TAMS 0x0000000086a00000, 0x0000000086a00000| Untracked 
| 107|0x0000000086b00000, 0x0000000086b00000, 0x0000000086c00000|  0%| F|  |TAMS 0x0000000086b00000, 0x0000000086b00000| Untracked 
| 108|0x0000000086c00000, 0x0000000086c00000, 0x0000000086d00000|  0%| F|  |TAMS 0x0000000086c00000, 0x0000000086c00000| Untracked 
| 109|0x0000000086d00000, 0x0000000086e00000, 0x0000000086e00000|100%| E|  |TAMS 0x0000000086d00000, 0x0000000086d00000| Complete 
| 110|0x0000000086e00000, 0x0000000086f00000, 0x0000000086f00000|100%| E|CS|TAMS 0x0000000086e00000, 0x0000000086e00000| Complete 
| 111|0x0000000086f00000, 0x0000000087000000, 0x0000000087000000|100%| E|CS|TAMS 0x0000000086f00000, 0x0000000086f00000| Complete 
| 112|0x0000000087000000, 0x0000000087100000, 0x0000000087100000|100%| E|CS|TAMS 0x0000000087000000, 0x0000000087000000| Complete 
| 113|0x0000000087100000, 0x0000000087200000, 0x0000000087200000|100%| E|CS|TAMS 0x0000000087100000, 0x0000000087100000| Complete 
| 114|0x0000000087200000, 0x0000000087300000, 0x0000000087300000|100%| E|CS|TAMS 0x0000000087200000, 0x0000000087200000| Complete 
| 115|0x0000000087300000, 0x0000000087400000, 0x0000000087400000|100%| E|CS|TAMS 0x0000000087300000, 0x0000000087300000| Complete 
| 116|0x0000000087400000, 0x0000000087500000, 0x0000000087500000|100%| E|CS|TAMS 0x0000000087400000, 0x0000000087400000| Complete 
| 117|0x0000000087500000, 0x0000000087600000, 0x0000000087600000|100%| E|CS|TAMS 0x0000000087500000, 0x0000000087500000| Complete 
| 118|0x0000000087600000, 0x0000000087700000, 0x0000000087700000|100%| E|CS|TAMS 0x0000000087600000, 0x0000000087600000| Complete 
| 119|0x0000000087700000, 0x0000000087800000, 0x0000000087800000|100%| E|CS|TAMS 0x0000000087700000, 0x0000000087700000| Complete 
| 120|0x0000000087800000, 0x0000000087900000, 0x0000000087900000|100%| E|CS|TAMS 0x0000000087800000, 0x0000000087800000| Complete 
| 121|0x0000000087900000, 0x0000000087a00000, 0x0000000087a00000|100%| E|CS|TAMS 0x0000000087900000, 0x0000000087900000| Complete 
| 122|0x0000000087a00000, 0x0000000087b00000, 0x0000000087b00000|100%| E|CS|TAMS 0x0000000087a00000, 0x0000000087a00000| Complete 
| 123|0x0000000087b00000, 0x0000000087c00000, 0x0000000087c00000|100%| E|CS|TAMS 0x0000000087b00000, 0x0000000087b00000| Complete 
| 124|0x0000000087c00000, 0x0000000087d00000, 0x0000000087d00000|100%| E|CS|TAMS 0x0000000087c00000, 0x0000000087c00000| Complete 
| 125|0x0000000087d00000, 0x0000000087e00000, 0x0000000087e00000|100%| E|CS|TAMS 0x0000000087d00000, 0x0000000087d00000| Complete 

Card table byte_map: [0x000002c1f24f0000,0x000002c1f28f0000] _byte_map_base: 0x000002c1f20f0000

Marking Bits (Prev, Next): (CMBitMap*) 0x000002c1e9686e20, (CMBitMap*) 0x000002c1e9686de8
 Prev Bits: [0x000002c1f4cf0000, 0x000002c1f6cf0000)
 Next Bits: [0x000002c1f2cf0000, 0x000002c1f4cf0000)

Polling page: 0x000002c1e7600000

Metaspace:

Usage:
  Non-class:     36.13 MB capacity,    35.45 MB ( 98%) used,   587.34 KB (  2%) free+waste,   107.75 KB ( <1%) overhead. 
      Class:      5.49 MB capacity,     5.09 MB ( 93%) used,   363.38 KB (  6%) free+waste,    52.25 KB ( <1%) overhead. 
       Both:     41.62 MB capacity,    40.54 MB ( 97%) used,   950.73 KB (  2%) free+waste,   160.00 KB ( <1%) overhead. 

Virtual space:
  Non-class space:       38.00 MB reserved,      36.33 MB ( 96%) committed 
      Class space:      504.00 MB reserved,       5.57 MB (  1%) committed 
             Both:      542.00 MB reserved,      41.90 MB (  8%) committed 

Chunk freelists:
   Non-Class:  10.00 KB
       Class:  7.00 KB
        Both:  17.00 KB

MaxMetaspaceSize: 512.00 MB
CompressedClassSpaceSize: 504.00 MB
Initial GC threshold: 20.80 MB
Current GC threshold: 68.80 MB
CDS: off

CodeHeap 'non-profiled nmethods': size=120000Kb used=2133Kb max_used=2133Kb free=117866Kb
 bounds [0x000002c187ad0000, 0x000002c187d40000, 0x000002c18f000000]
CodeHeap 'profiled nmethods': size=120000Kb used=8435Kb max_used=8435Kb free=111564Kb
 bounds [0x000002c1805a0000, 0x000002c180de0000, 0x000002c187ad0000]
CodeHeap 'non-nmethods': size=5760Kb used=2274Kb max_used=2316Kb free=3485Kb
 bounds [0x000002c180000000, 0x000002c180270000, 0x000002c1805a0000]
 total_blobs=4733 nmethods=3964 adapters=681
 compilation: enabled
              stopped_count=0, restarted_count=0
 full_count=0

Compilation events (20 events):
Event: 109.013 Thread 0x000002c1f974b000 nmethod 3986 0x000002c180dd9a10 code [0x000002c180dd9c00, 0x000002c180dda138]
Event: 109.013 Thread 0x000002c1f974b000 3987       3       java.util.stream.Collectors::castingIdentity (6 bytes)
Event: 109.013 Thread 0x000002c1f974b000 nmethod 3987 0x000002c180dda310 code [0x000002c180dda4e0, 0x000002c180dda718]
Event: 109.013 Thread 0x000002c1f974b000 3988       3       java.util.concurrent.locks.AbstractQueuedSynchronizer$ConditionObject::signal (33 bytes)
Event: 109.013 Thread 0x000002c1f974b000 nmethod 3988 0x000002c180dda810 code [0x000002c180ddaa00, 0x000002c180ddad28]
Event: 116.008 Thread 0x000002c1f974b000 3989       3       org.gradle.internal.time.MonotonicClock::getCurrentTime (70 bytes)
Event: 116.011 Thread 0x000002c1f974b000 nmethod 3989 0x000002c180ddae90 code [0x000002c180ddb0e0, 0x000002c180ddb958]
Event: 116.011 Thread 0x000002c1f974b000 3990       3       org.gradle.internal.time.MonotonicClock::syncIsDue (28 bytes)
Event: 116.011 Thread 0x000002c1f974b000 nmethod 3990 0x000002c180ddbd90 code [0x000002c180ddbf40, 0x000002c180ddc178]
Event: 116.011 Thread 0x000002c1f974b000 3991       3       org.gradle.internal.time.MonotonicClock::advance (33 bytes)
Event: 116.012 Thread 0x000002c1f974b000 nmethod 3991 0x000002c180ddc290 code [0x000002c180ddc460, 0x000002c180ddc718]
Event: 117.717 Thread 0x000002c1f974b000 3992       3       org.gradle.launcher.daemon.context.DefaultDaemonContext::<init> (44 bytes)
Event: 117.746 Thread 0x000002c1f974b000 nmethod 3992 0x000002c180ddc890 code [0x000002c180ddca60, 0x000002c180ddce58]
Event: 118.967 Thread 0x000002c1f9748000 3993       4       java.util.stream.AbstractPipeline::sequential (10 bytes)
Event: 118.967 Thread 0x000002c1f9748000 nmethod 3993 0x000002c187ce4690 code [0x000002c187ce4820, 0x000002c187ce4898]
Event: 125.009 Thread 0x000002c1f9748000 3994       4       java.util.Collection::stream (11 bytes)
Event: 125.026 Thread 0x000002c1f9748000 nmethod 3994 0x000002c187ce4990 code [0x000002c187ce4b40, 0x000002c187ce4eb8]
Event: 125.026 Thread 0x000002c1f9748000 3995       4       java.util.Collections$UnmodifiableCollection::contains (11 bytes)
Event: 125.027 Thread 0x000002c1f9748000 nmethod 3995 0x000002c187ce5090 code [0x000002c187ce5220, 0x000002c187ce52b8]
Event: 126.079 Thread 0x000002c1f9748000 3996       4       javax.management.ObjectName::construct (1135 bytes)

GC Heap History (14 events):
Event: 9.217 GC heap before
{Heap before GC invocations=0 (full 0):
 garbage-first heap   total 129024K, used 27648K [0x0000000080000000, 0x0000000100000000)
  region size 1024K, 24 young (24576K), 0 survivors (0K)
 Metaspace       used 10125K, capacity 10334K, committed 10624K, reserved 526336K
  class space    used 1032K, capacity 1107K, committed 1152K, reserved 516096K
}
Event: 9.427 GC heap after
{Heap after GC invocations=1 (full 0):
 garbage-first heap   total 129024K, used 10576K [0x0000000080000000, 0x0000000100000000)
  region size 1024K, 3 young (3072K), 3 survivors (3072K)
 Metaspace       used 10125K, capacity 10334K, committed 10624K, reserved 526336K
  class space    used 1032K, capacity 1107K, committed 1152K, reserved 516096K
}
Event: 43.261 GC heap before
{Heap before GC invocations=1 (full 0):
 garbage-first heap   total 129024K, used 84304K [0x0000000080000000, 0x0000000100000000)
  region size 1024K, 75 young (76800K), 3 survivors (3072K)
 Metaspace       used 18527K, capacity 18889K, committed 18944K, reserved 534528K
  class space    used 2138K, capacity 2278K, committed 2304K, reserved 516096K
}
Event: 43.672 GC heap after
{Heap after GC invocations=2 (full 0):
 garbage-first heap   total 129024K, used 17888K [0x0000000080000000, 0x0000000100000000)
  region size 1024K, 10 young (10240K), 10 survivors (10240K)
 Metaspace       used 18527K, capacity 18889K, committed 18944K, reserved 534528K
  class space    used 2138K, capacity 2278K, committed 2304K, reserved 516096K
}
Event: 45.006 GC heap before
{Heap before GC invocations=2 (full 0):
 garbage-first heap   total 129024K, used 35296K [0x0000000080000000, 0x0000000100000000)
  region size 1024K, 28 young (28672K), 10 survivors (10240K)
 Metaspace       used 20757K, capacity 21165K, committed 21296K, reserved 536576K
  class space    used 2474K, capacity 2620K, committed 2688K, reserved 516096K
}
Event: 45.082 GC heap after
{Heap after GC invocations=3 (full 0):
 garbage-first heap   total 129024K, used 19260K [0x0000000080000000, 0x0000000100000000)
  region size 1024K, 1 young (1024K), 1 survivors (1024K)
 Metaspace       used 20757K, capacity 21165K, committed 21296K, reserved 536576K
  class space    used 2474K, capacity 2620K, committed 2688K, reserved 516096K
}
Event: 48.709 GC heap before
{Heap before GC invocations=4 (full 0):
 garbage-first heap   total 129024K, used 64316K [0x0000000080000000, 0x0000000100000000)
  region size 1024K, 46 young (47104K), 1 survivors (1024K)
 Metaspace       used 24899K, capacity 25466K, committed 25648K, reserved 538624K
  class space    used 3142K, capacity 3353K, committed 3456K, reserved 516096K
}
Event: 48.714 GC heap after
{Heap after GC invocations=5 (full 0):
 garbage-first heap   total 129024K, used 20712K [0x0000000080000000, 0x0000000100000000)
  region size 1024K, 3 young (3072K), 3 survivors (3072K)
 Metaspace       used 24899K, capacity 25466K, committed 25648K, reserved 538624K
  class space    used 3142K, capacity 3353K, committed 3456K, reserved 516096K
}
Event: 54.725 GC heap before
{Heap before GC invocations=5 (full 0):
 garbage-first heap   total 129024K, used 71912K [0x0000000080000000, 0x0000000100000000)
  region size 1024K, 53 young (54272K), 3 survivors (3072K)
 Metaspace       used 30064K, capacity 30746K, committed 30896K, reserved 542720K
  class space    used 3936K, capacity 4247K, committed 4352K, reserved 516096K
}
Event: 54.737 GC heap after
{Heap after GC invocations=6 (full 0):
 garbage-first heap   total 129024K, used 22553K [0x0000000080000000, 0x0000000100000000)
  region size 1024K, 5 young (5120K), 5 survivors (5120K)
 Metaspace       used 30064K, capacity 30746K, committed 30896K, reserved 542720K
  class space    used 3936K, capacity 4247K, committed 4352K, reserved 516096K
}
Event: 56.917 GC heap before
{Heap before GC invocations=6 (full 0):
 garbage-first heap   total 129024K, used 49177K [0x0000000080000000, 0x0000000100000000)
  region size 1024K, 32 young (32768K), 5 survivors (5120K)
 Metaspace       used 35009K, capacity 35825K, committed 35920K, reserved 548864K
  class space    used 4474K, capacity 4813K, committed 4864K, reserved 516096K
}
Event: 56.941 GC heap after
{Heap after GC invocations=7 (full 0):
 garbage-first heap   total 129024K, used 24627K [0x0000000080000000, 0x0000000100000000)
  region size 1024K, 7 young (7168K), 7 survivors (7168K)
 Metaspace       used 35009K, capacity 35825K, committed 35920K, reserved 548864K
  class space    used 4474K, capacity 4813K, committed 4864K, reserved 516096K
}
Event: 81.273 GC heap before
{Heap before GC invocations=8 (full 0):
 garbage-first heap   total 129024K, used 85043K [0x0000000080000000, 0x0000000100000000)
  region size 1024K, 63 young (64512K), 7 survivors (7168K)
 Metaspace       used 40948K, capacity 42029K, committed 42268K, reserved 552960K
  class space    used 5129K, capacity 5530K, committed 5580K, reserved 516096K
}
Event: 81.633 GC heap after
{Heap after GC invocations=9 (full 0):
 garbage-first heap   total 129024K, used 29210K [0x0000000080000000, 0x0000000100000000)
  region size 1024K, 8 young (8192K), 8 survivors (8192K)
 Metaspace       used 40948K, capacity 42029K, committed 42268K, reserved 552960K
  class space    used 5129K, capacity 5530K, committed 5580K, reserved 516096K
}

Deoptimization events (20 events):
Event: 68.794 Thread 0x000002c1fa346000 DEOPT PACKING pc=0x000002c187c713e0 sp=0x000000d4331f7c30
Event: 68.794 Thread 0x000002c1fa346000 DEOPT UNPACKING pc=0x000002c18004a1af sp=0x000000d4331f7af8 mode 2
Event: 68.829 Thread 0x000002c1fa346000 DEOPT PACKING pc=0x000002c18066369b sp=0x000000d4331f69d0
Event: 68.829 Thread 0x000002c1fa346000 DEOPT UNPACKING pc=0x000002c18004a95e sp=0x000000d4331f5f10 mode 0
Event: 82.432 Thread 0x000002c1fa346000 Uncommon trap: trap_request=0xffffff4d fr.pc=0x000002c187b8ca20 relative=0x0000000000001360
Event: 82.432 Thread 0x000002c1fa346000 Uncommon trap: reason=unstable_if action=reinterpret pc=0x000002c187b8ca20 method=java.util.concurrent.ConcurrentHashMap.putVal(Ljava/lang/Object;Ljava/lang/Object;Z)Ljava/lang/Object; @ 231 c2
Event: 82.432 Thread 0x000002c1fa346000 DEOPT PACKING pc=0x000002c187b8ca20 sp=0x000000d4331f6c60
Event: 82.432 Thread 0x000002c1fa346000 DEOPT UNPACKING pc=0x000002c18004a1af sp=0x000000d4331f6be0 mode 2
Event: 106.720 Thread 0x000002c1fa346000 Uncommon trap: trap_request=0xffffff4d fr.pc=0x000002c187c98414 relative=0x0000000000000694
Event: 106.975 Thread 0x000002c1fa346000 Uncommon trap: reason=unstable_if action=reinterpret pc=0x000002c187c98414 method=java.io.BufferedInputStream.read([BII)I @ 56 c2
Event: 106.975 Thread 0x000002c1fa346000 DEOPT PACKING pc=0x000002c187c98414 sp=0x000000d4331f7e00
Event: 106.975 Thread 0x000002c1fa346000 DEOPT UNPACKING pc=0x000002c18004a1af sp=0x000000d4331f7dd8 mode 2
Event: 106.994 Thread 0x000002c1fa346000 Uncommon trap: trap_request=0xffffffde fr.pc=0x000002c187c713e0 relative=0x0000000000000440
Event: 106.994 Thread 0x000002c1fa346000 Uncommon trap: reason=class_check action=maybe_recompile pc=0x000002c187c713e0 method=java.util.regex.Pattern$Start.match(Ljava/util/regex/Matcher;ILjava/lang/CharSequence;)Z @ 44 c2
Event: 106.994 Thread 0x000002c1fa346000 DEOPT PACKING pc=0x000002c187c713e0 sp=0x000000d4331f5cb0
Event: 106.994 Thread 0x000002c1fa346000 DEOPT UNPACKING pc=0x000002c18004a1af sp=0x000000d4331f5b78 mode 2
Event: 106.994 Thread 0x000002c1fa346000 Uncommon trap: trap_request=0xffffffde fr.pc=0x000002c187c61528 relative=0x0000000000000428
Event: 106.994 Thread 0x000002c1fa346000 Uncommon trap: reason=class_check action=maybe_recompile pc=0x000002c187c61528 method=java.util.regex.Pattern$Start.match(Ljava/util/regex/Matcher;ILjava/lang/CharSequence;)Z @ 44 c2
Event: 106.994 Thread 0x000002c1fa346000 DEOPT PACKING pc=0x000002c187c61528 sp=0x000000d4331f5c40
Event: 106.994 Thread 0x000002c1fa346000 DEOPT UNPACKING pc=0x000002c18004a1af sp=0x000000d4331f5b80 mode 2

Classes redefined (0 events):
No events

Internal exceptions (20 events):
Event: 83.499 Thread 0x000002c1fa346000 Exception <a 'java/lang/NoSuchMethodError'{0x000000008737e558}: 'java.lang.Object java.lang.invoke.DirectMethodHandle$Holder.invokeStatic(java.lang.Object, long)'> (0x000000008737e558) thrown at [./src/hotspot/share/interpreter/linkResolver.cpp, line 773]
Event: 83.499 Thread 0x000002c1fa346000 Exception <a 'java/lang/NoSuchMethodError'{0x0000000087382ad0}: 'java.lang.Object java.lang.invoke.DirectMethodHandle$Holder.invokeSpecial(java.lang.Object, java.lang.Object, long)'> (0x0000000087382ad0) thrown at [./src/hotspot/share/interpreter/linkResolver.cpp, line 773]
Event: 83.506 Thread 0x000002c1fa346000 Exception <a 'java/lang/NoSuchMethodError'{0x000000008738b5f8}: 'java.lang.Object java.lang.invoke.DirectMethodHandle$Holder.invokeStatic(java.lang.Object, java.lang.Object, long, java.lang.Object)'> (0x000000008738b5f8) thrown at [./src/hotspot/share/interpreter/linkResolver.cpp, line 773]
Event: 83.506 Thread 0x000002c1fa346000 Exception <a 'java/lang/NoSuchMethodError'{0x000000008738f6d0}: 'java.lang.Object java.lang.invoke.DirectMethodHandle$Holder.invokeStaticInit(java.lang.Object, java.lang.Object, long, java.lang.Object)'> (0x000000008738f6d0) thrown at [./src/hotspot/share/interpreter/linkResolver.cpp, line 773]
Event: 83.528 Thread 0x000002c1fa346000 Exception <a 'java/lang/ClassNotFoundException'{0x00000000873b4cb8}: java/lang/ProcessImplBeanInfo> (0x00000000873b4cb8) thrown at [./src/hotspot/share/classfile/systemDictionary.cpp, line 230]
Event: 83.529 Thread 0x000002c1fa346000 Exception <a 'java/lang/ClassNotFoundException'{0x00000000873ba6a8}: java/lang/ProcessBeanInfo> (0x00000000873ba6a8) thrown at [./src/hotspot/share/classfile/systemDictionary.cpp, line 230]
Event: 83.529 Thread 0x000002c1fa346000 Exception <a 'java/lang/ClassNotFoundException'{0x00000000873c0060}: java/lang/ProcessCustomizer> (0x00000000873c0060) thrown at [./src/hotspot/share/classfile/systemDictionary.cpp, line 230]
Event: 83.532 Thread 0x000002c1fa346000 Exception <a 'java/lang/ClassNotFoundException'{0x00000000873d06a8}: java/lang/ProcessImplCustomizer> (0x00000000873d06a8) thrown at [./src/hotspot/share/classfile/systemDictionary.cpp, line 230]
Event: 83.542 Thread 0x000002c1fa346000 Exception <a 'java/lang/ClassNotFoundException'{0x0000000087222b48}: java/io/InputStreamReaderBeanInfo> (0x0000000087222b48) thrown at [./src/hotspot/share/classfile/systemDictionary.cpp, line 230]
Event: 83.542 Thread 0x000002c1fa346000 Exception <a 'java/lang/ClassNotFoundException'{0x00000000872284b0}: java/io/ReaderBeanInfo> (0x00000000872284b0) thrown at [./src/hotspot/share/classfile/systemDictionary.cpp, line 230]
Event: 83.542 Thread 0x000002c1fa346000 Exception <a 'java/lang/ClassNotFoundException'{0x000000008722de30}: java/io/ReaderCustomizer> (0x000000008722de30) thrown at [./src/hotspot/share/classfile/systemDictionary.cpp, line 230]
Event: 83.543 Thread 0x000002c1fa346000 Exception <a 'java/lang/ClassNotFoundException'{0x0000000087238be8}: java/io/InputStreamReaderCustomizer> (0x0000000087238be8) thrown at [./src/hotspot/share/classfile/systemDictionary.cpp, line 230]
Event: 83.597 Thread 0x000002c1fa346000 Exception <a 'java/lang/ClassNotFoundException'{0x000000008725cc70}: java/io/BufferedReaderBeanInfo> (0x000000008725cc70) thrown at [./src/hotspot/share/classfile/systemDictionary.cpp, line 230]
Event: 83.597 Thread 0x000002c1fa346000 Exception <a 'java/lang/ClassNotFoundException'{0x0000000087262630}: java/io/BufferedReaderCustomizer> (0x0000000087262630) thrown at [./src/hotspot/share/classfile/systemDictionary.cpp, line 230]
Event: 83.650 Thread 0x000002c1fa346000 Exception <a 'java/lang/ClassNotFoundException'{0x0000000087199b50}: java/lang/StringBufferBeanInfo> (0x0000000087199b50) thrown at [./src/hotspot/share/classfile/systemDictionary.cpp, line 230]
Event: 83.650 Thread 0x000002c1fa346000 Exception <a 'java/lang/ClassNotFoundException'{0x000000008719f588}: java/lang/AbstractStringBuilderBeanInfo> (0x000000008719f588) thrown at [./src/hotspot/share/classfile/systemDictionary.cpp, line 230]
Event: 83.651 Thread 0x000002c1fa346000 Exception <a 'java/lang/ClassNotFoundException'{0x00000000871a50f8}: java/lang/AbstractStringBuilderCustomizer> (0x00000000871a50f8) thrown at [./src/hotspot/share/classfile/systemDictionary.cpp, line 230]
Event: 83.658 Thread 0x000002c1fa346000 Exception <a 'java/lang/ClassNotFoundException'{0x0000000087088a58}: java/lang/StringBufferCustomizer> (0x0000000087088a58) thrown at [./src/hotspot/share/classfile/systemDictionary.cpp, line 230]
Event: 106.991 Thread 0x000002c1fa346000 Exception <a 'java/lang/ClassNotFoundException'{0x0000000086d296c8}: java/lang/StringBeanInfo> (0x0000000086d296c8) thrown at [./src/hotspot/share/classfile/systemDictionary.cpp, line 230]
Event: 106.992 Thread 0x000002c1fa346000 Exception <a 'java/lang/ClassNotFoundException'{0x0000000086d2f080}: java/lang/StringCustomizer> (0x0000000086d2f080) thrown at [./src/hotspot/share/classfile/systemDictionary.cpp, line 230]

Events (20 events):
Event: 105.923 loading class groovy/lang/GroovyRuntimeException
Event: 105.923 loading class groovy/lang/GroovyRuntimeException done
Event: 106.720 Executing VM operation: RevokeBias
Event: 106.975 Executing VM operation: RevokeBias done
Event: 106.976 loading class groovy/lang/GroovyRuntimeException
Event: 106.976 loading class groovy/lang/GroovyRuntimeException done
Event: 106.977 loading class org/codehaus/groovy/runtime/typehandling/DefaultTypeTransformation
Event: 106.977 loading class org/codehaus/groovy/runtime/typehandling/DefaultTypeTransformation done
Event: 106.977 loading class groovy/runtime/metaclass/java/lang/StringMetaClass
Event: 106.977 loading class groovy/runtime/metaclass/java/lang/StringMetaClass done
Event: 106.991 loading class java/lang/StringBeanInfo
Event: 106.991 loading class java/lang/StringBeanInfo done
Event: 106.991 loading class java/lang/StringBeanInfo
Event: 106.991 loading class java/lang/StringBeanInfo done
Event: 106.992 loading class java/lang/StringCustomizer
Event: 106.992 loading class java/lang/StringCustomizer done
Event: 106.992 loading class java/lang/StringCustomizer
Event: 106.992 loading class java/lang/StringCustomizer done
Event: 107.005 loading class org/codehaus/groovy/runtime/dgm$1154
Event: 107.005 loading class org/codehaus/groovy/runtime/dgm$1154 done


Dynamic libraries:
0x00007ff7b4d00000 - 0x00007ff7b4d0d000 	C:\Program Files\Microsoft\jdk-11.0.18.10-hotspot\bin\java.exe
0x00007ffe02350000 - 0x00007ffe02548000 	C:\Windows\SYSTEM32\ntdll.dll
0x00007ffe01710000 - 0x00007ffe017cf000 	C:\Windows\System32\KERNEL32.DLL
0x00007ffdffae0000 - 0x00007ffdffdd6000 	C:\Windows\System32\KERNELBASE.dll
0x00007ffdffeb0000 - 0x00007ffdfffb0000 	C:\Windows\System32\ucrtbase.dll
0x00007ffdc7bb0000 - 0x00007ffdc7bc5000 	C:\Program Files\Microsoft\jdk-11.0.18.10-hotspot\bin\VCRUNTIME140.dll
0x00007ffdc5bc0000 - 0x00007ffdc5bd7000 	C:\Program Files\Microsoft\jdk-11.0.18.10-hotspot\bin\jli.dll
0x00007ffe01250000 - 0x00007ffe013ed000 	C:\Windows\System32\USER32.dll
0x00007ffe00380000 - 0x00007ffe003a2000 	C:\Windows\System32\win32u.dll
0x00007ffe003b0000 - 0x00007ffe003dc000 	C:\Windows\System32\GDI32.dll
0x00007ffe00210000 - 0x00007ffe00325000 	C:\Windows\System32\gdi32full.dll
0x00007ffde7460000 - 0x00007ffde76fa000 	C:\Windows\WinSxS\amd64_microsoft.windows.common-controls_6595b64144ccf1df_6.0.19041.1110_none_60b5254171f9507e\COMCTL32.dll
0x00007ffe01670000 - 0x00007ffe0170e000 	C:\Windows\System32\msvcrt.dll
0x00007ffdffe10000 - 0x00007ffdffead000 	C:\Windows\System32\msvcp_win.dll
0x00007ffe013f0000 - 0x00007ffe01420000 	C:\Windows\System32\IMM32.DLL
0x00007ffdb17b0000 - 0x00007ffdb184b000 	C:\Program Files\Microsoft\jdk-11.0.18.10-hotspot\bin\msvcp140.dll
0x00007ffd8f610000 - 0x00007ffd901a2000 	C:\Program Files\Microsoft\jdk-11.0.18.10-hotspot\bin\server\jvm.dll
0x00007ffe01900000 - 0x00007ffe019af000 	C:\Windows\System32\ADVAPI32.dll
0x00007ffe01860000 - 0x00007ffe018fc000 	C:\Windows\System32\sechost.dll
0x00007ffe01ef0000 - 0x00007ffe02016000 	C:\Windows\System32\RPCRT4.dll
0x00007ffe021d0000 - 0x00007ffe021d8000 	C:\Windows\System32\PSAPI.DLL
0x00007ffdc4f70000 - 0x00007ffdc4f79000 	C:\Windows\SYSTEM32\WSOCK32.dll
0x00007ffe014d0000 - 0x00007ffe0153b000 	C:\Windows\System32\WS2_32.dll
0x00007ffdec180000 - 0x00007ffdec1a7000 	C:\Windows\SYSTEM32\WINMM.dll
0x00007ffdf9020000 - 0x00007ffdf902a000 	C:\Windows\SYSTEM32\VERSION.dll
0x00007ffdfe4a0000 - 0x00007ffdfe4b2000 	C:\Windows\SYSTEM32\kernel.appcore.dll
0x00007ffde2ce0000 - 0x00007ffde2cf0000 	C:\Program Files\Microsoft\jdk-11.0.18.10-hotspot\bin\verify.dll
0x00007ffdfe030000 - 0x00007ffdfe214000 	C:\Windows\SYSTEM32\DBGHELP.DLL
0x00007ffde7c60000 - 0x00007ffde7c94000 	C:\Windows\SYSTEM32\dbgcore.DLL
0x00007ffe00180000 - 0x00007ffe00202000 	C:\Windows\System32\bcryptPrimitives.dll
0x00007ffdbde80000 - 0x00007ffdbdea8000 	C:\Program Files\Microsoft\jdk-11.0.18.10-hotspot\bin\java.dll
0x00007ffde1840000 - 0x00007ffde184a000 	C:\Program Files\Microsoft\jdk-11.0.18.10-hotspot\bin\jimage.dll
0x00007ffdbde60000 - 0x00007ffdbde78000 	C:\Program Files\Microsoft\jdk-11.0.18.10-hotspot\bin\zip.dll
0x00007ffe00560000 - 0x00007ffe00ca4000 	C:\Windows\System32\SHELL32.dll
0x00007ffdfd880000 - 0x00007ffdfe014000 	C:\Windows\SYSTEM32\windows.storage.dll
0x00007ffe01a20000 - 0x00007ffe01d74000 	C:\Windows\System32\combase.dll
0x00007ffdff470000 - 0x00007ffdff49e000 	C:\Windows\SYSTEM32\Wldp.dll
0x00007ffe02260000 - 0x00007ffe0230d000 	C:\Windows\System32\SHCORE.dll
0x00007ffe021e0000 - 0x00007ffe02235000 	C:\Windows\System32\shlwapi.dll
0x00007ffdff960000 - 0x00007ffdff985000 	C:\Windows\SYSTEM32\profapi.dll
0x00007ffdbd810000 - 0x00007ffdbd829000 	C:\Program Files\Microsoft\jdk-11.0.18.10-hotspot\bin\net.dll
0x00007ffdfacb0000 - 0x00007ffdfadba000 	C:\Windows\SYSTEM32\WINHTTP.dll
0x00007ffdff180000 - 0x00007ffdff1ea000 	C:\Windows\system32\mswsock.dll
0x00007ffdbbf40000 - 0x00007ffdbbf53000 	C:\Program Files\Microsoft\jdk-11.0.18.10-hotspot\bin\nio.dll
0x00007ffdba3d0000 - 0x00007ffdba3f7000 	C:\Users\jivte\.gradle\native\68d5fa5c4cc2d200863cafc0d521ce42e7d3e7ee720ec0a83991735586a16f82\windows-amd64\native-platform.dll
0x00007ffda4700000 - 0x00007ffda4844000 	C:\Users\jivte\.gradle\native\e376f236ea51e6404a007f0833ffe2c6e607c4080706a723a18a27aeea778392\windows-amd64\native-platform-file-events.dll
0x00007ffde1690000 - 0x00007ffde1699000 	C:\Program Files\Microsoft\jdk-11.0.18.10-hotspot\bin\management.dll
0x00007ffddfd40000 - 0x00007ffddfd4b000 	C:\Program Files\Microsoft\jdk-11.0.18.10-hotspot\bin\management_ext.dll
0x00007ffdff340000 - 0x00007ffdff358000 	C:\Windows\SYSTEM32\CRYPTSP.dll
0x00007ffdfea40000 - 0x00007ffdfea74000 	C:\Windows\system32\rsaenh.dll
0x00007ffdffde0000 - 0x00007ffdffe07000 	C:\Windows\System32\bcrypt.dll
0x00007ffdff8e0000 - 0x00007ffdff90e000 	C:\Windows\SYSTEM32\USERENV.dll
0x00007ffdff330000 - 0x00007ffdff33c000 	C:\Windows\SYSTEM32\CRYPTBASE.dll
0x00007ffdfee40000 - 0x00007ffdfee7c000 	C:\Windows\SYSTEM32\IPHLPAPI.DLL
0x00007ffe01e00000 - 0x00007ffe01e08000 	C:\Windows\System32\NSI.dll
0x00007ffdf89d0000 - 0x00007ffdf89e7000 	C:\Windows\SYSTEM32\dhcpcsvc6.DLL
0x00007ffdf89b0000 - 0x00007ffdf89cd000 	C:\Windows\SYSTEM32\dhcpcsvc.DLL
0x00007ffdfee90000 - 0x00007ffdfef5a000 	C:\Windows\SYSTEM32\DNSAPI.dll

dbghelp: loaded successfully - version: 4.0.5 - missing functions: none
symbol engine: initialized successfully - sym options: 0x614 - pdb path: .;C:\Program Files\Microsoft\jdk-11.0.18.10-hotspot\bin;C:\Windows\SYSTEM32;C:\Windows\WinSxS\amd64_microsoft.windows.common-controls_6595b64144ccf1df_6.0.19041.1110_none_60b5254171f9507e;C:\Program Files\Microsoft\jdk-11.0.18.10-hotspot\bin\server;C:\Users\jivte\.gradle\native\68d5fa5c4cc2d200863cafc0d521ce42e7d3e7ee720ec0a83991735586a16f82\windows-amd64;C:\Users\jivte\.gradle\native\e376f236ea51e6404a007f0833ffe2c6e607c4080706a723a18a27aeea778392\windows-amd64

VM Arguments:
jvm_args: -XX:MaxMetaspaceSize=512m --add-opens=java.base/java.util=ALL-UNNAMED --add-opens=java.base/java.lang=ALL-UNNAMED --add-opens=java.base/java.lang.invoke=ALL-UNNAMED --add-opens=java.prefs/java.util.prefs=ALL-UNNAMED --add-opens=java.base/java.nio.charset=ALL-UNNAMED --add-opens=java.base/java.net=ALL-UNNAMED --add-opens=java.base/java.util.concurrent.atomic=ALL-UNNAMED -Xmx2048m -Dfile.encoding=windows-1252 -Duser.country=IN -Duser.language=en -Duser.variant 
java_command: org.gradle.launcher.daemon.bootstrap.GradleDaemon 8.0.1
java_class_path (initial): C:\Users\jivte\.gradle\wrapper\dists\gradle-8.0.1-all\aro4hu1c3oeioove7l0i4i14o\gradle-8.0.1\lib\gradle-launcher-8.0.1.jar
Launcher Type: SUN_STANDARD

[Global flags]
     intx CICompilerCount                          = 4                                         {product} {ergonomic}
   size_t CompressedClassSpaceSize                 = 528482304                                 {product} {ergonomic}
     uint ConcGCThreads                            = 2                                         {product} {ergonomic}
     uint G1ConcRefinementThreads                  = 8                                         {product} {ergonomic}
   size_t G1HeapRegionSize                         = 1048576                                   {product} {ergonomic}
    uintx GCDrainStackTargetSize                   = 64                                        {product} {ergonomic}
   size_t InitialHeapSize                          = 132120576                                 {product} {ergonomic}
   size_t MarkStackSize                            = 4194304                                   {product} {ergonomic}
   size_t MaxHeapSize                              = 2147483648                                {product} {command line}
   size_t MaxMetaspaceSize                         = 536870912                                 {product} {command line}
   size_t MaxNewSize                               = 1287651328                                {product} {ergonomic}
   size_t MinHeapDeltaBytes                        = 1048576                                   {product} {ergonomic}
    uintx NonNMethodCodeHeapSize                   = 5836300                                {pd product} {ergonomic}
    uintx NonProfiledCodeHeapSize                  = 122910970                              {pd product} {ergonomic}
    uintx ProfiledCodeHeapSize                     = 122910970                              {pd product} {ergonomic}
    uintx ReservedCodeCacheSize                    = 251658240                              {pd product} {ergonomic}
     bool SegmentedCodeCache                       = true                                      {product} {ergonomic}
     bool UseCompressedClassPointers               = true                                 {lp64_product} {ergonomic}
     bool UseCompressedOops                        = true                                 {lp64_product} {ergonomic}
     bool UseG1GC                                  = true                                      {product} {ergonomic}
     bool UseLargePagesIndividualAllocation        = false                                  {pd product} {ergonomic}

Logging:
Log output configuration:
 #0: stdout all=warning uptime,level,tags
 #1: stderr all=off uptime,level,tags

Environment Variables:
JAVA_HOME=C:\Program Files\Microsoft\jdk-11.0.18.10-hotspot\
CLASSPATH=C:\Users\jivte\Desktop\AwesomeProject\android\\gradle\wrapper\gradle-wrapper.jar
PATH=C:\Users\jivte\Desktop\AwesomeProject\node_modules\.bin;C:\Users\jivte\Desktop\AwesomeProject\node_modules\.bin;C:\Users\jivte\Desktop\node_modules\.bin;C:\Users\jivte\node_modules\.bin;C:\Users\node_modules\.bin;C:\node_modules\.bin;C:\Program Files\nodejs\node_modules\npm\node_modules\@npmcli\run-script\lib\node-gyp-bin;C:\Users\jivte\Desktop\AwesomeProject\node_modules\.bin;C:\Users\jivte\Desktop\node_modules\.bin;C:\Users\jivte\node_modules\.bin;C:\Users\node_modules\.bin;C:\node_modules\.bin;C:\Program Files\nodejs\node_modules\npm\node_modules\@npmcli\run-script\lib\node-gyp-bin;C:\Users\jivte\bin;C:\Program Files\Git\mingw64\bin;C:\Program Files\Git\usr\local\bin;C:\Program Files\Git\usr\bin;C:\Program Files\Git\usr\bin;C:\Program Files\Git\cmd;C:\Program Files\Microsoft\jdk-11.0.18.10-hotspot\bin;C:\Program Files (x86)\Common Files\Oracle\Java\javapath;C:\Windows\system32;C:\Windows;C:\Windows\System32\Wbem;C:\Windows\System32\WindowsPowerShell\v1.0;C:\Windows\System32\OpenSSH;C:\Program Files (x86)\NVIDIA Corporation\PhysX\Common;C:\Program Files\NVIDIA Corporation\NVIDIA NvDLISR;C:\Program Files\Git\cmd;C:\Program Files\Docker\Docker\resources\bin;C:\Program Files\Go\bin;C:\ProgramData\chocolatey\bin;C:\Program Files\nodejs;C:\Users\jivte\AppData\Local\Android\Sdk\platform-tools;C:\Program Files\MySQL\MySQL Shell 8.0\bin;C:\Users\jivte\anaconda3;C:\Users\jivte\anaconda3\Library\mingw-w64\bin;C:\Users\jivte\anaconda3\Library\usr\bin;C:\Users\jivte\anaconda3\Library\bin;C:\Users\jivte\anaconda3\Scripts;C:\Users\jivte\AppData\Local\Microsoft\WindowsApps;C:\Users\jivte\AppData\Local\atom\bin;C:\Users\jivte\AppData\Local\Programs\Hyper\resources\bin;C:\Program Files\heroku\bin;C:\MinGW\bin;C:\Users\jivte\AppData\Local\Programs\Microsoft VS Code\bin;C:\PATH_Programs;C:\Users\jivte\AppData\Local\Programs\Fiddler;C:\Users\jivte\go\bin;C:\Users\jivte\AppData\Roaming\npm;C:\Program Files\Git\usr\bin\vendor_perl;C:\Program Files\Git\usr\bin\core_perl
USERNAME=jivte
SHELL=C:\Program Files\Git\usr\bin\bash.exe
DISPLAY=needs-to-be-defined
LANG=en_US.UTF-8
TERM=cygwin
TMPDIR=C:\Users\jivte\AppData\Local\Temp
OS=Windows_NT
PROCESSOR_IDENTIFIER=Intel64 Family 6 Model 165 Stepping 2, GenuineIntel
TMP=C:\Users\jivte\AppData\Local\Temp
TEMP=C:\Users\jivte\AppData\Local\Temp



---------------  S Y S T E M  ---------------

OS: Windows 10 , 64 bit Build 19041 (10.0.19041.3155)
OS uptime: 0 days 4:15 hours
Hyper-V role detected

CPU:total 8 (initial active 8) (4 cores per cpu, 2 threads per core) family 6 model 165 stepping 2 microcode 0xe2, cmov, cx8, fxsr, mmx, sse, sse2, sse3, ssse3, sse4.1, sse4.2, popcnt, avx, avx2, aes, clmul, erms, 3dnowpref, lzcnt, ht, tsc, tscinvbit, bmi1, bmi2, adx, fma

Memory: 4k page, system-wide physical 8023M (15M free)
TotalPageFile size 32599M (AvailPageFile size 0M)
current process WorkingSet (physical memory assigned to process): 31M, peak: 189M
current process commit charge ("private bytes"): 298M, peak: 306M

vm_info: OpenJDK 64-Bit Server VM (11.0.18+10-LTS) for windows-amd64 JRE (11.0.18+10-LTS), built on Jan 18 2023 15:56:47 by "MicrosoftCorporation" with MS VC++ 15.9 (VS2017)

END.
